28441 execve("./listen", ["./listen", "--addr", "0.0.0.0:8080"], 0x7ffe40be3b68 /* 22 vars */) = 0
28441 brk(NULL)                         = 0x23c8000
28441 access("/etc/ld.so.nohwcap", F_OK) = -1 ENOENT (No such file or directory)
28441 access("/etc/ld.so.preload", R_OK) = -1 ENOENT (No such file or directory)
28441 openat(AT_FDCWD, "/etc/ld.so.cache", O_RDONLY|O_CLOEXEC) = 3
28441 fstat(3, {st_mode=S_IFREG|0644, st_size=26638, ...}) = 0
28441 mmap(NULL, 26638, PROT_READ, MAP_PRIVATE, 3, 0) = 0x7fb9f5eb7000
28441 close(3)                          = 0
28441 access("/etc/ld.so.nohwcap", F_OK) = -1 ENOENT (No such file or directory)
28441 openat(AT_FDCWD, "/lib/x86_64-linux-gnu/libpthread.so.0", O_RDONLY|O_CLOEXEC) = 3
28441 read(3, "\177ELF\2\1\1\0\0\0\0\0\0\0\0\0\3\0>\0\1\0\0\0000b\0\0\0\0\0\0"..., 832) = 832
28441 fstat(3, {st_mode=S_IFREG|0755, st_size=144976, ...}) = 0
28441 mmap(NULL, 8192, PROT_READ|PROT_WRITE, MAP_PRIVATE|MAP_ANONYMOUS, -1, 0) = 0x7fb9f5eb5000
28441 mmap(NULL, 2221184, PROT_READ|PROT_EXEC, MAP_PRIVATE|MAP_DENYWRITE, 3, 0) = 0x7fb9f5a78000
28441 mprotect(0x7fb9f5a92000, 2093056, PROT_NONE) = 0
28441 mmap(0x7fb9f5c91000, 8192, PROT_READ|PROT_WRITE, MAP_PRIVATE|MAP_FIXED|MAP_DENYWRITE, 3, 0x19000) = 0x7fb9f5c91000
28441 mmap(0x7fb9f5c93000, 13440, PROT_READ|PROT_WRITE, MAP_PRIVATE|MAP_FIXED|MAP_ANONYMOUS, -1, 0) = 0x7fb9f5c93000
28441 close(3)                          = 0
28441 access("/etc/ld.so.nohwcap", F_OK) = -1 ENOENT (No such file or directory)
28441 openat(AT_FDCWD, "/lib/x86_64-linux-gnu/libc.so.6", O_RDONLY|O_CLOEXEC) = 3
28441 read(3, "\177ELF\2\1\1\3\0\0\0\0\0\0\0\0\3\0>\0\1\0\0\0\260\34\2\0\0\0\0\0"..., 832) = 832
28441 fstat(3, {st_mode=S_IFREG|0755, st_size=2030544, ...}) = 0
28441 mmap(NULL, 4131552, PROT_READ|PROT_EXEC, MAP_PRIVATE|MAP_DENYWRITE, 3, 0) = 0x7fb9f5687000
28441 mprotect(0x7fb9f586e000, 2097152, PROT_NONE) = 0
28441 mmap(0x7fb9f5a6e000, 24576, PROT_READ|PROT_WRITE, MAP_PRIVATE|MAP_FIXED|MAP_DENYWRITE, 3, 0x1e7000) = 0x7fb9f5a6e000
28441 mmap(0x7fb9f5a74000, 15072, PROT_READ|PROT_WRITE, MAP_PRIVATE|MAP_FIXED|MAP_ANONYMOUS, -1, 0) = 0x7fb9f5a74000
28441 close(3)                          = 0
28441 mmap(NULL, 12288, PROT_READ|PROT_WRITE, MAP_PRIVATE|MAP_ANONYMOUS, -1, 0) = 0x7fb9f5eb2000
28441 arch_prctl(ARCH_SET_FS, 0x7fb9f5eb2740) = 0
28441 mprotect(0x7fb9f5a6e000, 16384, PROT_READ) = 0
28441 mprotect(0x7fb9f5c91000, 4096, PROT_READ) = 0
28441 mprotect(0x7fb9f5ebe000, 4096, PROT_READ) = 0
28441 munmap(0x7fb9f5eb7000, 26638)     = 0
28441 set_tid_address(0x7fb9f5eb2a10)   = 28441
28441 set_robust_list(0x7fb9f5eb2a20, 24) = 0
28441 rt_sigaction(SIGRTMIN, {sa_handler=0x7fb9f5a7dcb0, sa_mask=[], sa_flags=SA_RESTORER|SA_SIGINFO, sa_restorer=0x7fb9f5a8a890}, NULL, 8) = 0
28441 rt_sigaction(SIGRT_1, {sa_handler=0x7fb9f5a7dd50, sa_mask=[], sa_flags=SA_RESTORER|SA_RESTART|SA_SIGINFO, sa_restorer=0x7fb9f5a8a890}, NULL, 8) = 0
28441 rt_sigprocmask(SIG_UNBLOCK, [RTMIN RT_1], NULL, 8) = 0
28441 prlimit64(0, RLIMIT_STACK, NULL, {rlim_cur=8192*1024, rlim_max=RLIM64_INFINITY}) = 0
28441 brk(NULL)                         = 0x23c8000
28441 brk(0x23e9000)                    = 0x23e9000
28441 sched_getaffinity(0, 8192, [0, 1]) = 8
28441 mmap(NULL, 262144, PROT_READ|PROT_WRITE, MAP_PRIVATE|MAP_ANONYMOUS, -1, 0) = 0x7fb9f5e72000
28441 mmap(0xc000000000, 67108864, PROT_NONE, MAP_PRIVATE|MAP_ANONYMOUS, -1, 0) = 0xc000000000
28441 mmap(0xc000000000, 67108864, PROT_READ|PROT_WRITE, MAP_PRIVATE|MAP_FIXED|MAP_ANONYMOUS, -1, 0) = 0xc000000000
28441 mmap(NULL, 33554432, PROT_READ|PROT_WRITE, MAP_PRIVATE|MAP_ANONYMOUS, -1, 0) = 0x7fb9f3687000
28441 mmap(NULL, 2164736, PROT_READ|PROT_WRITE, MAP_PRIVATE|MAP_ANONYMOUS, -1, 0) = 0x7fb9f3476000
28441 mmap(NULL, 65536, PROT_READ|PROT_WRITE, MAP_PRIVATE|MAP_ANONYMOUS, -1, 0) = 0x7fb9f5e62000
28441 mmap(NULL, 65536, PROT_READ|PROT_WRITE, MAP_PRIVATE|MAP_ANONYMOUS, -1, 0) = 0x7fb9f5e52000
28441 rt_sigprocmask(SIG_SETMASK, NULL, [], 8) = 0
28441 sigaltstack(NULL, {ss_sp=NULL, ss_flags=SS_DISABLE, ss_size=0}) = 0
28441 sigaltstack({ss_sp=0xc000002000, ss_flags=0, ss_size=32768}, NULL) = 0
28441 rt_sigprocmask(SIG_SETMASK, [], NULL, 8) = 0
28441 gettid()                          = 28441
28441 rt_sigaction(SIGHUP, NULL, {sa_handler=SIG_DFL, sa_mask=[], sa_flags=0}, 8) = 0
28441 rt_sigaction(SIGHUP, {sa_handler=0x459040, sa_mask=~[], sa_flags=SA_RESTORER|SA_ONSTACK|SA_RESTART|SA_SIGINFO, sa_restorer=0x7fb9f5a8a890}, NULL, 8) = 0
28441 rt_sigaction(SIGINT, NULL, {sa_handler=SIG_DFL, sa_mask=[], sa_flags=0}, 8) = 0
28441 rt_sigaction(SIGINT, {sa_handler=0x459040, sa_mask=~[], sa_flags=SA_RESTORER|SA_ONSTACK|SA_RESTART|SA_SIGINFO, sa_restorer=0x7fb9f5a8a890}, NULL, 8) = 0
28441 rt_sigaction(SIGQUIT, NULL, {sa_handler=SIG_DFL, sa_mask=[], sa_flags=0}, 8) = 0
28441 rt_sigaction(SIGQUIT, {sa_handler=0x459040, sa_mask=~[], sa_flags=SA_RESTORER|SA_ONSTACK|SA_RESTART|SA_SIGINFO, sa_restorer=0x7fb9f5a8a890}, NULL, 8) = 0
28441 rt_sigaction(SIGILL, NULL, {sa_handler=SIG_DFL, sa_mask=[], sa_flags=0}, 8) = 0
28441 rt_sigaction(SIGILL, {sa_handler=0x459040, sa_mask=~[], sa_flags=SA_RESTORER|SA_ONSTACK|SA_RESTART|SA_SIGINFO, sa_restorer=0x7fb9f5a8a890}, NULL, 8) = 0
28441 rt_sigaction(SIGTRAP, NULL, {sa_handler=SIG_DFL, sa_mask=[], sa_flags=0}, 8) = 0
28441 rt_sigaction(SIGTRAP, {sa_handler=0x459040, sa_mask=~[], sa_flags=SA_RESTORER|SA_ONSTACK|SA_RESTART|SA_SIGINFO, sa_restorer=0x7fb9f5a8a890}, NULL, 8) = 0
28441 rt_sigaction(SIGABRT, NULL, {sa_handler=SIG_DFL, sa_mask=[], sa_flags=0}, 8) = 0
28441 rt_sigaction(SIGABRT, {sa_handler=0x459040, sa_mask=~[], sa_flags=SA_RESTORER|SA_ONSTACK|SA_RESTART|SA_SIGINFO, sa_restorer=0x7fb9f5a8a890}, NULL, 8) = 0
28441 rt_sigaction(SIGBUS, NULL, {sa_handler=SIG_DFL, sa_mask=[], sa_flags=0}, 8) = 0
28441 rt_sigaction(SIGBUS, {sa_handler=0x459040, sa_mask=~[], sa_flags=SA_RESTORER|SA_ONSTACK|SA_RESTART|SA_SIGINFO, sa_restorer=0x7fb9f5a8a890}, NULL, 8) = 0
28441 rt_sigaction(SIGFPE, NULL, {sa_handler=SIG_DFL, sa_mask=[], sa_flags=0}, 8) = 0
28441 rt_sigaction(SIGFPE, {sa_handler=0x459040, sa_mask=~[], sa_flags=SA_RESTORER|SA_ONSTACK|SA_RESTART|SA_SIGINFO, sa_restorer=0x7fb9f5a8a890}, NULL, 8) = 0
28441 rt_sigaction(SIGUSR1, NULL, {sa_handler=SIG_DFL, sa_mask=[], sa_flags=0}, 8) = 0
28441 rt_sigaction(SIGUSR1, {sa_handler=0x459040, sa_mask=~[], sa_flags=SA_RESTORER|SA_ONSTACK|SA_RESTART|SA_SIGINFO, sa_restorer=0x7fb9f5a8a890}, NULL, 8) = 0
28441 rt_sigaction(SIGSEGV, NULL, {sa_handler=SIG_DFL, sa_mask=[], sa_flags=0}, 8) = 0
28441 rt_sigaction(SIGSEGV, {sa_handler=0x459040, sa_mask=~[], sa_flags=SA_RESTORER|SA_ONSTACK|SA_RESTART|SA_SIGINFO, sa_restorer=0x7fb9f5a8a890}, NULL, 8) = 0
28441 rt_sigaction(SIGUSR2, NULL, {sa_handler=SIG_DFL, sa_mask=[], sa_flags=0}, 8) = 0
28441 rt_sigaction(SIGUSR2, {sa_handler=0x459040, sa_mask=~[], sa_flags=SA_RESTORER|SA_ONSTACK|SA_RESTART|SA_SIGINFO, sa_restorer=0x7fb9f5a8a890}, NULL, 8) = 0
28441 rt_sigaction(SIGPIPE, NULL, {sa_handler=SIG_DFL, sa_mask=[], sa_flags=0}, 8) = 0
28441 rt_sigaction(SIGPIPE, {sa_handler=0x459040, sa_mask=~[], sa_flags=SA_RESTORER|SA_ONSTACK|SA_RESTART|SA_SIGINFO, sa_restorer=0x7fb9f5a8a890}, NULL, 8) = 0
28441 rt_sigaction(SIGALRM, NULL, {sa_handler=SIG_DFL, sa_mask=[], sa_flags=0}, 8) = 0
28441 rt_sigaction(SIGALRM, {sa_handler=0x459040, sa_mask=~[], sa_flags=SA_RESTORER|SA_ONSTACK|SA_RESTART|SA_SIGINFO, sa_restorer=0x7fb9f5a8a890}, NULL, 8) = 0
28441 rt_sigaction(SIGTERM, NULL, {sa_handler=SIG_DFL, sa_mask=[], sa_flags=0}, 8) = 0
28441 rt_sigaction(SIGTERM, {sa_handler=0x459040, sa_mask=~[], sa_flags=SA_RESTORER|SA_ONSTACK|SA_RESTART|SA_SIGINFO, sa_restorer=0x7fb9f5a8a890}, NULL, 8) = 0
28441 rt_sigaction(SIGSTKFLT, NULL, {sa_handler=SIG_DFL, sa_mask=[], sa_flags=0}, 8) = 0
28441 rt_sigaction(SIGSTKFLT, {sa_handler=0x459040, sa_mask=~[], sa_flags=SA_RESTORER|SA_ONSTACK|SA_RESTART|SA_SIGINFO, sa_restorer=0x7fb9f5a8a890}, NULL, 8) = 0
28441 rt_sigaction(SIGCHLD, NULL, {sa_handler=SIG_DFL, sa_mask=[], sa_flags=0}, 8) = 0
28441 rt_sigaction(SIGCHLD, {sa_handler=0x459040, sa_mask=~[], sa_flags=SA_RESTORER|SA_ONSTACK|SA_RESTART|SA_SIGINFO, sa_restorer=0x7fb9f5a8a890}, NULL, 8) = 0
28441 rt_sigaction(SIGURG, NULL, {sa_handler=SIG_DFL, sa_mask=[], sa_flags=0}, 8) = 0
28441 rt_sigaction(SIGURG, {sa_handler=0x459040, sa_mask=~[], sa_flags=SA_RESTORER|SA_ONSTACK|SA_RESTART|SA_SIGINFO, sa_restorer=0x7fb9f5a8a890}, NULL, 8) = 0
28441 rt_sigaction(SIGXCPU, NULL, {sa_handler=SIG_DFL, sa_mask=[], sa_flags=0}, 8) = 0
28441 rt_sigaction(SIGXCPU, {sa_handler=0x459040, sa_mask=~[], sa_flags=SA_RESTORER|SA_ONSTACK|SA_RESTART|SA_SIGINFO, sa_restorer=0x7fb9f5a8a890}, NULL, 8) = 0
28441 rt_sigaction(SIGXFSZ, NULL, {sa_handler=SIG_DFL, sa_mask=[], sa_flags=0}, 8) = 0
28441 rt_sigaction(SIGXFSZ, {sa_handler=0x459040, sa_mask=~[], sa_flags=SA_RESTORER|SA_ONSTACK|SA_RESTART|SA_SIGINFO, sa_restorer=0x7fb9f5a8a890}, NULL, 8) = 0
28441 rt_sigaction(SIGVTALRM, NULL, {sa_handler=SIG_DFL, sa_mask=[], sa_flags=0}, 8) = 0
28441 rt_sigaction(SIGVTALRM, {sa_handler=0x459040, sa_mask=~[], sa_flags=SA_RESTORER|SA_ONSTACK|SA_RESTART|SA_SIGINFO, sa_restorer=0x7fb9f5a8a890}, NULL, 8) = 0
28441 rt_sigaction(SIGPROF, NULL, {sa_handler=SIG_DFL, sa_mask=[], sa_flags=0}, 8) = 0
28441 rt_sigaction(SIGPROF, {sa_handler=0x459040, sa_mask=~[], sa_flags=SA_RESTORER|SA_ONSTACK|SA_RESTART|SA_SIGINFO, sa_restorer=0x7fb9f5a8a890}, NULL, 8) = 0
28441 rt_sigaction(SIGWINCH, NULL, {sa_handler=SIG_DFL, sa_mask=[], sa_flags=0}, 8) = 0
28441 rt_sigaction(SIGWINCH, {sa_handler=0x459040, sa_mask=~[], sa_flags=SA_RESTORER|SA_ONSTACK|SA_RESTART|SA_SIGINFO, sa_restorer=0x7fb9f5a8a890}, NULL, 8) = 0
28441 rt_sigaction(SIGIO, NULL, {sa_handler=SIG_DFL, sa_mask=[], sa_flags=0}, 8) = 0
28441 rt_sigaction(SIGIO, {sa_handler=0x459040, sa_mask=~[], sa_flags=SA_RESTORER|SA_ONSTACK|SA_RESTART|SA_SIGINFO, sa_restorer=0x7fb9f5a8a890}, NULL, 8) = 0
28441 rt_sigaction(SIGPWR, NULL, {sa_handler=SIG_DFL, sa_mask=[], sa_flags=0}, 8) = 0
28441 rt_sigaction(SIGPWR, {sa_handler=0x459040, sa_mask=~[], sa_flags=SA_RESTORER|SA_ONSTACK|SA_RESTART|SA_SIGINFO, sa_restorer=0x7fb9f5a8a890}, NULL, 8) = 0
28441 rt_sigaction(SIGSYS, NULL, {sa_handler=SIG_DFL, sa_mask=[], sa_flags=0}, 8) = 0
28441 rt_sigaction(SIGSYS, {sa_handler=0x459040, sa_mask=~[], sa_flags=SA_RESTORER|SA_ONSTACK|SA_RESTART|SA_SIGINFO, sa_restorer=0x7fb9f5a8a890}, NULL, 8) = 0
28441 rt_sigaction(SIGRTMIN, NULL, {sa_handler=0x7fb9f5a7dcb0, sa_mask=[], sa_flags=SA_RESTORER|SA_SIGINFO, sa_restorer=0x7fb9f5a8a890}, 8) = 0
28441 rt_sigaction(SIGRTMIN, NULL, {sa_handler=0x7fb9f5a7dcb0, sa_mask=[], sa_flags=SA_RESTORER|SA_SIGINFO, sa_restorer=0x7fb9f5a8a890}, 8) = 0
28441 rt_sigaction(SIGRTMIN, {sa_handler=0x7fb9f5a7dcb0, sa_mask=[], sa_flags=SA_RESTORER|SA_ONSTACK|SA_SIGINFO, sa_restorer=0x7fb9f5a8a890}, NULL, 8) = 0
28441 rt_sigaction(SIGRT_1, NULL, {sa_handler=0x7fb9f5a7dd50, sa_mask=[], sa_flags=SA_RESTORER|SA_RESTART|SA_SIGINFO, sa_restorer=0x7fb9f5a8a890}, 8) = 0
28441 rt_sigaction(SIGRT_1, NULL, {sa_handler=0x7fb9f5a7dd50, sa_mask=[], sa_flags=SA_RESTORER|SA_RESTART|SA_SIGINFO, sa_restorer=0x7fb9f5a8a890}, 8) = 0
28441 rt_sigaction(SIGRT_1, {sa_handler=0x7fb9f5a7dd50, sa_mask=[], sa_flags=SA_RESTORER|SA_ONSTACK|SA_RESTART|SA_SIGINFO, sa_restorer=0x7fb9f5a8a890}, NULL, 8) = 0
28441 rt_sigaction(SIGRT_2, NULL, {sa_handler=SIG_DFL, sa_mask=[], sa_flags=0}, 8) = 0
28441 rt_sigaction(SIGRT_2, {sa_handler=0x459040, sa_mask=~[], sa_flags=SA_RESTORER|SA_ONSTACK|SA_RESTART|SA_SIGINFO, sa_restorer=0x7fb9f5a8a890}, NULL, 8) = 0
28441 rt_sigaction(SIGRT_3, NULL, {sa_handler=SIG_DFL, sa_mask=[], sa_flags=0}, 8) = 0
28441 rt_sigaction(SIGRT_3, {sa_handler=0x459040, sa_mask=~[], sa_flags=SA_RESTORER|SA_ONSTACK|SA_RESTART|SA_SIGINFO, sa_restorer=0x7fb9f5a8a890}, NULL, 8) = 0
28441 rt_sigaction(SIGRT_4, NULL, {sa_handler=SIG_DFL, sa_mask=[], sa_flags=0}, 8) = 0
28441 rt_sigaction(SIGRT_4, {sa_handler=0x459040, sa_mask=~[], sa_flags=SA_RESTORER|SA_ONSTACK|SA_RESTART|SA_SIGINFO, sa_restorer=0x7fb9f5a8a890}, NULL, 8) = 0
28441 rt_sigaction(SIGRT_5, NULL, {sa_handler=SIG_DFL, sa_mask=[], sa_flags=0}, 8) = 0
28441 rt_sigaction(SIGRT_5, {sa_handler=0x459040, sa_mask=~[], sa_flags=SA_RESTORER|SA_ONSTACK|SA_RESTART|SA_SIGINFO, sa_restorer=0x7fb9f5a8a890}, NULL, 8) = 0
28441 rt_sigaction(SIGRT_6, NULL, {sa_handler=SIG_DFL, sa_mask=[], sa_flags=0}, 8) = 0
28441 rt_sigaction(SIGRT_6, {sa_handler=0x459040, sa_mask=~[], sa_flags=SA_RESTORER|SA_ONSTACK|SA_RESTART|SA_SIGINFO, sa_restorer=0x7fb9f5a8a890}, NULL, 8) = 0
28441 rt_sigaction(SIGRT_7, NULL, {sa_handler=SIG_DFL, sa_mask=[], sa_flags=0}, 8) = 0
28441 rt_sigaction(SIGRT_7, {sa_handler=0x459040, sa_mask=~[], sa_flags=SA_RESTORER|SA_ONSTACK|SA_RESTART|SA_SIGINFO, sa_restorer=0x7fb9f5a8a890}, NULL, 8) = 0
28441 rt_sigaction(SIGRT_8, NULL, {sa_handler=SIG_DFL, sa_mask=[], sa_flags=0}, 8) = 0
28441 rt_sigaction(SIGRT_8, {sa_handler=0x459040, sa_mask=~[], sa_flags=SA_RESTORER|SA_ONSTACK|SA_RESTART|SA_SIGINFO, sa_restorer=0x7fb9f5a8a890}, NULL, 8) = 0
28441 rt_sigaction(SIGRT_9, NULL, {sa_handler=SIG_DFL, sa_mask=[], sa_flags=0}, 8) = 0
28441 rt_sigaction(SIGRT_9, {sa_handler=0x459040, sa_mask=~[], sa_flags=SA_RESTORER|SA_ONSTACK|SA_RESTART|SA_SIGINFO, sa_restorer=0x7fb9f5a8a890}, NULL, 8) = 0
28441 rt_sigaction(SIGRT_10, NULL, {sa_handler=SIG_DFL, sa_mask=[], sa_flags=0}, 8) = 0
28441 rt_sigaction(SIGRT_10, {sa_handler=0x459040, sa_mask=~[], sa_flags=SA_RESTORER|SA_ONSTACK|SA_RESTART|SA_SIGINFO, sa_restorer=0x7fb9f5a8a890}, NULL, 8) = 0
28441 rt_sigaction(SIGRT_11, NULL, {sa_handler=SIG_DFL, sa_mask=[], sa_flags=0}, 8) = 0
28441 rt_sigaction(SIGRT_11, {sa_handler=0x459040, sa_mask=~[], sa_flags=SA_RESTORER|SA_ONSTACK|SA_RESTART|SA_SIGINFO, sa_restorer=0x7fb9f5a8a890}, NULL, 8) = 0
28441 rt_sigaction(SIGRT_12, NULL, {sa_handler=SIG_DFL, sa_mask=[], sa_flags=0}, 8) = 0
28441 rt_sigaction(SIGRT_12, {sa_handler=0x459040, sa_mask=~[], sa_flags=SA_RESTORER|SA_ONSTACK|SA_RESTART|SA_SIGINFO, sa_restorer=0x7fb9f5a8a890}, NULL, 8) = 0
28441 rt_sigaction(SIGRT_13, NULL, {sa_handler=SIG_DFL, sa_mask=[], sa_flags=0}, 8) = 0
28441 rt_sigaction(SIGRT_13, {sa_handler=0x459040, sa_mask=~[], sa_flags=SA_RESTORER|SA_ONSTACK|SA_RESTART|SA_SIGINFO, sa_restorer=0x7fb9f5a8a890}, NULL, 8) = 0
28441 rt_sigaction(SIGRT_14, NULL, {sa_handler=SIG_DFL, sa_mask=[], sa_flags=0}, 8) = 0
28441 rt_sigaction(SIGRT_14, {sa_handler=0x459040, sa_mask=~[], sa_flags=SA_RESTORER|SA_ONSTACK|SA_RESTART|SA_SIGINFO, sa_restorer=0x7fb9f5a8a890}, NULL, 8) = 0
28441 rt_sigaction(SIGRT_15, NULL, {sa_handler=SIG_DFL, sa_mask=[], sa_flags=0}, 8) = 0
28441 rt_sigaction(SIGRT_15, {sa_handler=0x459040, sa_mask=~[], sa_flags=SA_RESTORER|SA_ONSTACK|SA_RESTART|SA_SIGINFO, sa_restorer=0x7fb9f5a8a890}, NULL, 8) = 0
28441 rt_sigaction(SIGRT_16, NULL, {sa_handler=SIG_DFL, sa_mask=[], sa_flags=0}, 8) = 0
28441 rt_sigaction(SIGRT_16, {sa_handler=0x459040, sa_mask=~[], sa_flags=SA_RESTORER|SA_ONSTACK|SA_RESTART|SA_SIGINFO, sa_restorer=0x7fb9f5a8a890}, NULL, 8) = 0
28441 rt_sigaction(SIGRT_17, NULL, {sa_handler=SIG_DFL, sa_mask=[], sa_flags=0}, 8) = 0
28441 rt_sigaction(SIGRT_17, {sa_handler=0x459040, sa_mask=~[], sa_flags=SA_RESTORER|SA_ONSTACK|SA_RESTART|SA_SIGINFO, sa_restorer=0x7fb9f5a8a890}, NULL, 8) = 0
28441 rt_sigaction(SIGRT_18, NULL, {sa_handler=SIG_DFL, sa_mask=[], sa_flags=0}, 8) = 0
28441 rt_sigaction(SIGRT_18, {sa_handler=0x459040, sa_mask=~[], sa_flags=SA_RESTORER|SA_ONSTACK|SA_RESTART|SA_SIGINFO, sa_restorer=0x7fb9f5a8a890}, NULL, 8) = 0
28441 rt_sigaction(SIGRT_19, NULL, {sa_handler=SIG_DFL, sa_mask=[], sa_flags=0}, 8) = 0
28441 rt_sigaction(SIGRT_19, {sa_handler=0x459040, sa_mask=~[], sa_flags=SA_RESTORER|SA_ONSTACK|SA_RESTART|SA_SIGINFO, sa_restorer=0x7fb9f5a8a890}, NULL, 8) = 0
28441 rt_sigaction(SIGRT_20, NULL, {sa_handler=SIG_DFL, sa_mask=[], sa_flags=0}, 8) = 0
28441 rt_sigaction(SIGRT_20, {sa_handler=0x459040, sa_mask=~[], sa_flags=SA_RESTORER|SA_ONSTACK|SA_RESTART|SA_SIGINFO, sa_restorer=0x7fb9f5a8a890}, NULL, 8) = 0
28441 rt_sigaction(SIGRT_21, NULL, {sa_handler=SIG_DFL, sa_mask=[], sa_flags=0}, 8) = 0
28441 rt_sigaction(SIGRT_21, {sa_handler=0x459040, sa_mask=~[], sa_flags=SA_RESTORER|SA_ONSTACK|SA_RESTART|SA_SIGINFO, sa_restorer=0x7fb9f5a8a890}, NULL, 8) = 0
28441 rt_sigaction(SIGRT_22, NULL, {sa_handler=SIG_DFL, sa_mask=[], sa_flags=0}, 8) = 0
28441 rt_sigaction(SIGRT_22, {sa_handler=0x459040, sa_mask=~[], sa_flags=SA_RESTORER|SA_ONSTACK|SA_RESTART|SA_SIGINFO, sa_restorer=0x7fb9f5a8a890}, NULL, 8) = 0
28441 rt_sigaction(SIGRT_23, NULL, {sa_handler=SIG_DFL, sa_mask=[], sa_flags=0}, 8) = 0
28441 rt_sigaction(SIGRT_23, {sa_handler=0x459040, sa_mask=~[], sa_flags=SA_RESTORER|SA_ONSTACK|SA_RESTART|SA_SIGINFO, sa_restorer=0x7fb9f5a8a890}, NULL, 8) = 0
28441 rt_sigaction(SIGRT_24, NULL, {sa_handler=SIG_DFL, sa_mask=[], sa_flags=0}, 8) = 0
28441 rt_sigaction(SIGRT_24, {sa_handler=0x459040, sa_mask=~[], sa_flags=SA_RESTORER|SA_ONSTACK|SA_RESTART|SA_SIGINFO, sa_restorer=0x7fb9f5a8a890}, NULL, 8) = 0
28441 rt_sigaction(SIGRT_25, NULL, {sa_handler=SIG_DFL, sa_mask=[], sa_flags=0}, 8) = 0
28441 rt_sigaction(SIGRT_25, {sa_handler=0x459040, sa_mask=~[], sa_flags=SA_RESTORER|SA_ONSTACK|SA_RESTART|SA_SIGINFO, sa_restorer=0x7fb9f5a8a890}, NULL, 8) = 0
28441 rt_sigaction(SIGRT_26, NULL, {sa_handler=SIG_DFL, sa_mask=[], sa_flags=0}, 8) = 0
28441 rt_sigaction(SIGRT_26, {sa_handler=0x459040, sa_mask=~[], sa_flags=SA_RESTORER|SA_ONSTACK|SA_RESTART|SA_SIGINFO, sa_restorer=0x7fb9f5a8a890}, NULL, 8) = 0
28441 rt_sigaction(SIGRT_27, NULL, {sa_handler=SIG_DFL, sa_mask=[], sa_flags=0}, 8) = 0
28441 rt_sigaction(SIGRT_27, {sa_handler=0x459040, sa_mask=~[], sa_flags=SA_RESTORER|SA_ONSTACK|SA_RESTART|SA_SIGINFO, sa_restorer=0x7fb9f5a8a890}, NULL, 8) = 0
28441 rt_sigaction(SIGRT_28, NULL, {sa_handler=SIG_DFL, sa_mask=[], sa_flags=0}, 8) = 0
28441 rt_sigaction(SIGRT_28, {sa_handler=0x459040, sa_mask=~[], sa_flags=SA_RESTORER|SA_ONSTACK|SA_RESTART|SA_SIGINFO, sa_restorer=0x7fb9f5a8a890}, NULL, 8) = 0
28441 rt_sigaction(SIGRT_29, NULL, {sa_handler=SIG_DFL, sa_mask=[], sa_flags=0}, 8) = 0
28441 rt_sigaction(SIGRT_29, {sa_handler=0x459040, sa_mask=~[], sa_flags=SA_RESTORER|SA_ONSTACK|SA_RESTART|SA_SIGINFO, sa_restorer=0x7fb9f5a8a890}, NULL, 8) = 0
28441 rt_sigaction(SIGRT_30, NULL, {sa_handler=SIG_DFL, sa_mask=[], sa_flags=0}, 8) = 0
28441 rt_sigaction(SIGRT_30, {sa_handler=0x459040, sa_mask=~[], sa_flags=SA_RESTORER|SA_ONSTACK|SA_RESTART|SA_SIGINFO, sa_restorer=0x7fb9f5a8a890}, NULL, 8) = 0
28441 rt_sigaction(SIGRT_31, NULL, {sa_handler=SIG_DFL, sa_mask=[], sa_flags=0}, 8) = 0
28441 rt_sigaction(SIGRT_31, {sa_handler=0x459040, sa_mask=~[], sa_flags=SA_RESTORER|SA_ONSTACK|SA_RESTART|SA_SIGINFO, sa_restorer=0x7fb9f5a8a890}, NULL, 8) = 0
28441 rt_sigaction(SIGRT_32, NULL, {sa_handler=SIG_DFL, sa_mask=[], sa_flags=0}, 8) = 0
28441 rt_sigaction(SIGRT_32, {sa_handler=0x459040, sa_mask=~[], sa_flags=SA_RESTORER|SA_ONSTACK|SA_RESTART|SA_SIGINFO, sa_restorer=0x7fb9f5a8a890}, NULL, 8) = 0
28441 rt_sigprocmask(SIG_SETMASK, ~[RTMIN RT_1], [], 8) = 0
28441 mmap(NULL, 8392704, PROT_NONE, MAP_PRIVATE|MAP_ANONYMOUS|MAP_STACK, -1, 0) = 0x7fb9f2c75000
28441 mprotect(0x7fb9f2c76000, 8388608, PROT_READ|PROT_WRITE) = 0
28441 clone(child_stack=0x7fb9f3474fb0, flags=CLONE_VM|CLONE_FS|CLONE_FILES|CLONE_SIGHAND|CLONE_THREAD|CLONE_SYSVSEM|CLONE_SETTLS|CLONE_PARENT_SETTID|CLONE_CHILD_CLEARTID, parent_tidptr=0x7fb9f34759d0, tls=0x7fb9f3475700, child_tidptr=0x7fb9f34759d0) = 28442
28441 rt_sigprocmask(SIG_SETMASK, [], NULL, 8) = 0
28441 rt_sigprocmask(SIG_SETMASK, ~[RTMIN RT_1], [], 8) = 0
28441 mmap(NULL, 8392704, PROT_NONE, MAP_PRIVATE|MAP_ANONYMOUS|MAP_STACK, -1, 0) = 0x7fb9f2474000
28441 mprotect(0x7fb9f2475000, 8388608, PROT_READ|PROT_WRITE) = 0
28441 clone(child_stack=0x7fb9f2c73fb0, flags=CLONE_VM|CLONE_FS|CLONE_FILES|CLONE_SIGHAND|CLONE_THREAD|CLONE_SYSVSEM|CLONE_SETTLS|CLONE_PARENT_SETTID|CLONE_CHILD_CLEARTID, parent_tidptr=0x7fb9f2c749d0, tls=0x7fb9f2c74700, child_tidptr=0x7fb9f2c749d0) = 28443
28441 rt_sigprocmask(SIG_SETMASK, [], NULL, 8) = 0
28441 rt_sigprocmask(SIG_SETMASK, ~[RTMIN RT_1], [], 8) = 0
28441 mmap(NULL, 8392704, PROT_NONE, MAP_PRIVATE|MAP_ANONYMOUS|MAP_STACK, -1, 0) = 0x7fb9f1c73000
28441 mprotect(0x7fb9f1c74000, 8388608, PROT_READ|PROT_WRITE) = 0
28441 clone(child_stack=0x7fb9f2472fb0, flags=CLONE_VM|CLONE_FS|CLONE_FILES|CLONE_SIGHAND|CLONE_THREAD|CLONE_SYSVSEM|CLONE_SETTLS|CLONE_PARENT_SETTID|CLONE_CHILD_CLEARTID, parent_tidptr=0x7fb9f24739d0, tls=0x7fb9f2473700, child_tidptr=0x7fb9f24739d0) = 28444
28441 rt_sigprocmask(SIG_SETMASK, [], NULL, 8) = 0
28441 futex(0x6199e8, FUTEX_WAIT_PRIVATE, 0, NULL <unfinished ...>
28444 set_robust_list(0x7fb9f24739e0, 24 <unfinished ...>
28443 set_robust_list(0x7fb9f2c749e0, 24 <unfinished ...>
28444 <... set_robust_list resumed> )   = 0
28443 <... set_robust_list resumed> )   = 0
28444 mmap(NULL, 134217728, PROT_NONE, MAP_PRIVATE|MAP_ANONYMOUS|MAP_NORESERVE, -1, 0 <unfinished ...>
28443 mmap(NULL, 134217728, PROT_NONE, MAP_PRIVATE|MAP_ANONYMOUS|MAP_NORESERVE, -1, 0 <unfinished ...>
28444 <... mmap resumed> )              = 0x7fb9e9c73000
28443 <... mmap resumed> )              = 0x7fb9e1c73000
28444 munmap(0x7fb9e9c73000, 37277696 <unfinished ...>
28443 munmap(0x7fb9e1c73000, 37277696 <unfinished ...>
28442 set_robust_list(0x7fb9f34759e0, 24 <unfinished ...>
28444 <... munmap resumed> )            = 0
28443 <... munmap resumed> )            = 0
28442 <... set_robust_list resumed> )   = 0
28444 munmap(0x7fb9f0000000, 29831168 <unfinished ...>
28443 munmap(0x7fb9e8000000, 29831168 <unfinished ...>
28442 mmap(NULL, 134217728, PROT_NONE, MAP_PRIVATE|MAP_ANONYMOUS|MAP_NORESERVE, -1, 0 <unfinished ...>
28444 <... munmap resumed> )            = 0
28443 <... munmap resumed> )            = 0
28442 <... mmap resumed> )              = 0x7fb9dc000000
28444 mprotect(0x7fb9ec000000, 135168, PROT_READ|PROT_WRITE <unfinished ...>
28443 mprotect(0x7fb9e4000000, 135168, PROT_READ|PROT_WRITE <unfinished ...>
28442 munmap(0x7fb9e0000000, 67108864 <unfinished ...>
28444 <... mprotect resumed> )          = 0
28443 <... mprotect resumed> )          = 0
28442 <... munmap resumed> )            = 0
28444 sigaltstack(NULL,  <unfinished ...>
28443 sigaltstack(NULL,  <unfinished ...>
28442 mprotect(0x7fb9dc000000, 135168, PROT_READ|PROT_WRITE <unfinished ...>
28444 <... sigaltstack resumed> {ss_sp=NULL, ss_flags=SS_DISABLE, ss_size=0}) = 0
28443 <... sigaltstack resumed> {ss_sp=NULL, ss_flags=SS_DISABLE, ss_size=0}) = 0
28442 <... mprotect resumed> )          = 0
28444 sigaltstack({ss_sp=0xc000064000, ss_flags=0, ss_size=32768},  <unfinished ...>
28443 sigaltstack({ss_sp=0xc000056000, ss_flags=0, ss_size=32768},  <unfinished ...>
28444 <... sigaltstack resumed> NULL)   = 0
28443 <... sigaltstack resumed> NULL)   = 0
28442 sigaltstack(NULL,  <unfinished ...>
28444 rt_sigprocmask(SIG_SETMASK, [],  <unfinished ...>
28443 rt_sigprocmask(SIG_SETMASK, [],  <unfinished ...>
28442 <... sigaltstack resumed> {ss_sp=NULL, ss_flags=SS_DISABLE, ss_size=0}) = 0
28444 <... rt_sigprocmask resumed> NULL, 8) = 0
28443 <... rt_sigprocmask resumed> NULL, 8) = 0
28444 gettid( <unfinished ...>
28443 gettid( <unfinished ...>
28442 sigaltstack({ss_sp=0xc00004e000, ss_flags=0, ss_size=32768},  <unfinished ...>
28444 <... gettid resumed> )            = 28444
28443 <... gettid resumed> )            = 28443
28442 <... sigaltstack resumed> NULL)   = 0
28442 rt_sigprocmask(SIG_SETMASK, [],  <unfinished ...>
28444 futex(0xc00003cbc8, FUTEX_WAIT_PRIVATE, 0, NULL <unfinished ...>
28443 futex(0x6199e8, FUTEX_WAKE_PRIVATE, 1 <unfinished ...>
28442 <... rt_sigprocmask resumed> NULL, 8) = 0
28441 <... futex resumed> )             = 0
28443 <... futex resumed> )             = 1
28442 gettid( <unfinished ...>
28443 futex(0xc00003c848, FUTEX_WAIT_PRIVATE, 0, NULL <unfinished ...>
28442 <... gettid resumed> )            = 28442
28442 nanosleep({tv_sec=0, tv_nsec=20000},  <unfinished ...>
28441 rt_sigprocmask(SIG_SETMASK, ~[RTMIN RT_1], [], 8) = 0
28441 mmap(NULL, 8392704, PROT_NONE, MAP_PRIVATE|MAP_ANONYMOUS|MAP_STACK, -1, 0) = 0x7fb9f1472000
28441 mprotect(0x7fb9f1473000, 8388608, PROT_READ|PROT_WRITE) = 0
28441 clone(child_stack=0x7fb9f1c71fb0, flags=CLONE_VM|CLONE_FS|CLONE_FILES|CLONE_SIGHAND|CLONE_THREAD|CLONE_SYSVSEM|CLONE_SETTLS|CLONE_PARENT_SETTID|CLONE_CHILD_CLEARTID, parent_tidptr=0x7fb9f1c729d0, tls=0x7fb9f1c72700, child_tidptr=0x7fb9f1c729d0) = 28445
28441 rt_sigprocmask(SIG_SETMASK, [], NULL, 8) = 0
28441 readlinkat(AT_FDCWD, "/proc/self/exe", "/home/vagrant/go/src/github.com/"..., 128) = 64
28441 fcntl(0, F_GETFL)                 = 0x2 (flags O_RDWR)
28441 futex(0xc00003c848, FUTEX_WAKE_PRIVATE, 1) = 1
28441 mmap(NULL, 262144, PROT_READ|PROT_WRITE, MAP_PRIVATE|MAP_ANONYMOUS, -1, 0) = 0x7fb9f5e12000
28441 fcntl(1, F_GETFL)                 = 0x2 (flags O_RDWR)
28441 fcntl(2, F_GETFL)                 = 0x2 (flags O_RDWR)
28443 <... futex resumed> )             = 0
28445 set_robust_list(0x7fb9f1c729e0, 24 <unfinished ...>
28441 openat(AT_FDCWD, "/etc//localtime", O_RDONLY) = 3
28441 read(3, "TZif2\0\0\0\0\0\0\0\0\0\0\0\0\0\0\0\0\0\0\1\0\0\0\1\0\0\0\0"..., 4096) = 127
28441 read(3, "", 4096)                 = 0
28441 close(3)                          = 0
28441 write(2, "2019/09/11 09:41:57 Listening on"..., 46) = 46
28441 socket(AF_INET, SOCK_STREAM|SOCK_CLOEXEC|SOCK_NONBLOCK, IPPROTO_TCP) = 3
28441 close(3)                          = 0
28441 socket(AF_INET6, SOCK_STREAM|SOCK_CLOEXEC|SOCK_NONBLOCK, IPPROTO_TCP) = 3
28441 setsockopt(3, SOL_IPV6, IPV6_V6ONLY, [1], 4) = 0
28441 bind(3, {sa_family=AF_INET6, sin6_port=htons(0), inet_pton(AF_INET6, "::1", &sin6_addr), sin6_flowinfo=htonl(0), sin6_scope_id=0}, 28) = 0
28441 socket(AF_INET6, SOCK_STREAM|SOCK_CLOEXEC|SOCK_NONBLOCK, IPPROTO_TCP) = 4
28441 setsockopt(4, SOL_IPV6, IPV6_V6ONLY, [0], 4) = 0
28441 bind(4, {sa_family=AF_INET6, sin6_port=htons(0), inet_pton(AF_INET6, "::ffff:127.0.0.1", &sin6_addr), sin6_flowinfo=htonl(0), sin6_scope_id=0}, 28) = 0
28441 close(4)                          = 0
28441 close(3)                          = 0
28441 socket(AF_INET6, SOCK_STREAM|SOCK_CLOEXEC|SOCK_NONBLOCK, IPPROTO_IP) = 3
28441 setsockopt(3, SOL_IPV6, IPV6_V6ONLY, [0], 4) = 0
28441 setsockopt(3, SOL_SOCKET, SO_BROADCAST, [1], 4) = 0
28441 openat(AT_FDCWD, "/proc/sys/net/core/somaxconn", O_RDONLY|O_CLOEXEC) = 4
28441 epoll_create1(EPOLL_CLOEXEC)      = 5
28441 epoll_ctl(5, EPOLL_CTL_ADD, 4, {EPOLLIN|EPOLLOUT|EPOLLRDHUP|EPOLLET, {u32=4125191992, u64=140436670869304}}) = 0
28441 fcntl(4, F_GETFL)                 = 0x8000 (flags O_RDONLY|O_LARGEFILE)
28441 fcntl(4, F_SETFL, O_RDONLY|O_NONBLOCK|O_LARGEFILE) = 0
28441 read(4, "128\n", 65536)           = 4
28441 read(4, "", 65532)                = 0
28441 epoll_ctl(5, EPOLL_CTL_DEL, 4, 0xc0000afa64) = 0
28441 close(4)                          = 0
28441 setsockopt(3, SOL_SOCKET, SO_REUSEADDR, [1], 4) = 0
28441 bind(3, {sa_family=AF_INET6, sin6_port=htons(8080), inet_pton(AF_INET6, "::", &sin6_addr), sin6_flowinfo=htonl(0), sin6_scope_id=0}, 28) = 0
28441 listen(3, 128)                    = 0
28441 epoll_ctl(5, EPOLL_CTL_ADD, 3, {EPOLLIN|EPOLLOUT|EPOLLRDHUP|EPOLLET, {u32=4125191992, u64=140436670869304}}) = 0
28441 getsockname(3, {sa_family=AF_INET6, sin6_port=htons(8080), inet_pton(AF_INET6, "::", &sin6_addr), sin6_flowinfo=htonl(0), sin6_scope_id=0}, [112->28]) = 0
28441 epoll_ctl(5, EPOLL_CTL_DEL, 3, 0xc0000afdec) = 0
28441 close(3)                          = 0
28441 exit_group(0)                     = ?
28445 <... set_robust_list resumed>)    = ?
28444 <... futex resumed>)              = ?
28442 <... nanosleep resumed> <unfinished ...>) = ?
28444 +++ exited with 0 +++
28443 +++ exited with 0 +++
28442 +++ exited with 0 +++
28445 +++ exited with 0 +++
28441 +++ exited with 0 +++
