28755 execve("./listen-ip4", ["./listen-ip4", "--addr", "0.0.0.0:8080"], 0x7ffc8d6b5018 /* 22 vars */) = 0
28755 brk(NULL)                         = 0x1e8c000
28755 access("/etc/ld.so.nohwcap", F_OK) = -1 ENOENT (No such file or directory)
28755 access("/etc/ld.so.preload", R_OK) = -1 ENOENT (No such file or directory)
28755 openat(AT_FDCWD, "/etc/ld.so.cache", O_RDONLY|O_CLOEXEC) = 3
28755 fstat(3, {st_mode=S_IFREG|0644, st_size=26638, ...}) = 0
28755 mmap(NULL, 26638, PROT_READ, MAP_PRIVATE, 3, 0) = 0x7f6c4bc78000
28755 close(3)                          = 0
28755 access("/etc/ld.so.nohwcap", F_OK) = -1 ENOENT (No such file or directory)
28755 openat(AT_FDCWD, "/lib/x86_64-linux-gnu/libpthread.so.0", O_RDONLY|O_CLOEXEC) = 3
28755 read(3, "\177ELF\2\1\1\0\0\0\0\0\0\0\0\0\3\0>\0\1\0\0\0000b\0\0\0\0\0\0"..., 832) = 832
28755 fstat(3, {st_mode=S_IFREG|0755, st_size=144976, ...}) = 0
28755 mmap(NULL, 8192, PROT_READ|PROT_WRITE, MAP_PRIVATE|MAP_ANONYMOUS, -1, 0) = 0x7f6c4bc76000
28755 mmap(NULL, 2221184, PROT_READ|PROT_EXEC, MAP_PRIVATE|MAP_DENYWRITE, 3, 0) = 0x7f6c4b839000
28755 mprotect(0x7f6c4b853000, 2093056, PROT_NONE) = 0
28755 mmap(0x7f6c4ba52000, 8192, PROT_READ|PROT_WRITE, MAP_PRIVATE|MAP_FIXED|MAP_DENYWRITE, 3, 0x19000) = 0x7f6c4ba52000
28755 mmap(0x7f6c4ba54000, 13440, PROT_READ|PROT_WRITE, MAP_PRIVATE|MAP_FIXED|MAP_ANONYMOUS, -1, 0) = 0x7f6c4ba54000
28755 close(3)                          = 0
28755 access("/etc/ld.so.nohwcap", F_OK) = -1 ENOENT (No such file or directory)
28755 openat(AT_FDCWD, "/lib/x86_64-linux-gnu/libc.so.6", O_RDONLY|O_CLOEXEC) = 3
28755 read(3, "\177ELF\2\1\1\3\0\0\0\0\0\0\0\0\3\0>\0\1\0\0\0\260\34\2\0\0\0\0\0"..., 832) = 832
28755 fstat(3, {st_mode=S_IFREG|0755, st_size=2030544, ...}) = 0
28755 mmap(NULL, 4131552, PROT_READ|PROT_EXEC, MAP_PRIVATE|MAP_DENYWRITE, 3, 0) = 0x7f6c4b448000
28755 mprotect(0x7f6c4b62f000, 2097152, PROT_NONE) = 0
28755 mmap(0x7f6c4b82f000, 24576, PROT_READ|PROT_WRITE, MAP_PRIVATE|MAP_FIXED|MAP_DENYWRITE, 3, 0x1e7000) = 0x7f6c4b82f000
28755 mmap(0x7f6c4b835000, 15072, PROT_READ|PROT_WRITE, MAP_PRIVATE|MAP_FIXED|MAP_ANONYMOUS, -1, 0) = 0x7f6c4b835000
28755 close(3)                          = 0
28755 mmap(NULL, 12288, PROT_READ|PROT_WRITE, MAP_PRIVATE|MAP_ANONYMOUS, -1, 0) = 0x7f6c4bc73000
28755 arch_prctl(ARCH_SET_FS, 0x7f6c4bc73740) = 0
28755 mprotect(0x7f6c4b82f000, 16384, PROT_READ) = 0
28755 mprotect(0x7f6c4ba52000, 4096, PROT_READ) = 0
28755 mprotect(0x7f6c4bc7f000, 4096, PROT_READ) = 0
28755 munmap(0x7f6c4bc78000, 26638)     = 0
28755 set_tid_address(0x7f6c4bc73a10)   = 28755
28755 set_robust_list(0x7f6c4bc73a20, 24) = 0
28755 rt_sigaction(SIGRTMIN, {sa_handler=0x7f6c4b83ecb0, sa_mask=[], sa_flags=SA_RESTORER|SA_SIGINFO, sa_restorer=0x7f6c4b84b890}, NULL, 8) = 0
28755 rt_sigaction(SIGRT_1, {sa_handler=0x7f6c4b83ed50, sa_mask=[], sa_flags=SA_RESTORER|SA_RESTART|SA_SIGINFO, sa_restorer=0x7f6c4b84b890}, NULL, 8) = 0
28755 rt_sigprocmask(SIG_UNBLOCK, [RTMIN RT_1], NULL, 8) = 0
28755 prlimit64(0, RLIMIT_STACK, NULL, {rlim_cur=8192*1024, rlim_max=RLIM64_INFINITY}) = 0
28755 brk(NULL)                         = 0x1e8c000
28755 brk(0x1ead000)                    = 0x1ead000
28755 sched_getaffinity(0, 8192, [0, 1]) = 8
28755 mmap(NULL, 262144, PROT_READ|PROT_WRITE, MAP_PRIVATE|MAP_ANONYMOUS, -1, 0) = 0x7f6c4bc33000
28755 mmap(0xc000000000, 67108864, PROT_NONE, MAP_PRIVATE|MAP_ANONYMOUS, -1, 0) = 0xc000000000
28755 mmap(0xc000000000, 67108864, PROT_READ|PROT_WRITE, MAP_PRIVATE|MAP_FIXED|MAP_ANONYMOUS, -1, 0) = 0xc000000000
28755 mmap(NULL, 33554432, PROT_READ|PROT_WRITE, MAP_PRIVATE|MAP_ANONYMOUS, -1, 0) = 0x7f6c49448000
28755 mmap(NULL, 2164736, PROT_READ|PROT_WRITE, MAP_PRIVATE|MAP_ANONYMOUS, -1, 0) = 0x7f6c49237000
28755 mmap(NULL, 65536, PROT_READ|PROT_WRITE, MAP_PRIVATE|MAP_ANONYMOUS, -1, 0) = 0x7f6c4bc23000
28755 mmap(NULL, 65536, PROT_READ|PROT_WRITE, MAP_PRIVATE|MAP_ANONYMOUS, -1, 0) = 0x7f6c4bc13000
28755 rt_sigprocmask(SIG_SETMASK, NULL, [], 8) = 0
28755 sigaltstack(NULL, {ss_sp=NULL, ss_flags=SS_DISABLE, ss_size=0}) = 0
28755 sigaltstack({ss_sp=0xc000002000, ss_flags=0, ss_size=32768}, NULL) = 0
28755 rt_sigprocmask(SIG_SETMASK, [], NULL, 8) = 0
28755 gettid()                          = 28755
28755 rt_sigaction(SIGHUP, NULL, {sa_handler=SIG_DFL, sa_mask=[], sa_flags=0}, 8) = 0
28755 rt_sigaction(SIGHUP, {sa_handler=0x459040, sa_mask=~[], sa_flags=SA_RESTORER|SA_ONSTACK|SA_RESTART|SA_SIGINFO, sa_restorer=0x7f6c4b84b890}, NULL, 8) = 0
28755 rt_sigaction(SIGINT, NULL, {sa_handler=SIG_DFL, sa_mask=[], sa_flags=0}, 8) = 0
28755 rt_sigaction(SIGINT, {sa_handler=0x459040, sa_mask=~[], sa_flags=SA_RESTORER|SA_ONSTACK|SA_RESTART|SA_SIGINFO, sa_restorer=0x7f6c4b84b890}, NULL, 8) = 0
28755 rt_sigaction(SIGQUIT, NULL, {sa_handler=SIG_DFL, sa_mask=[], sa_flags=0}, 8) = 0
28755 rt_sigaction(SIGQUIT, {sa_handler=0x459040, sa_mask=~[], sa_flags=SA_RESTORER|SA_ONSTACK|SA_RESTART|SA_SIGINFO, sa_restorer=0x7f6c4b84b890}, NULL, 8) = 0
28755 rt_sigaction(SIGILL, NULL, {sa_handler=SIG_DFL, sa_mask=[], sa_flags=0}, 8) = 0
28755 rt_sigaction(SIGILL, {sa_handler=0x459040, sa_mask=~[], sa_flags=SA_RESTORER|SA_ONSTACK|SA_RESTART|SA_SIGINFO, sa_restorer=0x7f6c4b84b890}, NULL, 8) = 0
28755 rt_sigaction(SIGTRAP, NULL, {sa_handler=SIG_DFL, sa_mask=[], sa_flags=0}, 8) = 0
28755 rt_sigaction(SIGTRAP, {sa_handler=0x459040, sa_mask=~[], sa_flags=SA_RESTORER|SA_ONSTACK|SA_RESTART|SA_SIGINFO, sa_restorer=0x7f6c4b84b890}, NULL, 8) = 0
28755 rt_sigaction(SIGABRT, NULL, {sa_handler=SIG_DFL, sa_mask=[], sa_flags=0}, 8) = 0
28755 rt_sigaction(SIGABRT, {sa_handler=0x459040, sa_mask=~[], sa_flags=SA_RESTORER|SA_ONSTACK|SA_RESTART|SA_SIGINFO, sa_restorer=0x7f6c4b84b890}, NULL, 8) = 0
28755 rt_sigaction(SIGBUS, NULL, {sa_handler=SIG_DFL, sa_mask=[], sa_flags=0}, 8) = 0
28755 rt_sigaction(SIGBUS, {sa_handler=0x459040, sa_mask=~[], sa_flags=SA_RESTORER|SA_ONSTACK|SA_RESTART|SA_SIGINFO, sa_restorer=0x7f6c4b84b890}, NULL, 8) = 0
28755 rt_sigaction(SIGFPE, NULL, {sa_handler=SIG_DFL, sa_mask=[], sa_flags=0}, 8) = 0
28755 rt_sigaction(SIGFPE, {sa_handler=0x459040, sa_mask=~[], sa_flags=SA_RESTORER|SA_ONSTACK|SA_RESTART|SA_SIGINFO, sa_restorer=0x7f6c4b84b890}, NULL, 8) = 0
28755 rt_sigaction(SIGUSR1, NULL, {sa_handler=SIG_DFL, sa_mask=[], sa_flags=0}, 8) = 0
28755 rt_sigaction(SIGUSR1, {sa_handler=0x459040, sa_mask=~[], sa_flags=SA_RESTORER|SA_ONSTACK|SA_RESTART|SA_SIGINFO, sa_restorer=0x7f6c4b84b890}, NULL, 8) = 0
28755 rt_sigaction(SIGSEGV, NULL, {sa_handler=SIG_DFL, sa_mask=[], sa_flags=0}, 8) = 0
28755 rt_sigaction(SIGSEGV, {sa_handler=0x459040, sa_mask=~[], sa_flags=SA_RESTORER|SA_ONSTACK|SA_RESTART|SA_SIGINFO, sa_restorer=0x7f6c4b84b890}, NULL, 8) = 0
28755 rt_sigaction(SIGUSR2, NULL, {sa_handler=SIG_DFL, sa_mask=[], sa_flags=0}, 8) = 0
28755 rt_sigaction(SIGUSR2, {sa_handler=0x459040, sa_mask=~[], sa_flags=SA_RESTORER|SA_ONSTACK|SA_RESTART|SA_SIGINFO, sa_restorer=0x7f6c4b84b890}, NULL, 8) = 0
28755 rt_sigaction(SIGPIPE, NULL, {sa_handler=SIG_DFL, sa_mask=[], sa_flags=0}, 8) = 0
28755 rt_sigaction(SIGPIPE, {sa_handler=0x459040, sa_mask=~[], sa_flags=SA_RESTORER|SA_ONSTACK|SA_RESTART|SA_SIGINFO, sa_restorer=0x7f6c4b84b890}, NULL, 8) = 0
28755 rt_sigaction(SIGALRM, NULL, {sa_handler=SIG_DFL, sa_mask=[], sa_flags=0}, 8) = 0
28755 rt_sigaction(SIGALRM, {sa_handler=0x459040, sa_mask=~[], sa_flags=SA_RESTORER|SA_ONSTACK|SA_RESTART|SA_SIGINFO, sa_restorer=0x7f6c4b84b890}, NULL, 8) = 0
28755 rt_sigaction(SIGTERM, NULL, {sa_handler=SIG_DFL, sa_mask=[], sa_flags=0}, 8) = 0
28755 rt_sigaction(SIGTERM, {sa_handler=0x459040, sa_mask=~[], sa_flags=SA_RESTORER|SA_ONSTACK|SA_RESTART|SA_SIGINFO, sa_restorer=0x7f6c4b84b890}, NULL, 8) = 0
28755 rt_sigaction(SIGSTKFLT, NULL, {sa_handler=SIG_DFL, sa_mask=[], sa_flags=0}, 8) = 0
28755 rt_sigaction(SIGSTKFLT, {sa_handler=0x459040, sa_mask=~[], sa_flags=SA_RESTORER|SA_ONSTACK|SA_RESTART|SA_SIGINFO, sa_restorer=0x7f6c4b84b890}, NULL, 8) = 0
28755 rt_sigaction(SIGCHLD, NULL, {sa_handler=SIG_DFL, sa_mask=[], sa_flags=0}, 8) = 0
28755 rt_sigaction(SIGCHLD, {sa_handler=0x459040, sa_mask=~[], sa_flags=SA_RESTORER|SA_ONSTACK|SA_RESTART|SA_SIGINFO, sa_restorer=0x7f6c4b84b890}, NULL, 8) = 0
28755 rt_sigaction(SIGURG, NULL, {sa_handler=SIG_DFL, sa_mask=[], sa_flags=0}, 8) = 0
28755 rt_sigaction(SIGURG, {sa_handler=0x459040, sa_mask=~[], sa_flags=SA_RESTORER|SA_ONSTACK|SA_RESTART|SA_SIGINFO, sa_restorer=0x7f6c4b84b890}, NULL, 8) = 0
28755 rt_sigaction(SIGXCPU, NULL, {sa_handler=SIG_DFL, sa_mask=[], sa_flags=0}, 8) = 0
28755 rt_sigaction(SIGXCPU, {sa_handler=0x459040, sa_mask=~[], sa_flags=SA_RESTORER|SA_ONSTACK|SA_RESTART|SA_SIGINFO, sa_restorer=0x7f6c4b84b890}, NULL, 8) = 0
28755 rt_sigaction(SIGXFSZ, NULL, {sa_handler=SIG_DFL, sa_mask=[], sa_flags=0}, 8) = 0
28755 rt_sigaction(SIGXFSZ, {sa_handler=0x459040, sa_mask=~[], sa_flags=SA_RESTORER|SA_ONSTACK|SA_RESTART|SA_SIGINFO, sa_restorer=0x7f6c4b84b890}, NULL, 8) = 0
28755 rt_sigaction(SIGVTALRM, NULL, {sa_handler=SIG_DFL, sa_mask=[], sa_flags=0}, 8) = 0
28755 rt_sigaction(SIGVTALRM, {sa_handler=0x459040, sa_mask=~[], sa_flags=SA_RESTORER|SA_ONSTACK|SA_RESTART|SA_SIGINFO, sa_restorer=0x7f6c4b84b890}, NULL, 8) = 0
28755 rt_sigaction(SIGPROF, NULL, {sa_handler=SIG_DFL, sa_mask=[], sa_flags=0}, 8) = 0
28755 rt_sigaction(SIGPROF, {sa_handler=0x459040, sa_mask=~[], sa_flags=SA_RESTORER|SA_ONSTACK|SA_RESTART|SA_SIGINFO, sa_restorer=0x7f6c4b84b890}, NULL, 8) = 0
28755 rt_sigaction(SIGWINCH, NULL, {sa_handler=SIG_DFL, sa_mask=[], sa_flags=0}, 8) = 0
28755 rt_sigaction(SIGWINCH, {sa_handler=0x459040, sa_mask=~[], sa_flags=SA_RESTORER|SA_ONSTACK|SA_RESTART|SA_SIGINFO, sa_restorer=0x7f6c4b84b890}, NULL, 8) = 0
28755 rt_sigaction(SIGIO, NULL, {sa_handler=SIG_DFL, sa_mask=[], sa_flags=0}, 8) = 0
28755 rt_sigaction(SIGIO, {sa_handler=0x459040, sa_mask=~[], sa_flags=SA_RESTORER|SA_ONSTACK|SA_RESTART|SA_SIGINFO, sa_restorer=0x7f6c4b84b890}, NULL, 8) = 0
28755 rt_sigaction(SIGPWR, NULL, {sa_handler=SIG_DFL, sa_mask=[], sa_flags=0}, 8) = 0
28755 rt_sigaction(SIGPWR, {sa_handler=0x459040, sa_mask=~[], sa_flags=SA_RESTORER|SA_ONSTACK|SA_RESTART|SA_SIGINFO, sa_restorer=0x7f6c4b84b890}, NULL, 8) = 0
28755 rt_sigaction(SIGSYS, NULL, {sa_handler=SIG_DFL, sa_mask=[], sa_flags=0}, 8) = 0
28755 rt_sigaction(SIGSYS, {sa_handler=0x459040, sa_mask=~[], sa_flags=SA_RESTORER|SA_ONSTACK|SA_RESTART|SA_SIGINFO, sa_restorer=0x7f6c4b84b890}, NULL, 8) = 0
28755 rt_sigaction(SIGRTMIN, NULL, {sa_handler=0x7f6c4b83ecb0, sa_mask=[], sa_flags=SA_RESTORER|SA_SIGINFO, sa_restorer=0x7f6c4b84b890}, 8) = 0
28755 rt_sigaction(SIGRTMIN, NULL, {sa_handler=0x7f6c4b83ecb0, sa_mask=[], sa_flags=SA_RESTORER|SA_SIGINFO, sa_restorer=0x7f6c4b84b890}, 8) = 0
28755 rt_sigaction(SIGRTMIN, {sa_handler=0x7f6c4b83ecb0, sa_mask=[], sa_flags=SA_RESTORER|SA_ONSTACK|SA_SIGINFO, sa_restorer=0x7f6c4b84b890}, NULL, 8) = 0
28755 rt_sigaction(SIGRT_1, NULL, {sa_handler=0x7f6c4b83ed50, sa_mask=[], sa_flags=SA_RESTORER|SA_RESTART|SA_SIGINFO, sa_restorer=0x7f6c4b84b890}, 8) = 0
28755 rt_sigaction(SIGRT_1, NULL, {sa_handler=0x7f6c4b83ed50, sa_mask=[], sa_flags=SA_RESTORER|SA_RESTART|SA_SIGINFO, sa_restorer=0x7f6c4b84b890}, 8) = 0
28755 rt_sigaction(SIGRT_1, {sa_handler=0x7f6c4b83ed50, sa_mask=[], sa_flags=SA_RESTORER|SA_ONSTACK|SA_RESTART|SA_SIGINFO, sa_restorer=0x7f6c4b84b890}, NULL, 8) = 0
28755 rt_sigaction(SIGRT_2, NULL, {sa_handler=SIG_DFL, sa_mask=[], sa_flags=0}, 8) = 0
28755 rt_sigaction(SIGRT_2, {sa_handler=0x459040, sa_mask=~[], sa_flags=SA_RESTORER|SA_ONSTACK|SA_RESTART|SA_SIGINFO, sa_restorer=0x7f6c4b84b890}, NULL, 8) = 0
28755 rt_sigaction(SIGRT_3, NULL, {sa_handler=SIG_DFL, sa_mask=[], sa_flags=0}, 8) = 0
28755 rt_sigaction(SIGRT_3, {sa_handler=0x459040, sa_mask=~[], sa_flags=SA_RESTORER|SA_ONSTACK|SA_RESTART|SA_SIGINFO, sa_restorer=0x7f6c4b84b890}, NULL, 8) = 0
28755 rt_sigaction(SIGRT_4, NULL, {sa_handler=SIG_DFL, sa_mask=[], sa_flags=0}, 8) = 0
28755 rt_sigaction(SIGRT_4, {sa_handler=0x459040, sa_mask=~[], sa_flags=SA_RESTORER|SA_ONSTACK|SA_RESTART|SA_SIGINFO, sa_restorer=0x7f6c4b84b890}, NULL, 8) = 0
28755 rt_sigaction(SIGRT_5, NULL, {sa_handler=SIG_DFL, sa_mask=[], sa_flags=0}, 8) = 0
28755 rt_sigaction(SIGRT_5, {sa_handler=0x459040, sa_mask=~[], sa_flags=SA_RESTORER|SA_ONSTACK|SA_RESTART|SA_SIGINFO, sa_restorer=0x7f6c4b84b890}, NULL, 8) = 0
28755 rt_sigaction(SIGRT_6, NULL, {sa_handler=SIG_DFL, sa_mask=[], sa_flags=0}, 8) = 0
28755 rt_sigaction(SIGRT_6, {sa_handler=0x459040, sa_mask=~[], sa_flags=SA_RESTORER|SA_ONSTACK|SA_RESTART|SA_SIGINFO, sa_restorer=0x7f6c4b84b890}, NULL, 8) = 0
28755 rt_sigaction(SIGRT_7, NULL, {sa_handler=SIG_DFL, sa_mask=[], sa_flags=0}, 8) = 0
28755 rt_sigaction(SIGRT_7, {sa_handler=0x459040, sa_mask=~[], sa_flags=SA_RESTORER|SA_ONSTACK|SA_RESTART|SA_SIGINFO, sa_restorer=0x7f6c4b84b890}, NULL, 8) = 0
28755 rt_sigaction(SIGRT_8, NULL, {sa_handler=SIG_DFL, sa_mask=[], sa_flags=0}, 8) = 0
28755 rt_sigaction(SIGRT_8, {sa_handler=0x459040, sa_mask=~[], sa_flags=SA_RESTORER|SA_ONSTACK|SA_RESTART|SA_SIGINFO, sa_restorer=0x7f6c4b84b890}, NULL, 8) = 0
28755 rt_sigaction(SIGRT_9, NULL, {sa_handler=SIG_DFL, sa_mask=[], sa_flags=0}, 8) = 0
28755 rt_sigaction(SIGRT_9, {sa_handler=0x459040, sa_mask=~[], sa_flags=SA_RESTORER|SA_ONSTACK|SA_RESTART|SA_SIGINFO, sa_restorer=0x7f6c4b84b890}, NULL, 8) = 0
28755 rt_sigaction(SIGRT_10, NULL, {sa_handler=SIG_DFL, sa_mask=[], sa_flags=0}, 8) = 0
28755 rt_sigaction(SIGRT_10, {sa_handler=0x459040, sa_mask=~[], sa_flags=SA_RESTORER|SA_ONSTACK|SA_RESTART|SA_SIGINFO, sa_restorer=0x7f6c4b84b890}, NULL, 8) = 0
28755 rt_sigaction(SIGRT_11, NULL, {sa_handler=SIG_DFL, sa_mask=[], sa_flags=0}, 8) = 0
28755 rt_sigaction(SIGRT_11, {sa_handler=0x459040, sa_mask=~[], sa_flags=SA_RESTORER|SA_ONSTACK|SA_RESTART|SA_SIGINFO, sa_restorer=0x7f6c4b84b890}, NULL, 8) = 0
28755 rt_sigaction(SIGRT_12, NULL, {sa_handler=SIG_DFL, sa_mask=[], sa_flags=0}, 8) = 0
28755 rt_sigaction(SIGRT_12, {sa_handler=0x459040, sa_mask=~[], sa_flags=SA_RESTORER|SA_ONSTACK|SA_RESTART|SA_SIGINFO, sa_restorer=0x7f6c4b84b890}, NULL, 8) = 0
28755 rt_sigaction(SIGRT_13, NULL, {sa_handler=SIG_DFL, sa_mask=[], sa_flags=0}, 8) = 0
28755 rt_sigaction(SIGRT_13, {sa_handler=0x459040, sa_mask=~[], sa_flags=SA_RESTORER|SA_ONSTACK|SA_RESTART|SA_SIGINFO, sa_restorer=0x7f6c4b84b890}, NULL, 8) = 0
28755 rt_sigaction(SIGRT_14, NULL, {sa_handler=SIG_DFL, sa_mask=[], sa_flags=0}, 8) = 0
28755 rt_sigaction(SIGRT_14, {sa_handler=0x459040, sa_mask=~[], sa_flags=SA_RESTORER|SA_ONSTACK|SA_RESTART|SA_SIGINFO, sa_restorer=0x7f6c4b84b890}, NULL, 8) = 0
28755 rt_sigaction(SIGRT_15, NULL, {sa_handler=SIG_DFL, sa_mask=[], sa_flags=0}, 8) = 0
28755 rt_sigaction(SIGRT_15, {sa_handler=0x459040, sa_mask=~[], sa_flags=SA_RESTORER|SA_ONSTACK|SA_RESTART|SA_SIGINFO, sa_restorer=0x7f6c4b84b890}, NULL, 8) = 0
28755 rt_sigaction(SIGRT_16, NULL, {sa_handler=SIG_DFL, sa_mask=[], sa_flags=0}, 8) = 0
28755 rt_sigaction(SIGRT_16, {sa_handler=0x459040, sa_mask=~[], sa_flags=SA_RESTORER|SA_ONSTACK|SA_RESTART|SA_SIGINFO, sa_restorer=0x7f6c4b84b890}, NULL, 8) = 0
28755 rt_sigaction(SIGRT_17, NULL, {sa_handler=SIG_DFL, sa_mask=[], sa_flags=0}, 8) = 0
28755 rt_sigaction(SIGRT_17, {sa_handler=0x459040, sa_mask=~[], sa_flags=SA_RESTORER|SA_ONSTACK|SA_RESTART|SA_SIGINFO, sa_restorer=0x7f6c4b84b890}, NULL, 8) = 0
28755 rt_sigaction(SIGRT_18, NULL, {sa_handler=SIG_DFL, sa_mask=[], sa_flags=0}, 8) = 0
28755 rt_sigaction(SIGRT_18, {sa_handler=0x459040, sa_mask=~[], sa_flags=SA_RESTORER|SA_ONSTACK|SA_RESTART|SA_SIGINFO, sa_restorer=0x7f6c4b84b890}, NULL, 8) = 0
28755 rt_sigaction(SIGRT_19, NULL, {sa_handler=SIG_DFL, sa_mask=[], sa_flags=0}, 8) = 0
28755 rt_sigaction(SIGRT_19, {sa_handler=0x459040, sa_mask=~[], sa_flags=SA_RESTORER|SA_ONSTACK|SA_RESTART|SA_SIGINFO, sa_restorer=0x7f6c4b84b890}, NULL, 8) = 0
28755 rt_sigaction(SIGRT_20, NULL, {sa_handler=SIG_DFL, sa_mask=[], sa_flags=0}, 8) = 0
28755 rt_sigaction(SIGRT_20, {sa_handler=0x459040, sa_mask=~[], sa_flags=SA_RESTORER|SA_ONSTACK|SA_RESTART|SA_SIGINFO, sa_restorer=0x7f6c4b84b890}, NULL, 8) = 0
28755 rt_sigaction(SIGRT_21, NULL, {sa_handler=SIG_DFL, sa_mask=[], sa_flags=0}, 8) = 0
28755 rt_sigaction(SIGRT_21, {sa_handler=0x459040, sa_mask=~[], sa_flags=SA_RESTORER|SA_ONSTACK|SA_RESTART|SA_SIGINFO, sa_restorer=0x7f6c4b84b890}, NULL, 8) = 0
28755 rt_sigaction(SIGRT_22, NULL, {sa_handler=SIG_DFL, sa_mask=[], sa_flags=0}, 8) = 0
28755 rt_sigaction(SIGRT_22, {sa_handler=0x459040, sa_mask=~[], sa_flags=SA_RESTORER|SA_ONSTACK|SA_RESTART|SA_SIGINFO, sa_restorer=0x7f6c4b84b890}, NULL, 8) = 0
28755 rt_sigaction(SIGRT_23, NULL, {sa_handler=SIG_DFL, sa_mask=[], sa_flags=0}, 8) = 0
28755 rt_sigaction(SIGRT_23, {sa_handler=0x459040, sa_mask=~[], sa_flags=SA_RESTORER|SA_ONSTACK|SA_RESTART|SA_SIGINFO, sa_restorer=0x7f6c4b84b890}, NULL, 8) = 0
28755 rt_sigaction(SIGRT_24, NULL, {sa_handler=SIG_DFL, sa_mask=[], sa_flags=0}, 8) = 0
28755 rt_sigaction(SIGRT_24, {sa_handler=0x459040, sa_mask=~[], sa_flags=SA_RESTORER|SA_ONSTACK|SA_RESTART|SA_SIGINFO, sa_restorer=0x7f6c4b84b890}, NULL, 8) = 0
28755 rt_sigaction(SIGRT_25, NULL, {sa_handler=SIG_DFL, sa_mask=[], sa_flags=0}, 8) = 0
28755 rt_sigaction(SIGRT_25, {sa_handler=0x459040, sa_mask=~[], sa_flags=SA_RESTORER|SA_ONSTACK|SA_RESTART|SA_SIGINFO, sa_restorer=0x7f6c4b84b890}, NULL, 8) = 0
28755 rt_sigaction(SIGRT_26, NULL, {sa_handler=SIG_DFL, sa_mask=[], sa_flags=0}, 8) = 0
28755 rt_sigaction(SIGRT_26, {sa_handler=0x459040, sa_mask=~[], sa_flags=SA_RESTORER|SA_ONSTACK|SA_RESTART|SA_SIGINFO, sa_restorer=0x7f6c4b84b890}, NULL, 8) = 0
28755 rt_sigaction(SIGRT_27, NULL, {sa_handler=SIG_DFL, sa_mask=[], sa_flags=0}, 8) = 0
28755 rt_sigaction(SIGRT_27, {sa_handler=0x459040, sa_mask=~[], sa_flags=SA_RESTORER|SA_ONSTACK|SA_RESTART|SA_SIGINFO, sa_restorer=0x7f6c4b84b890}, NULL, 8) = 0
28755 rt_sigaction(SIGRT_28, NULL, {sa_handler=SIG_DFL, sa_mask=[], sa_flags=0}, 8) = 0
28755 rt_sigaction(SIGRT_28, {sa_handler=0x459040, sa_mask=~[], sa_flags=SA_RESTORER|SA_ONSTACK|SA_RESTART|SA_SIGINFO, sa_restorer=0x7f6c4b84b890}, NULL, 8) = 0
28755 rt_sigaction(SIGRT_29, NULL, {sa_handler=SIG_DFL, sa_mask=[], sa_flags=0}, 8) = 0
28755 rt_sigaction(SIGRT_29, {sa_handler=0x459040, sa_mask=~[], sa_flags=SA_RESTORER|SA_ONSTACK|SA_RESTART|SA_SIGINFO, sa_restorer=0x7f6c4b84b890}, NULL, 8) = 0
28755 rt_sigaction(SIGRT_30, NULL, {sa_handler=SIG_DFL, sa_mask=[], sa_flags=0}, 8) = 0
28755 rt_sigaction(SIGRT_30, {sa_handler=0x459040, sa_mask=~[], sa_flags=SA_RESTORER|SA_ONSTACK|SA_RESTART|SA_SIGINFO, sa_restorer=0x7f6c4b84b890}, NULL, 8) = 0
28755 rt_sigaction(SIGRT_31, NULL, {sa_handler=SIG_DFL, sa_mask=[], sa_flags=0}, 8) = 0
28755 rt_sigaction(SIGRT_31, {sa_handler=0x459040, sa_mask=~[], sa_flags=SA_RESTORER|SA_ONSTACK|SA_RESTART|SA_SIGINFO, sa_restorer=0x7f6c4b84b890}, NULL, 8) = 0
28755 rt_sigaction(SIGRT_32, NULL, {sa_handler=SIG_DFL, sa_mask=[], sa_flags=0}, 8) = 0
28755 rt_sigaction(SIGRT_32, {sa_handler=0x459040, sa_mask=~[], sa_flags=SA_RESTORER|SA_ONSTACK|SA_RESTART|SA_SIGINFO, sa_restorer=0x7f6c4b84b890}, NULL, 8) = 0
28755 rt_sigprocmask(SIG_SETMASK, ~[RTMIN RT_1], [], 8) = 0
28755 mmap(NULL, 8392704, PROT_NONE, MAP_PRIVATE|MAP_ANONYMOUS|MAP_STACK, -1, 0) = 0x7f6c48a36000
28755 mprotect(0x7f6c48a37000, 8388608, PROT_READ|PROT_WRITE) = 0
28755 clone(child_stack=0x7f6c49235fb0, flags=CLONE_VM|CLONE_FS|CLONE_FILES|CLONE_SIGHAND|CLONE_THREAD|CLONE_SYSVSEM|CLONE_SETTLS|CLONE_PARENT_SETTID|CLONE_CHILD_CLEARTID, parent_tidptr=0x7f6c492369d0, tls=0x7f6c49236700, child_tidptr=0x7f6c492369d0) = 28756
28756 set_robust_list(0x7f6c492369e0, 24 <unfinished ...>
28755 rt_sigprocmask(SIG_SETMASK, [],  <unfinished ...>
28756 <... set_robust_list resumed> )   = 0
28755 <... rt_sigprocmask resumed> NULL, 8) = 0
28756 mmap(NULL, 134217728, PROT_NONE, MAP_PRIVATE|MAP_ANONYMOUS|MAP_NORESERVE, -1, 0) = 0x7f6c40a36000
28756 munmap(0x7f6c40a36000, 56401920 <unfinished ...>
28755 rt_sigprocmask(SIG_SETMASK, ~[RTMIN RT_1],  <unfinished ...>
28756 <... munmap resumed> )            = 0
28755 <... rt_sigprocmask resumed> [], 8) = 0
28756 munmap(0x7f6c48000000, 10706944 <unfinished ...>
28755 mmap(NULL, 8392704, PROT_NONE, MAP_PRIVATE|MAP_ANONYMOUS|MAP_STACK, -1, 0 <unfinished ...>
28756 <... munmap resumed> )            = 0
28755 <... mmap resumed> )              = 0x7f6c48235000
28756 mprotect(0x7f6c44000000, 135168, PROT_READ|PROT_WRITE <unfinished ...>
28755 mprotect(0x7f6c48236000, 8388608, PROT_READ|PROT_WRITE <unfinished ...>
28756 <... mprotect resumed> )          = 0
28755 <... mprotect resumed> )          = 0
28756 sigaltstack(NULL,  <unfinished ...>
28755 clone( <unfinished ...>
28756 <... sigaltstack resumed> {ss_sp=NULL, ss_flags=SS_DISABLE, ss_size=0}) = 0
28755 <... clone resumed> child_stack=0x7f6c48a34fb0, flags=CLONE_VM|CLONE_FS|CLONE_FILES|CLONE_SIGHAND|CLONE_THREAD|CLONE_SYSVSEM|CLONE_SETTLS|CLONE_PARENT_SETTID|CLONE_CHILD_CLEARTID, parent_tidptr=0x7f6c48a359d0, tls=0x7f6c48a35700, child_tidptr=0x7f6c48a359d0) = 28757
28757 set_robust_list(0x7f6c48a359e0, 24 <unfinished ...>
28755 rt_sigprocmask(SIG_SETMASK, [],  <unfinished ...>
28756 sigaltstack({ss_sp=0xc00004e000, ss_flags=0, ss_size=32768},  <unfinished ...>
28755 <... rt_sigprocmask resumed> NULL, 8) = 0
28756 <... sigaltstack resumed> NULL)   = 0
28757 <... set_robust_list resumed> )   = 0
28755 rt_sigprocmask(SIG_SETMASK, ~[RTMIN RT_1],  <unfinished ...>
28756 rt_sigprocmask(SIG_SETMASK, [],  <unfinished ...>
28755 <... rt_sigprocmask resumed> [], 8) = 0
28756 <... rt_sigprocmask resumed> NULL, 8) = 0
28755 mmap(NULL, 8392704, PROT_NONE, MAP_PRIVATE|MAP_ANONYMOUS|MAP_STACK, -1, 0 <unfinished ...>
28756 gettid( <unfinished ...>
28755 <... mmap resumed> )              = 0x7f6c437ff000
28756 <... gettid resumed> )            = 28756
28755 mprotect(0x7f6c43800000, 8388608, PROT_READ|PROT_WRITE <unfinished ...>
28756 nanosleep({tv_sec=0, tv_nsec=20000},  <unfinished ...>
28755 <... mprotect resumed> )          = 0
28757 mmap(NULL, 134217728, PROT_NONE, MAP_PRIVATE|MAP_ANONYMOUS|MAP_NORESERVE, -1, 0 <unfinished ...>
28755 clone( <unfinished ...>
28756 <... nanosleep resumed> NULL)     = 0
28755 <... clone resumed> child_stack=0x7f6c43ffefb0, flags=CLONE_VM|CLONE_FS|CLONE_FILES|CLONE_SIGHAND|CLONE_THREAD|CLONE_SYSVSEM|CLONE_SETTLS|CLONE_PARENT_SETTID|CLONE_CHILD_CLEARTID, parent_tidptr=0x7f6c43fff9d0, tls=0x7f6c43fff700, child_tidptr=0x7f6c43fff9d0) = 28758
28758 set_robust_list(0x7f6c43fff9e0, 24 <unfinished ...>
28755 rt_sigprocmask(SIG_SETMASK, [],  <unfinished ...>
28758 <... set_robust_list resumed> )   = 0
28755 <... rt_sigprocmask resumed> NULL, 8) = 0
28758 mmap(NULL, 134217728, PROT_NONE, MAP_PRIVATE|MAP_ANONYMOUS|MAP_NORESERVE, -1, 0 <unfinished ...>
28755 futex(0x6199e8, FUTEX_WAIT_PRIVATE, 0, NULL <unfinished ...>
28758 <... mmap resumed> )              = 0x7f6c3b7ff000
28756 nanosleep({tv_sec=0, tv_nsec=20000},  <unfinished ...>
28758 munmap(0x7f6c3b7ff000, 8392704 <unfinished ...>
28757 <... mmap resumed> )              = 0x7f6c337ff000
28758 <... munmap resumed> )            = 0
28756 <... nanosleep resumed> NULL)     = 0
28758 munmap(0x7f6c40000000, 58716160 <unfinished ...>
28756 nanosleep({tv_sec=0, tv_nsec=20000},  <unfinished ...>
28758 <... munmap resumed> )            = 0
28757 munmap(0x7f6c337ff000, 8392704 <unfinished ...>
28758 mprotect(0x7f6c3c000000, 135168, PROT_READ|PROT_WRITE <unfinished ...>
28756 <... nanosleep resumed> NULL)     = 0
28758 <... mprotect resumed> )          = 0
28756 nanosleep({tv_sec=0, tv_nsec=20000},  <unfinished ...>
28758 sigaltstack(NULL, {ss_sp=NULL, ss_flags=SS_DISABLE, ss_size=0}) = 0
28757 <... munmap resumed> )            = 0
28758 sigaltstack({ss_sp=0xc000064000, ss_flags=0, ss_size=32768},  <unfinished ...>
28756 <... nanosleep resumed> NULL)     = 0
28758 <... sigaltstack resumed> NULL)   = 0
28756 nanosleep({tv_sec=0, tv_nsec=20000},  <unfinished ...>
28758 rt_sigprocmask(SIG_SETMASK, [],  <unfinished ...>
28756 <... nanosleep resumed> NULL)     = 0
28758 <... rt_sigprocmask resumed> NULL, 8) = 0
28756 nanosleep({tv_sec=0, tv_nsec=20000},  <unfinished ...>
28758 gettid( <unfinished ...>
28757 munmap(0x7f6c38000000, 58716160 <unfinished ...>
28758 <... gettid resumed> )            = 28758
28756 <... nanosleep resumed> NULL)     = 0
28756 nanosleep({tv_sec=0, tv_nsec=20000},  <unfinished ...>
28758 futex(0x6199e8, FUTEX_WAKE_PRIVATE, 1 <unfinished ...>
28757 <... munmap resumed> )            = 0
28756 <... nanosleep resumed> NULL)     = 0
28757 mprotect(0x7f6c34000000, 135168, PROT_READ|PROT_WRITE) = 0
28757 sigaltstack(NULL, {ss_sp=NULL, ss_flags=SS_DISABLE, ss_size=0}) = 0
28757 sigaltstack({ss_sp=0xc000056000, ss_flags=0, ss_size=32768}, NULL) = 0
28757 rt_sigprocmask(SIG_SETMASK, [], NULL, 8) = 0
28757 gettid()                          = 28757
28757 futex(0xc00003c848, FUTEX_WAIT_PRIVATE, 0, NULL <unfinished ...>
28755 <... futex resumed> )             = 0
28758 <... futex resumed> )             = 1
28756 nanosleep({tv_sec=0, tv_nsec=20000},  <unfinished ...>
28758 futex(0xc00003cbc8, FUTEX_WAIT_PRIVATE, 0, NULL <unfinished ...>
28756 <... nanosleep resumed> NULL)     = 0
28756 nanosleep({tv_sec=0, tv_nsec=20000}, NULL) = 0
28755 rt_sigprocmask(SIG_SETMASK, ~[RTMIN RT_1],  <unfinished ...>
28756 nanosleep({tv_sec=0, tv_nsec=20000},  <unfinished ...>
28755 <... rt_sigprocmask resumed> [], 8) = 0
28755 mmap(NULL, 8392704, PROT_NONE, MAP_PRIVATE|MAP_ANONYMOUS|MAP_STACK, -1, 0 <unfinished ...>
28756 <... nanosleep resumed> NULL)     = 0
28755 <... mmap resumed> )              = 0x7f6c42ffe000
28756 nanosleep({tv_sec=0, tv_nsec=20000},  <unfinished ...>
28755 mprotect(0x7f6c42fff000, 8388608, PROT_READ|PROT_WRITE) = 0
28756 <... nanosleep resumed> NULL)     = 0
28755 clone( <unfinished ...>
28756 nanosleep({tv_sec=0, tv_nsec=20000},  <unfinished ...>
28759 set_robust_list(0x7f6c437fe9e0, 24 <unfinished ...>
28755 <... clone resumed> child_stack=0x7f6c437fdfb0, flags=CLONE_VM|CLONE_FS|CLONE_FILES|CLONE_SIGHAND|CLONE_THREAD|CLONE_SYSVSEM|CLONE_SETTLS|CLONE_PARENT_SETTID|CLONE_CHILD_CLEARTID, parent_tidptr=0x7f6c437fe9d0, tls=0x7f6c437fe700, child_tidptr=0x7f6c437fe9d0) = 28759
28759 <... set_robust_list resumed> )   = 0
28755 rt_sigprocmask(SIG_SETMASK, [],  <unfinished ...>
28759 mmap(NULL, 134217728, PROT_NONE, MAP_PRIVATE|MAP_ANONYMOUS|MAP_NORESERVE, -1, 0 <unfinished ...>
28755 <... rt_sigprocmask resumed> NULL, 8) = 0
28759 <... mmap resumed> )              = 0x7f6c2c000000
28756 <... nanosleep resumed> NULL)     = 0
28759 munmap(0x7f6c30000000, 67108864 <unfinished ...>
28756 nanosleep({tv_sec=0, tv_nsec=20000},  <unfinished ...>
28759 <... munmap resumed> )            = 0
28759 mprotect(0x7f6c2c000000, 135168, PROT_READ|PROT_WRITE <unfinished ...>
28756 <... nanosleep resumed> NULL)     = 0
28759 <... mprotect resumed> )          = 0
28756 nanosleep({tv_sec=0, tv_nsec=20000},  <unfinished ...>
28755 readlinkat(AT_FDCWD, "/proc/self/exe",  <unfinished ...>
28759 sigaltstack(NULL,  <unfinished ...>
28755 <... readlinkat resumed> "/home/vagrant/go/src/github.com/"..., 128) = 68
28756 <... nanosleep resumed> NULL)     = 0
28755 fcntl(0, F_GETFL <unfinished ...>
28756 nanosleep({tv_sec=0, tv_nsec=20000},  <unfinished ...>
28755 <... fcntl resumed> )             = 0x2 (flags O_RDWR)
28759 <... sigaltstack resumed> {ss_sp=NULL, ss_flags=SS_DISABLE, ss_size=0}) = 0
28756 <... nanosleep resumed> NULL)     = 0
28755 futex(0xc00003cbc8, FUTEX_WAKE_PRIVATE, 1 <unfinished ...>
28759 sigaltstack({ss_sp=0xc00006e000, ss_flags=0, ss_size=32768},  <unfinished ...>
28755 <... futex resumed> )             = 1
28759 <... sigaltstack resumed> NULL)   = 0
28755 mmap(NULL, 262144, PROT_READ|PROT_WRITE, MAP_PRIVATE|MAP_ANONYMOUS, -1, 0 <unfinished ...>
28759 rt_sigprocmask(SIG_SETMASK, [],  <unfinished ...>
28755 <... mmap resumed> )              = 0x7f6c4bbd3000
28759 <... rt_sigprocmask resumed> NULL, 8) = 0
28755 fcntl(1, F_GETFL <unfinished ...>
28759 gettid( <unfinished ...>
28755 <... fcntl resumed> )             = 0x2 (flags O_RDWR)
28759 <... gettid resumed> )            = 28759
28755 fcntl(2, F_GETFL <unfinished ...>
28759 futex(0x634518, FUTEX_WAIT_PRIVATE, 0, NULL <unfinished ...>
28755 <... fcntl resumed> )             = 0x2 (flags O_RDWR)
28758 <... futex resumed> )             = 0
28756 nanosleep({tv_sec=0, tv_nsec=20000},  <unfinished ...>
28758 nanosleep({tv_sec=0, tv_nsec=3000},  <unfinished ...>
28756 <... nanosleep resumed> NULL)     = 0
28756 nanosleep({tv_sec=0, tv_nsec=20000}, NULL) = 0
28756 nanosleep({tv_sec=0, tv_nsec=20000},  <unfinished ...>
28758 <... nanosleep resumed> NULL)     = 0
28756 <... nanosleep resumed> NULL)     = 0
28758 futex(0xc00003cbc8, FUTEX_WAIT_PRIVATE, 0, NULL <unfinished ...>
28756 nanosleep({tv_sec=0, tv_nsec=20000},  <unfinished ...>
28755 openat(AT_FDCWD, "/etc//localtime", O_RDONLY <unfinished ...>
28756 <... nanosleep resumed> NULL)     = 0
28755 <... openat resumed> )            = 3
28756 nanosleep({tv_sec=0, tv_nsec=20000},  <unfinished ...>
28755 read(3, "TZif2\0\0\0\0\0\0\0\0\0\0\0\0\0\0\0\0\0\0\1\0\0\0\1\0\0\0\0"..., 4096) = 127
28755 read(3,  <unfinished ...>
28756 <... nanosleep resumed> NULL)     = 0
28755 <... read resumed> "", 4096)      = 0
28756 nanosleep({tv_sec=0, tv_nsec=20000},  <unfinished ...>
28755 close(3)                          = 0
28756 <... nanosleep resumed> NULL)     = 0
28755 write(2, "2019/09/11 10:30:13 Listening on"..., 46 <unfinished ...>
28756 nanosleep({tv_sec=0, tv_nsec=20000},  <unfinished ...>
28755 <... write resumed> )             = 46
28756 <... nanosleep resumed> NULL)     = 0
28756 nanosleep({tv_sec=0, tv_nsec=20000}, NULL) = 0
28756 nanosleep({tv_sec=0, tv_nsec=20000}, NULL) = 0
28756 nanosleep({tv_sec=0, tv_nsec=20000}, NULL) = 0
28755 socket(AF_INET, SOCK_STREAM|SOCK_CLOEXEC|SOCK_NONBLOCK, IPPROTO_IP <unfinished ...>
28756 nanosleep({tv_sec=0, tv_nsec=20000},  <unfinished ...>
28755 <... socket resumed> )            = 3
28756 <... nanosleep resumed> NULL)     = 0
28755 setsockopt(3, SOL_SOCKET, SO_BROADCAST, [1], 4 <unfinished ...>
28756 nanosleep({tv_sec=0, tv_nsec=20000},  <unfinished ...>
28755 <... setsockopt resumed> )        = 0
28756 <... nanosleep resumed> NULL)     = 0
28756 nanosleep({tv_sec=0, tv_nsec=20000},  <unfinished ...>
28755 openat(AT_FDCWD, "/proc/sys/net/core/somaxconn", O_RDONLY|O_CLOEXEC) = 4
28756 <... nanosleep resumed> NULL)     = 0
28755 epoll_create1(EPOLL_CLOEXEC <unfinished ...>
28756 nanosleep({tv_sec=0, tv_nsec=20000},  <unfinished ...>
28755 <... epoll_create1 resumed> )     = 5
28755 epoll_ctl(5, EPOLL_CTL_ADD, 4, {EPOLLIN|EPOLLOUT|EPOLLRDHUP|EPOLLET, {u32=1270710072, u64=140103103905592}} <unfinished ...>
28756 <... nanosleep resumed> NULL)     = 0
28755 <... epoll_ctl resumed> )         = 0
28756 epoll_pwait(5,  <unfinished ...>
28755 fcntl(4, F_GETFL <unfinished ...>
28756 <... epoll_pwait resumed> [{EPOLLIN|EPOLLOUT, {u32=1270710072, u64=140103103905592}}], 128, 0, NULL, 99373099712773) = 1
28755 <... fcntl resumed> )             = 0x8000 (flags O_RDONLY|O_LARGEFILE)
28756 nanosleep({tv_sec=0, tv_nsec=20000},  <unfinished ...>
28755 fcntl(4, F_SETFL, O_RDONLY|O_NONBLOCK|O_LARGEFILE) = 0
28756 <... nanosleep resumed> NULL)     = 0
28755 read(4,  <unfinished ...>
28756 nanosleep({tv_sec=0, tv_nsec=20000},  <unfinished ...>
28755 <... read resumed> "128\n", 65536) = 4
28756 <... nanosleep resumed> NULL)     = 0
28755 read(4,  <unfinished ...>
28756 nanosleep({tv_sec=0, tv_nsec=20000},  <unfinished ...>
28755 <... read resumed> "", 65532)     = 0
28755 epoll_ctl(5, EPOLL_CTL_DEL, 4, 0xc000093a64) = 0
28755 close(4)                          = 0
28756 <... nanosleep resumed> NULL)     = 0
28756 nanosleep({tv_sec=0, tv_nsec=20000},  <unfinished ...>
28755 setsockopt(3, SOL_SOCKET, SO_REUSEADDR, [1], 4) = 0
28756 <... nanosleep resumed> NULL)     = 0
28755 bind(3, {sa_family=AF_INET, sin_port=htons(8080), sin_addr=inet_addr("0.0.0.0")}, 16 <unfinished ...>
28756 nanosleep({tv_sec=0, tv_nsec=20000},  <unfinished ...>
28755 <... bind resumed> )              = 0
28755 listen(3, 128 <unfinished ...>
28756 <... nanosleep resumed> NULL)     = 0
28755 <... listen resumed> )            = 0
28756 nanosleep({tv_sec=0, tv_nsec=20000},  <unfinished ...>
28755 epoll_ctl(5, EPOLL_CTL_ADD, 3, {EPOLLIN|EPOLLOUT|EPOLLRDHUP|EPOLLET, {u32=1270710072, u64=140103103905592}}) = 0
28756 <... nanosleep resumed> NULL)     = 0
28755 getsockname(3,  <unfinished ...>
28756 nanosleep({tv_sec=0, tv_nsec=20000},  <unfinished ...>
28755 <... getsockname resumed> {sa_family=AF_INET, sin_port=htons(8080), sin_addr=inet_addr("0.0.0.0")}, [112->16]) = 0
28755 epoll_ctl(5, EPOLL_CTL_DEL, 3, 0xc000093dec <unfinished ...>
28756 <... nanosleep resumed> NULL)     = 0
28755 <... epoll_ctl resumed> )         = 0
28756 nanosleep({tv_sec=0, tv_nsec=20000},  <unfinished ...>
28755 close(3 <unfinished ...>
28756 <... nanosleep resumed> NULL)     = 0
28755 <... close resumed> )             = 0
28756 epoll_pwait(5,  <unfinished ...>
28755 exit_group(0 <unfinished ...>
28756 <... epoll_pwait resumed> [], 128, 0, NULL, 99373114631874) = 0
28755 <... exit_group resumed>)         = ?
28759 <... futex resumed>)              = ?
28759 +++ exited with 0 +++
28758 <... futex resumed>)              = ?
28757 <... futex resumed>)              = ?
28758 +++ exited with 0 +++
28757 +++ exited with 0 +++
28756 +++ exited with 0 +++
28755 +++ exited with 0 +++
