13820 execve("./server", ["./server"], 0x7ffd2c34bfb8 /* 23 vars */) = 0
13820 brk(NULL)                         = 0x236c000
13820 access("/etc/ld.so.nohwcap", F_OK) = -1 ENOENT (No such file or directory)
13820 access("/etc/ld.so.preload", R_OK) = -1 ENOENT (No such file or directory)
13820 openat(AT_FDCWD, "/etc/ld.so.cache", O_RDONLY|O_CLOEXEC) = 3
13820 fstat(3, {st_mode=S_IFREG|0644, st_size=26638, ...}) = 0
13820 mmap(NULL, 26638, PROT_READ, MAP_PRIVATE, 3, 0) = 0x7f8af6307000
13820 close(3)                          = 0
13820 access("/etc/ld.so.nohwcap", F_OK) = -1 ENOENT (No such file or directory)
13820 openat(AT_FDCWD, "/lib/x86_64-linux-gnu/libpthread.so.0", O_RDONLY|O_CLOEXEC) = 3
13820 read(3, "\177ELF\2\1\1\0\0\0\0\0\0\0\0\0\3\0>\0\1\0\0\0000b\0\0\0\0\0\0"..., 832) = 832
13820 fstat(3, {st_mode=S_IFREG|0755, st_size=144976, ...}) = 0
13820 mmap(NULL, 8192, PROT_READ|PROT_WRITE, MAP_PRIVATE|MAP_ANONYMOUS, -1, 0) = 0x7f8af6305000
13820 mmap(NULL, 2221184, PROT_READ|PROT_EXEC, MAP_PRIVATE|MAP_DENYWRITE, 3, 0) = 0x7f8af5ec8000
13820 mprotect(0x7f8af5ee2000, 2093056, PROT_NONE) = 0
13820 mmap(0x7f8af60e1000, 8192, PROT_READ|PROT_WRITE, MAP_PRIVATE|MAP_FIXED|MAP_DENYWRITE, 3, 0x19000) = 0x7f8af60e1000
13820 mmap(0x7f8af60e3000, 13440, PROT_READ|PROT_WRITE, MAP_PRIVATE|MAP_FIXED|MAP_ANONYMOUS, -1, 0) = 0x7f8af60e3000
13820 close(3)                          = 0
13820 access("/etc/ld.so.nohwcap", F_OK) = -1 ENOENT (No such file or directory)
13820 openat(AT_FDCWD, "/lib/x86_64-linux-gnu/libc.so.6", O_RDONLY|O_CLOEXEC) = 3
13820 read(3, "\177ELF\2\1\1\3\0\0\0\0\0\0\0\0\3\0>\0\1\0\0\0\260\34\2\0\0\0\0\0"..., 832) = 832
13820 fstat(3, {st_mode=S_IFREG|0755, st_size=2030544, ...}) = 0
13820 mmap(NULL, 4131552, PROT_READ|PROT_EXEC, MAP_PRIVATE|MAP_DENYWRITE, 3, 0) = 0x7f8af5ad7000
13820 mprotect(0x7f8af5cbe000, 2097152, PROT_NONE) = 0
13820 mmap(0x7f8af5ebe000, 24576, PROT_READ|PROT_WRITE, MAP_PRIVATE|MAP_FIXED|MAP_DENYWRITE, 3, 0x1e7000) = 0x7f8af5ebe000
13820 mmap(0x7f8af5ec4000, 15072, PROT_READ|PROT_WRITE, MAP_PRIVATE|MAP_FIXED|MAP_ANONYMOUS, -1, 0) = 0x7f8af5ec4000
13820 close(3)                          = 0
13820 mmap(NULL, 12288, PROT_READ|PROT_WRITE, MAP_PRIVATE|MAP_ANONYMOUS, -1, 0) = 0x7f8af6302000
13820 arch_prctl(ARCH_SET_FS, 0x7f8af6302740) = 0
13820 mprotect(0x7f8af5ebe000, 16384, PROT_READ) = 0
13820 mprotect(0x7f8af60e1000, 4096, PROT_READ) = 0
13820 mprotect(0x7f8af630e000, 4096, PROT_READ) = 0
13820 munmap(0x7f8af6307000, 26638)     = 0
13820 set_tid_address(0x7f8af6302a10)   = 13820
13820 set_robust_list(0x7f8af6302a20, 24) = 0
13820 rt_sigaction(SIGRTMIN, {sa_handler=0x7f8af5ecdcb0, sa_mask=[], sa_flags=SA_RESTORER|SA_SIGINFO, sa_restorer=0x7f8af5eda890}, NULL, 8) = 0
13820 rt_sigaction(SIGRT_1, {sa_handler=0x7f8af5ecdd50, sa_mask=[], sa_flags=SA_RESTORER|SA_RESTART|SA_SIGINFO, sa_restorer=0x7f8af5eda890}, NULL, 8) = 0
13820 rt_sigprocmask(SIG_UNBLOCK, [RTMIN RT_1], NULL, 8) = 0
13820 prlimit64(0, RLIMIT_STACK, NULL, {rlim_cur=8192*1024, rlim_max=RLIM64_INFINITY}) = 0
13820 brk(NULL)                         = 0x236c000
13820 brk(0x238d000)                    = 0x238d000
13820 sched_getaffinity(0, 8192, [0, 1]) = 8
13820 mmap(NULL, 262144, PROT_READ|PROT_WRITE, MAP_PRIVATE|MAP_ANONYMOUS, -1, 0) = 0x7f8af62c2000
13820 mmap(0xc000000000, 67108864, PROT_NONE, MAP_PRIVATE|MAP_ANONYMOUS, -1, 0) = 0xc000000000
13820 mmap(0xc000000000, 67108864, PROT_READ|PROT_WRITE, MAP_PRIVATE|MAP_FIXED|MAP_ANONYMOUS, -1, 0) = 0xc000000000
13820 mmap(NULL, 33554432, PROT_READ|PROT_WRITE, MAP_PRIVATE|MAP_ANONYMOUS, -1, 0) = 0x7f8af3ad7000
13820 mmap(NULL, 2164736, PROT_READ|PROT_WRITE, MAP_PRIVATE|MAP_ANONYMOUS, -1, 0) = 0x7f8af38c6000
13820 mmap(NULL, 65536, PROT_READ|PROT_WRITE, MAP_PRIVATE|MAP_ANONYMOUS, -1, 0) = 0x7f8af62b2000
13820 mmap(NULL, 65536, PROT_READ|PROT_WRITE, MAP_PRIVATE|MAP_ANONYMOUS, -1, 0) = 0x7f8af62a2000
13820 rt_sigprocmask(SIG_SETMASK, NULL, [], 8) = 0
13820 sigaltstack(NULL, {ss_sp=NULL, ss_flags=SS_DISABLE, ss_size=0}) = 0
13820 sigaltstack({ss_sp=0xc000002000, ss_flags=0, ss_size=32768}, NULL) = 0
13820 rt_sigprocmask(SIG_SETMASK, [], NULL, 8) = 0
13820 gettid()                          = 13820
13820 rt_sigaction(SIGHUP, NULL, {sa_handler=SIG_DFL, sa_mask=[], sa_flags=0}, 8) = 0
13820 rt_sigaction(SIGHUP, {sa_handler=0x45a650, sa_mask=~[], sa_flags=SA_RESTORER|SA_ONSTACK|SA_RESTART|SA_SIGINFO, sa_restorer=0x7f8af5eda890}, NULL, 8) = 0
13820 rt_sigaction(SIGINT, NULL, {sa_handler=SIG_DFL, sa_mask=[], sa_flags=0}, 8) = 0
13820 rt_sigaction(SIGINT, {sa_handler=0x45a650, sa_mask=~[], sa_flags=SA_RESTORER|SA_ONSTACK|SA_RESTART|SA_SIGINFO, sa_restorer=0x7f8af5eda890}, NULL, 8) = 0
13820 rt_sigaction(SIGQUIT, NULL, {sa_handler=SIG_DFL, sa_mask=[], sa_flags=0}, 8) = 0
13820 rt_sigaction(SIGQUIT, {sa_handler=0x45a650, sa_mask=~[], sa_flags=SA_RESTORER|SA_ONSTACK|SA_RESTART|SA_SIGINFO, sa_restorer=0x7f8af5eda890}, NULL, 8) = 0
13820 rt_sigaction(SIGILL, NULL, {sa_handler=SIG_DFL, sa_mask=[], sa_flags=0}, 8) = 0
13820 rt_sigaction(SIGILL, {sa_handler=0x45a650, sa_mask=~[], sa_flags=SA_RESTORER|SA_ONSTACK|SA_RESTART|SA_SIGINFO, sa_restorer=0x7f8af5eda890}, NULL, 8) = 0
13820 rt_sigaction(SIGTRAP, NULL, {sa_handler=SIG_DFL, sa_mask=[], sa_flags=0}, 8) = 0
13820 rt_sigaction(SIGTRAP, {sa_handler=0x45a650, sa_mask=~[], sa_flags=SA_RESTORER|SA_ONSTACK|SA_RESTART|SA_SIGINFO, sa_restorer=0x7f8af5eda890}, NULL, 8) = 0
13820 rt_sigaction(SIGABRT, NULL, {sa_handler=SIG_DFL, sa_mask=[], sa_flags=0}, 8) = 0
13820 rt_sigaction(SIGABRT, {sa_handler=0x45a650, sa_mask=~[], sa_flags=SA_RESTORER|SA_ONSTACK|SA_RESTART|SA_SIGINFO, sa_restorer=0x7f8af5eda890}, NULL, 8) = 0
13820 rt_sigaction(SIGBUS, NULL, {sa_handler=SIG_DFL, sa_mask=[], sa_flags=0}, 8) = 0
13820 rt_sigaction(SIGBUS, {sa_handler=0x45a650, sa_mask=~[], sa_flags=SA_RESTORER|SA_ONSTACK|SA_RESTART|SA_SIGINFO, sa_restorer=0x7f8af5eda890}, NULL, 8) = 0
13820 rt_sigaction(SIGFPE, NULL, {sa_handler=SIG_DFL, sa_mask=[], sa_flags=0}, 8) = 0
13820 rt_sigaction(SIGFPE, {sa_handler=0x45a650, sa_mask=~[], sa_flags=SA_RESTORER|SA_ONSTACK|SA_RESTART|SA_SIGINFO, sa_restorer=0x7f8af5eda890}, NULL, 8) = 0
13820 rt_sigaction(SIGUSR1, NULL, {sa_handler=SIG_DFL, sa_mask=[], sa_flags=0}, 8) = 0
13820 rt_sigaction(SIGUSR1, {sa_handler=0x45a650, sa_mask=~[], sa_flags=SA_RESTORER|SA_ONSTACK|SA_RESTART|SA_SIGINFO, sa_restorer=0x7f8af5eda890}, NULL, 8) = 0
13820 rt_sigaction(SIGSEGV, NULL, {sa_handler=SIG_DFL, sa_mask=[], sa_flags=0}, 8) = 0
13820 rt_sigaction(SIGSEGV, {sa_handler=0x45a650, sa_mask=~[], sa_flags=SA_RESTORER|SA_ONSTACK|SA_RESTART|SA_SIGINFO, sa_restorer=0x7f8af5eda890}, NULL, 8) = 0
13820 rt_sigaction(SIGUSR2, NULL, {sa_handler=SIG_DFL, sa_mask=[], sa_flags=0}, 8) = 0
13820 rt_sigaction(SIGUSR2, {sa_handler=0x45a650, sa_mask=~[], sa_flags=SA_RESTORER|SA_ONSTACK|SA_RESTART|SA_SIGINFO, sa_restorer=0x7f8af5eda890}, NULL, 8) = 0
13820 rt_sigaction(SIGPIPE, NULL, {sa_handler=SIG_DFL, sa_mask=[], sa_flags=0}, 8) = 0
13820 rt_sigaction(SIGPIPE, {sa_handler=0x45a650, sa_mask=~[], sa_flags=SA_RESTORER|SA_ONSTACK|SA_RESTART|SA_SIGINFO, sa_restorer=0x7f8af5eda890}, NULL, 8) = 0
13820 rt_sigaction(SIGALRM, NULL, {sa_handler=SIG_DFL, sa_mask=[], sa_flags=0}, 8) = 0
13820 rt_sigaction(SIGALRM, {sa_handler=0x45a650, sa_mask=~[], sa_flags=SA_RESTORER|SA_ONSTACK|SA_RESTART|SA_SIGINFO, sa_restorer=0x7f8af5eda890}, NULL, 8) = 0
13820 rt_sigaction(SIGTERM, NULL, {sa_handler=SIG_DFL, sa_mask=[], sa_flags=0}, 8) = 0
13820 rt_sigaction(SIGTERM, {sa_handler=0x45a650, sa_mask=~[], sa_flags=SA_RESTORER|SA_ONSTACK|SA_RESTART|SA_SIGINFO, sa_restorer=0x7f8af5eda890}, NULL, 8) = 0
13820 rt_sigaction(SIGSTKFLT, NULL, {sa_handler=SIG_DFL, sa_mask=[], sa_flags=0}, 8) = 0
13820 rt_sigaction(SIGSTKFLT, {sa_handler=0x45a650, sa_mask=~[], sa_flags=SA_RESTORER|SA_ONSTACK|SA_RESTART|SA_SIGINFO, sa_restorer=0x7f8af5eda890}, NULL, 8) = 0
13820 rt_sigaction(SIGCHLD, NULL, {sa_handler=SIG_DFL, sa_mask=[], sa_flags=0}, 8) = 0
13820 rt_sigaction(SIGCHLD, {sa_handler=0x45a650, sa_mask=~[], sa_flags=SA_RESTORER|SA_ONSTACK|SA_RESTART|SA_SIGINFO, sa_restorer=0x7f8af5eda890}, NULL, 8) = 0
13820 rt_sigaction(SIGURG, NULL, {sa_handler=SIG_DFL, sa_mask=[], sa_flags=0}, 8) = 0
13820 rt_sigaction(SIGURG, {sa_handler=0x45a650, sa_mask=~[], sa_flags=SA_RESTORER|SA_ONSTACK|SA_RESTART|SA_SIGINFO, sa_restorer=0x7f8af5eda890}, NULL, 8) = 0
13820 rt_sigaction(SIGXCPU, NULL, {sa_handler=SIG_DFL, sa_mask=[], sa_flags=0}, 8) = 0
13820 rt_sigaction(SIGXCPU, {sa_handler=0x45a650, sa_mask=~[], sa_flags=SA_RESTORER|SA_ONSTACK|SA_RESTART|SA_SIGINFO, sa_restorer=0x7f8af5eda890}, NULL, 8) = 0
13820 rt_sigaction(SIGXFSZ, NULL, {sa_handler=SIG_DFL, sa_mask=[], sa_flags=0}, 8) = 0
13820 rt_sigaction(SIGXFSZ, {sa_handler=0x45a650, sa_mask=~[], sa_flags=SA_RESTORER|SA_ONSTACK|SA_RESTART|SA_SIGINFO, sa_restorer=0x7f8af5eda890}, NULL, 8) = 0
13820 rt_sigaction(SIGVTALRM, NULL, {sa_handler=SIG_DFL, sa_mask=[], sa_flags=0}, 8) = 0
13820 rt_sigaction(SIGVTALRM, {sa_handler=0x45a650, sa_mask=~[], sa_flags=SA_RESTORER|SA_ONSTACK|SA_RESTART|SA_SIGINFO, sa_restorer=0x7f8af5eda890}, NULL, 8) = 0
13820 rt_sigaction(SIGPROF, NULL, {sa_handler=SIG_DFL, sa_mask=[], sa_flags=0}, 8) = 0
13820 rt_sigaction(SIGPROF, {sa_handler=0x45a650, sa_mask=~[], sa_flags=SA_RESTORER|SA_ONSTACK|SA_RESTART|SA_SIGINFO, sa_restorer=0x7f8af5eda890}, NULL, 8) = 0
13820 rt_sigaction(SIGWINCH, NULL, {sa_handler=SIG_DFL, sa_mask=[], sa_flags=0}, 8) = 0
13820 rt_sigaction(SIGWINCH, {sa_handler=0x45a650, sa_mask=~[], sa_flags=SA_RESTORER|SA_ONSTACK|SA_RESTART|SA_SIGINFO, sa_restorer=0x7f8af5eda890}, NULL, 8) = 0
13820 rt_sigaction(SIGIO, NULL, {sa_handler=SIG_DFL, sa_mask=[], sa_flags=0}, 8) = 0
13820 rt_sigaction(SIGIO, {sa_handler=0x45a650, sa_mask=~[], sa_flags=SA_RESTORER|SA_ONSTACK|SA_RESTART|SA_SIGINFO, sa_restorer=0x7f8af5eda890}, NULL, 8) = 0
13820 rt_sigaction(SIGPWR, NULL, {sa_handler=SIG_DFL, sa_mask=[], sa_flags=0}, 8) = 0
13820 rt_sigaction(SIGPWR, {sa_handler=0x45a650, sa_mask=~[], sa_flags=SA_RESTORER|SA_ONSTACK|SA_RESTART|SA_SIGINFO, sa_restorer=0x7f8af5eda890}, NULL, 8) = 0
13820 rt_sigaction(SIGSYS, NULL, {sa_handler=SIG_DFL, sa_mask=[], sa_flags=0}, 8) = 0
13820 rt_sigaction(SIGSYS, {sa_handler=0x45a650, sa_mask=~[], sa_flags=SA_RESTORER|SA_ONSTACK|SA_RESTART|SA_SIGINFO, sa_restorer=0x7f8af5eda890}, NULL, 8) = 0
13820 rt_sigaction(SIGRTMIN, NULL, {sa_handler=0x7f8af5ecdcb0, sa_mask=[], sa_flags=SA_RESTORER|SA_SIGINFO, sa_restorer=0x7f8af5eda890}, 8) = 0
13820 rt_sigaction(SIGRTMIN, NULL, {sa_handler=0x7f8af5ecdcb0, sa_mask=[], sa_flags=SA_RESTORER|SA_SIGINFO, sa_restorer=0x7f8af5eda890}, 8) = 0
13820 rt_sigaction(SIGRTMIN, {sa_handler=0x7f8af5ecdcb0, sa_mask=[], sa_flags=SA_RESTORER|SA_ONSTACK|SA_SIGINFO, sa_restorer=0x7f8af5eda890}, NULL, 8) = 0
13820 rt_sigaction(SIGRT_1, NULL, {sa_handler=0x7f8af5ecdd50, sa_mask=[], sa_flags=SA_RESTORER|SA_RESTART|SA_SIGINFO, sa_restorer=0x7f8af5eda890}, 8) = 0
13820 rt_sigaction(SIGRT_1, NULL, {sa_handler=0x7f8af5ecdd50, sa_mask=[], sa_flags=SA_RESTORER|SA_RESTART|SA_SIGINFO, sa_restorer=0x7f8af5eda890}, 8) = 0
13820 rt_sigaction(SIGRT_1, {sa_handler=0x7f8af5ecdd50, sa_mask=[], sa_flags=SA_RESTORER|SA_ONSTACK|SA_RESTART|SA_SIGINFO, sa_restorer=0x7f8af5eda890}, NULL, 8) = 0
13820 rt_sigaction(SIGRT_2, NULL, {sa_handler=SIG_DFL, sa_mask=[], sa_flags=0}, 8) = 0
13820 rt_sigaction(SIGRT_2, {sa_handler=0x45a650, sa_mask=~[], sa_flags=SA_RESTORER|SA_ONSTACK|SA_RESTART|SA_SIGINFO, sa_restorer=0x7f8af5eda890}, NULL, 8) = 0
13820 rt_sigaction(SIGRT_3, NULL, {sa_handler=SIG_DFL, sa_mask=[], sa_flags=0}, 8) = 0
13820 rt_sigaction(SIGRT_3, {sa_handler=0x45a650, sa_mask=~[], sa_flags=SA_RESTORER|SA_ONSTACK|SA_RESTART|SA_SIGINFO, sa_restorer=0x7f8af5eda890}, NULL, 8) = 0
13820 rt_sigaction(SIGRT_4, NULL, {sa_handler=SIG_DFL, sa_mask=[], sa_flags=0}, 8) = 0
13820 rt_sigaction(SIGRT_4, {sa_handler=0x45a650, sa_mask=~[], sa_flags=SA_RESTORER|SA_ONSTACK|SA_RESTART|SA_SIGINFO, sa_restorer=0x7f8af5eda890}, NULL, 8) = 0
13820 rt_sigaction(SIGRT_5, NULL, {sa_handler=SIG_DFL, sa_mask=[], sa_flags=0}, 8) = 0
13820 rt_sigaction(SIGRT_5, {sa_handler=0x45a650, sa_mask=~[], sa_flags=SA_RESTORER|SA_ONSTACK|SA_RESTART|SA_SIGINFO, sa_restorer=0x7f8af5eda890}, NULL, 8) = 0
13820 rt_sigaction(SIGRT_6, NULL, {sa_handler=SIG_DFL, sa_mask=[], sa_flags=0}, 8) = 0
13820 rt_sigaction(SIGRT_6, {sa_handler=0x45a650, sa_mask=~[], sa_flags=SA_RESTORER|SA_ONSTACK|SA_RESTART|SA_SIGINFO, sa_restorer=0x7f8af5eda890}, NULL, 8) = 0
13820 rt_sigaction(SIGRT_7, NULL, {sa_handler=SIG_DFL, sa_mask=[], sa_flags=0}, 8) = 0
13820 rt_sigaction(SIGRT_7, {sa_handler=0x45a650, sa_mask=~[], sa_flags=SA_RESTORER|SA_ONSTACK|SA_RESTART|SA_SIGINFO, sa_restorer=0x7f8af5eda890}, NULL, 8) = 0
13820 rt_sigaction(SIGRT_8, NULL, {sa_handler=SIG_DFL, sa_mask=[], sa_flags=0}, 8) = 0
13820 rt_sigaction(SIGRT_8, {sa_handler=0x45a650, sa_mask=~[], sa_flags=SA_RESTORER|SA_ONSTACK|SA_RESTART|SA_SIGINFO, sa_restorer=0x7f8af5eda890}, NULL, 8) = 0
13820 rt_sigaction(SIGRT_9, NULL, {sa_handler=SIG_DFL, sa_mask=[], sa_flags=0}, 8) = 0
13820 rt_sigaction(SIGRT_9, {sa_handler=0x45a650, sa_mask=~[], sa_flags=SA_RESTORER|SA_ONSTACK|SA_RESTART|SA_SIGINFO, sa_restorer=0x7f8af5eda890}, NULL, 8) = 0
13820 rt_sigaction(SIGRT_10, NULL, {sa_handler=SIG_DFL, sa_mask=[], sa_flags=0}, 8) = 0
13820 rt_sigaction(SIGRT_10, {sa_handler=0x45a650, sa_mask=~[], sa_flags=SA_RESTORER|SA_ONSTACK|SA_RESTART|SA_SIGINFO, sa_restorer=0x7f8af5eda890}, NULL, 8) = 0
13820 rt_sigaction(SIGRT_11, NULL, {sa_handler=SIG_DFL, sa_mask=[], sa_flags=0}, 8) = 0
13820 rt_sigaction(SIGRT_11, {sa_handler=0x45a650, sa_mask=~[], sa_flags=SA_RESTORER|SA_ONSTACK|SA_RESTART|SA_SIGINFO, sa_restorer=0x7f8af5eda890}, NULL, 8) = 0
13820 rt_sigaction(SIGRT_12, NULL, {sa_handler=SIG_DFL, sa_mask=[], sa_flags=0}, 8) = 0
13820 rt_sigaction(SIGRT_12, {sa_handler=0x45a650, sa_mask=~[], sa_flags=SA_RESTORER|SA_ONSTACK|SA_RESTART|SA_SIGINFO, sa_restorer=0x7f8af5eda890}, NULL, 8) = 0
13820 rt_sigaction(SIGRT_13, NULL, {sa_handler=SIG_DFL, sa_mask=[], sa_flags=0}, 8) = 0
13820 rt_sigaction(SIGRT_13, {sa_handler=0x45a650, sa_mask=~[], sa_flags=SA_RESTORER|SA_ONSTACK|SA_RESTART|SA_SIGINFO, sa_restorer=0x7f8af5eda890}, NULL, 8) = 0
13820 rt_sigaction(SIGRT_14, NULL, {sa_handler=SIG_DFL, sa_mask=[], sa_flags=0}, 8) = 0
13820 rt_sigaction(SIGRT_14, {sa_handler=0x45a650, sa_mask=~[], sa_flags=SA_RESTORER|SA_ONSTACK|SA_RESTART|SA_SIGINFO, sa_restorer=0x7f8af5eda890}, NULL, 8) = 0
13820 rt_sigaction(SIGRT_15, NULL, {sa_handler=SIG_DFL, sa_mask=[], sa_flags=0}, 8) = 0
13820 rt_sigaction(SIGRT_15, {sa_handler=0x45a650, sa_mask=~[], sa_flags=SA_RESTORER|SA_ONSTACK|SA_RESTART|SA_SIGINFO, sa_restorer=0x7f8af5eda890}, NULL, 8) = 0
13820 rt_sigaction(SIGRT_16, NULL, {sa_handler=SIG_DFL, sa_mask=[], sa_flags=0}, 8) = 0
13820 rt_sigaction(SIGRT_16, {sa_handler=0x45a650, sa_mask=~[], sa_flags=SA_RESTORER|SA_ONSTACK|SA_RESTART|SA_SIGINFO, sa_restorer=0x7f8af5eda890}, NULL, 8) = 0
13820 rt_sigaction(SIGRT_17, NULL, {sa_handler=SIG_DFL, sa_mask=[], sa_flags=0}, 8) = 0
13820 rt_sigaction(SIGRT_17, {sa_handler=0x45a650, sa_mask=~[], sa_flags=SA_RESTORER|SA_ONSTACK|SA_RESTART|SA_SIGINFO, sa_restorer=0x7f8af5eda890}, NULL, 8) = 0
13820 rt_sigaction(SIGRT_18, NULL, {sa_handler=SIG_DFL, sa_mask=[], sa_flags=0}, 8) = 0
13820 rt_sigaction(SIGRT_18, {sa_handler=0x45a650, sa_mask=~[], sa_flags=SA_RESTORER|SA_ONSTACK|SA_RESTART|SA_SIGINFO, sa_restorer=0x7f8af5eda890}, NULL, 8) = 0
13820 rt_sigaction(SIGRT_19, NULL, {sa_handler=SIG_DFL, sa_mask=[], sa_flags=0}, 8) = 0
13820 rt_sigaction(SIGRT_19, {sa_handler=0x45a650, sa_mask=~[], sa_flags=SA_RESTORER|SA_ONSTACK|SA_RESTART|SA_SIGINFO, sa_restorer=0x7f8af5eda890}, NULL, 8) = 0
13820 rt_sigaction(SIGRT_20, NULL, {sa_handler=SIG_DFL, sa_mask=[], sa_flags=0}, 8) = 0
13820 rt_sigaction(SIGRT_20, {sa_handler=0x45a650, sa_mask=~[], sa_flags=SA_RESTORER|SA_ONSTACK|SA_RESTART|SA_SIGINFO, sa_restorer=0x7f8af5eda890}, NULL, 8) = 0
13820 rt_sigaction(SIGRT_21, NULL, {sa_handler=SIG_DFL, sa_mask=[], sa_flags=0}, 8) = 0
13820 rt_sigaction(SIGRT_21, {sa_handler=0x45a650, sa_mask=~[], sa_flags=SA_RESTORER|SA_ONSTACK|SA_RESTART|SA_SIGINFO, sa_restorer=0x7f8af5eda890}, NULL, 8) = 0
13820 rt_sigaction(SIGRT_22, NULL, {sa_handler=SIG_DFL, sa_mask=[], sa_flags=0}, 8) = 0
13820 rt_sigaction(SIGRT_22, {sa_handler=0x45a650, sa_mask=~[], sa_flags=SA_RESTORER|SA_ONSTACK|SA_RESTART|SA_SIGINFO, sa_restorer=0x7f8af5eda890}, NULL, 8) = 0
13820 rt_sigaction(SIGRT_23, NULL, {sa_handler=SIG_DFL, sa_mask=[], sa_flags=0}, 8) = 0
13820 rt_sigaction(SIGRT_23, {sa_handler=0x45a650, sa_mask=~[], sa_flags=SA_RESTORER|SA_ONSTACK|SA_RESTART|SA_SIGINFO, sa_restorer=0x7f8af5eda890}, NULL, 8) = 0
13820 rt_sigaction(SIGRT_24, NULL, {sa_handler=SIG_DFL, sa_mask=[], sa_flags=0}, 8) = 0
13820 rt_sigaction(SIGRT_24, {sa_handler=0x45a650, sa_mask=~[], sa_flags=SA_RESTORER|SA_ONSTACK|SA_RESTART|SA_SIGINFO, sa_restorer=0x7f8af5eda890}, NULL, 8) = 0
13820 rt_sigaction(SIGRT_25, NULL, {sa_handler=SIG_DFL, sa_mask=[], sa_flags=0}, 8) = 0
13820 rt_sigaction(SIGRT_25, {sa_handler=0x45a650, sa_mask=~[], sa_flags=SA_RESTORER|SA_ONSTACK|SA_RESTART|SA_SIGINFO, sa_restorer=0x7f8af5eda890}, NULL, 8) = 0
13820 rt_sigaction(SIGRT_26, NULL, {sa_handler=SIG_DFL, sa_mask=[], sa_flags=0}, 8) = 0
13820 rt_sigaction(SIGRT_26, {sa_handler=0x45a650, sa_mask=~[], sa_flags=SA_RESTORER|SA_ONSTACK|SA_RESTART|SA_SIGINFO, sa_restorer=0x7f8af5eda890}, NULL, 8) = 0
13820 rt_sigaction(SIGRT_27, NULL, {sa_handler=SIG_DFL, sa_mask=[], sa_flags=0}, 8) = 0
13820 rt_sigaction(SIGRT_27, {sa_handler=0x45a650, sa_mask=~[], sa_flags=SA_RESTORER|SA_ONSTACK|SA_RESTART|SA_SIGINFO, sa_restorer=0x7f8af5eda890}, NULL, 8) = 0
13820 rt_sigaction(SIGRT_28, NULL, {sa_handler=SIG_DFL, sa_mask=[], sa_flags=0}, 8) = 0
13820 rt_sigaction(SIGRT_28, {sa_handler=0x45a650, sa_mask=~[], sa_flags=SA_RESTORER|SA_ONSTACK|SA_RESTART|SA_SIGINFO, sa_restorer=0x7f8af5eda890}, NULL, 8) = 0
13820 rt_sigaction(SIGRT_29, NULL, {sa_handler=SIG_DFL, sa_mask=[], sa_flags=0}, 8) = 0
13820 rt_sigaction(SIGRT_29, {sa_handler=0x45a650, sa_mask=~[], sa_flags=SA_RESTORER|SA_ONSTACK|SA_RESTART|SA_SIGINFO, sa_restorer=0x7f8af5eda890}, NULL, 8) = 0
13820 rt_sigaction(SIGRT_30, NULL, {sa_handler=SIG_DFL, sa_mask=[], sa_flags=0}, 8) = 0
13820 rt_sigaction(SIGRT_30, {sa_handler=0x45a650, sa_mask=~[], sa_flags=SA_RESTORER|SA_ONSTACK|SA_RESTART|SA_SIGINFO, sa_restorer=0x7f8af5eda890}, NULL, 8) = 0
13820 rt_sigaction(SIGRT_31, NULL, {sa_handler=SIG_DFL, sa_mask=[], sa_flags=0}, 8) = 0
13820 rt_sigaction(SIGRT_31, {sa_handler=0x45a650, sa_mask=~[], sa_flags=SA_RESTORER|SA_ONSTACK|SA_RESTART|SA_SIGINFO, sa_restorer=0x7f8af5eda890}, NULL, 8) = 0
13820 rt_sigaction(SIGRT_32, NULL, {sa_handler=SIG_DFL, sa_mask=[], sa_flags=0}, 8) = 0
13820 rt_sigaction(SIGRT_32, {sa_handler=0x45a650, sa_mask=~[], sa_flags=SA_RESTORER|SA_ONSTACK|SA_RESTART|SA_SIGINFO, sa_restorer=0x7f8af5eda890}, NULL, 8) = 0
13820 rt_sigprocmask(SIG_SETMASK, ~[RTMIN RT_1], [], 8) = 0
13820 mmap(NULL, 8392704, PROT_NONE, MAP_PRIVATE|MAP_ANONYMOUS|MAP_STACK, -1, 0) = 0x7f8af30c5000
13820 mprotect(0x7f8af30c6000, 8388608, PROT_READ|PROT_WRITE) = 0
13820 clone(child_stack=0x7f8af38c4fb0, flags=CLONE_VM|CLONE_FS|CLONE_FILES|CLONE_SIGHAND|CLONE_THREAD|CLONE_SYSVSEM|CLONE_SETTLS|CLONE_PARENT_SETTID|CLONE_CHILD_CLEARTID, parent_tidptr=0x7f8af38c59d0, tls=0x7f8af38c5700, child_tidptr=0x7f8af38c59d0) = 13821
13820 rt_sigprocmask(SIG_SETMASK, [], NULL, 8) = 0
13821 set_robust_list(0x7f8af38c59e0, 24 <unfinished ...>
13820 rt_sigprocmask(SIG_SETMASK, ~[RTMIN RT_1],  <unfinished ...>
13821 <... set_robust_list resumed> )   = 0
13820 <... rt_sigprocmask resumed> [], 8) = 0
13821 mmap(NULL, 134217728, PROT_NONE, MAP_PRIVATE|MAP_ANONYMOUS|MAP_NORESERVE, -1, 0 <unfinished ...>
13820 mmap(NULL, 8392704, PROT_NONE, MAP_PRIVATE|MAP_ANONYMOUS|MAP_STACK, -1, 0) = 0x7f8af28c4000
13821 <... mmap resumed> )              = 0x7f8aea8c4000
13820 mprotect(0x7f8af28c5000, 8388608, PROT_READ|PROT_WRITE <unfinished ...>
13821 munmap(0x7f8aea8c4000, 24363008 <unfinished ...>
13820 <... mprotect resumed> )          = 0
13821 <... munmap resumed> )            = 0
13820 clone( <unfinished ...>
13821 munmap(0x7f8af0000000, 42745856)  = 0
13820 <... clone resumed> child_stack=0x7f8af30c3fb0, flags=CLONE_VM|CLONE_FS|CLONE_FILES|CLONE_SIGHAND|CLONE_THREAD|CLONE_SYSVSEM|CLONE_SETTLS|CLONE_PARENT_SETTID|CLONE_CHILD_CLEARTID, parent_tidptr=0x7f8af30c49d0, tls=0x7f8af30c4700, child_tidptr=0x7f8af30c49d0) = 13822
13822 set_robust_list(0x7f8af30c49e0, 24 <unfinished ...>
13820 rt_sigprocmask(SIG_SETMASK, [],  <unfinished ...>
13822 <... set_robust_list resumed> )   = 0
13820 <... rt_sigprocmask resumed> NULL, 8) = 0
13822 mmap(NULL, 134217728, PROT_NONE, MAP_PRIVATE|MAP_ANONYMOUS|MAP_NORESERVE, -1, 0 <unfinished ...>
13821 mprotect(0x7f8aec000000, 135168, PROT_READ|PROT_WRITE <unfinished ...>
13822 <... mmap resumed> )              = 0x7f8ae4000000
13821 <... mprotect resumed> )          = 0
13820 rt_sigprocmask(SIG_SETMASK, ~[RTMIN RT_1],  <unfinished ...>
13822 munmap(0x7f8ae8000000, 67108864 <unfinished ...>
13820 <... rt_sigprocmask resumed> [], 8) = 0
13822 <... munmap resumed> )            = 0
13820 mmap(NULL, 8392704, PROT_NONE, MAP_PRIVATE|MAP_ANONYMOUS|MAP_STACK, -1, 0 <unfinished ...>
13822 mprotect(0x7f8ae4000000, 135168, PROT_READ|PROT_WRITE <unfinished ...>
13820 <... mmap resumed> )              = 0x7f8af20c3000
13822 <... mprotect resumed> )          = 0
13820 mprotect(0x7f8af20c4000, 8388608, PROT_READ|PROT_WRITE <unfinished ...>
13822 sigaltstack(NULL,  <unfinished ...>
13820 <... mprotect resumed> )          = 0
13822 <... sigaltstack resumed> {ss_sp=NULL, ss_flags=SS_DISABLE, ss_size=0}) = 0
13820 clone( <unfinished ...>
13822 sigaltstack({ss_sp=0xc000050000, ss_flags=0, ss_size=32768},  <unfinished ...>
13821 sigaltstack(NULL,  <unfinished ...>
13820 <... clone resumed> child_stack=0x7f8af28c2fb0, flags=CLONE_VM|CLONE_FS|CLONE_FILES|CLONE_SIGHAND|CLONE_THREAD|CLONE_SYSVSEM|CLONE_SETTLS|CLONE_PARENT_SETTID|CLONE_CHILD_CLEARTID, parent_tidptr=0x7f8af28c39d0, tls=0x7f8af28c3700, child_tidptr=0x7f8af28c39d0) = 13823
13823 set_robust_list(0x7f8af28c39e0, 24 <unfinished ...>
13820 rt_sigprocmask(SIG_SETMASK, [],  <unfinished ...>
13823 <... set_robust_list resumed> )   = 0
13820 <... rt_sigprocmask resumed> NULL, 8) = 0
13823 mmap(0x7f8ae8000000, 67108864, PROT_NONE, MAP_PRIVATE|MAP_ANONYMOUS|MAP_NORESERVE, -1, 0 <unfinished ...>
13820 futex(0x930fe8, FUTEX_WAIT_PRIVATE, 0, NULL <unfinished ...>
13823 <... mmap resumed> )              = 0x7f8ae8000000
13822 <... sigaltstack resumed> NULL)   = 0
13823 mprotect(0x7f8ae8000000, 135168, PROT_READ|PROT_WRITE <unfinished ...>
13822 rt_sigprocmask(SIG_SETMASK, [],  <unfinished ...>
13823 <... mprotect resumed> )          = 0
13822 <... rt_sigprocmask resumed> NULL, 8) = 0
13823 sigaltstack(NULL,  <unfinished ...>
13822 gettid( <unfinished ...>
13823 <... sigaltstack resumed> {ss_sp=NULL, ss_flags=SS_DISABLE, ss_size=0}) = 0
13822 <... gettid resumed> )            = 13822
13823 sigaltstack({ss_sp=0xc00005e000, ss_flags=0, ss_size=32768},  <unfinished ...>
13822 futex(0x930fe8, FUTEX_WAKE_PRIVATE, 1 <unfinished ...>
13823 <... sigaltstack resumed> NULL)   = 0
13820 <... futex resumed> )             = 0
13823 rt_sigprocmask(SIG_SETMASK, [],  <unfinished ...>
13822 <... futex resumed> )             = 1
13820 rt_sigprocmask(SIG_SETMASK, ~[RTMIN RT_1],  <unfinished ...>
13823 <... rt_sigprocmask resumed> NULL, 8) = 0
13820 <... rt_sigprocmask resumed> [], 8) = 0
13823 gettid( <unfinished ...>
13820 mmap(NULL, 8392704, PROT_NONE, MAP_PRIVATE|MAP_ANONYMOUS|MAP_STACK, -1, 0 <unfinished ...>
13822 futex(0xc000036848, FUTEX_WAIT_PRIVATE, 0, NULL <unfinished ...>
13820 <... mmap resumed> )              = 0x7f8af18c2000
13823 <... gettid resumed> )            = 13823
13820 mprotect(0x7f8af18c3000, 8388608, PROT_READ|PROT_WRITE) = 0
13823 futex(0xc000036bc8, FUTEX_WAIT_PRIVATE, 0, NULL <unfinished ...>
13820 clone( <unfinished ...>
13821 <... sigaltstack resumed> {ss_sp=NULL, ss_flags=SS_DISABLE, ss_size=0}) = 0
13821 sigaltstack({ss_sp=0xc000048000, ss_flags=0, ss_size=32768},  <unfinished ...>
13820 <... clone resumed> child_stack=0x7f8af20c1fb0, flags=CLONE_VM|CLONE_FS|CLONE_FILES|CLONE_SIGHAND|CLONE_THREAD|CLONE_SYSVSEM|CLONE_SETTLS|CLONE_PARENT_SETTID|CLONE_CHILD_CLEARTID, parent_tidptr=0x7f8af20c29d0, tls=0x7f8af20c2700, child_tidptr=0x7f8af20c29d0) = 13824
13821 <... sigaltstack resumed> NULL)   = 0
13820 rt_sigprocmask(SIG_SETMASK, [],  <unfinished ...>
13821 rt_sigprocmask(SIG_SETMASK, [],  <unfinished ...>
13820 <... rt_sigprocmask resumed> NULL, 8) = 0
13821 <... rt_sigprocmask resumed> NULL, 8) = 0
13824 set_robust_list(0x7f8af20c29e0, 24 <unfinished ...>
13821 gettid( <unfinished ...>
13824 <... set_robust_list resumed> )   = 0
13821 <... gettid resumed> )            = 13821
13821 nanosleep({tv_sec=0, tv_nsec=20000},  <unfinished ...>
13824 mmap(NULL, 134217728, PROT_NONE, MAP_PRIVATE|MAP_ANONYMOUS|MAP_NORESERVE, -1, 0 <unfinished ...>
13821 <... nanosleep resumed> NULL)     = 0
13821 nanosleep({tv_sec=0, tv_nsec=20000},  <unfinished ...>
13824 <... mmap resumed> )              = 0x7f8adc000000
13824 munmap(0x7f8ae0000000, 67108864 <unfinished ...>
13821 <... nanosleep resumed> NULL)     = 0
13821 nanosleep({tv_sec=0, tv_nsec=20000},  <unfinished ...>
13820 readlinkat(AT_FDCWD, "/proc/self/exe",  <unfinished ...>
13824 <... munmap resumed> )            = 0
13820 <... readlinkat resumed> "/home/vagrant/go/src/github.com/"..., 128) = 64
13824 mprotect(0x7f8adc000000, 135168, PROT_READ|PROT_WRITE <unfinished ...>
13820 fcntl(0, F_GETFL <unfinished ...>
13821 <... nanosleep resumed> NULL)     = 0
13820 <... fcntl resumed> )             = 0x2 (flags O_RDWR)
13821 nanosleep({tv_sec=0, tv_nsec=20000}, NULL) = 0
13821 nanosleep({tv_sec=0, tv_nsec=20000},  <unfinished ...>
13820 futex(0xc000036bc8, FUTEX_WAKE_PRIVATE, 1 <unfinished ...>
13824 <... mprotect resumed> )          = 0
13820 <... futex resumed> )             = 1
13823 <... futex resumed> )             = 0
13820 mmap(NULL, 262144, PROT_READ|PROT_WRITE, MAP_PRIVATE|MAP_ANONYMOUS, -1, 0 <unfinished ...>
13823 nanosleep({tv_sec=0, tv_nsec=3000},  <unfinished ...>
13820 <... mmap resumed> )              = 0x7f8af6262000
13821 <... nanosleep resumed> NULL)     = 0
13820 fcntl(1, F_GETFL <unfinished ...>
13823 <... nanosleep resumed> NULL)     = 0
13820 <... fcntl resumed> )             = 0x2 (flags O_RDWR)
13824 sigaltstack(NULL,  <unfinished ...>
13820 fcntl(2, F_GETFL <unfinished ...>
13824 <... sigaltstack resumed> {ss_sp=NULL, ss_flags=SS_DISABLE, ss_size=0}) = 0
13820 <... fcntl resumed> )             = 0x2 (flags O_RDWR)
13824 sigaltstack({ss_sp=0xc00006c000, ss_flags=0, ss_size=32768},  <unfinished ...>
13823 futex(0xc000036bc8, FUTEX_WAIT_PRIVATE, 0, NULL <unfinished ...>
13824 <... sigaltstack resumed> NULL)   = 0
13821 nanosleep({tv_sec=0, tv_nsec=20000},  <unfinished ...>
13824 rt_sigprocmask(SIG_SETMASK, [],  <unfinished ...>
13821 <... nanosleep resumed> NULL)     = 0
13824 <... rt_sigprocmask resumed> NULL, 8) = 0
13821 nanosleep({tv_sec=0, tv_nsec=20000},  <unfinished ...>
13824 gettid( <unfinished ...>
13821 <... nanosleep resumed> NULL)     = 0
13824 <... gettid resumed> )            = 13824
13821 nanosleep({tv_sec=0, tv_nsec=20000},  <unfinished ...>
13824 futex(0x94ce98, FUTEX_WAIT_PRIVATE, 0, NULL <unfinished ...>
13821 <... nanosleep resumed> NULL)     = 0
13821 nanosleep({tv_sec=0, tv_nsec=20000}, NULL) = 0
13821 nanosleep({tv_sec=0, tv_nsec=20000}, NULL) = 0
13821 nanosleep({tv_sec=0, tv_nsec=20000}, NULL) = 0
13821 nanosleep({tv_sec=0, tv_nsec=20000}, NULL) = 0
13821 nanosleep({tv_sec=0, tv_nsec=20000}, NULL) = 0
13821 nanosleep({tv_sec=0, tv_nsec=20000}, NULL) = 0
13821 nanosleep({tv_sec=0, tv_nsec=20000},  <unfinished ...>
13820 openat(AT_FDCWD, "/etc//localtime", O_RDONLY <unfinished ...>
13821 <... nanosleep resumed> NULL)     = 0
13820 <... openat resumed> )            = 3
13821 nanosleep({tv_sec=0, tv_nsec=20000},  <unfinished ...>
13820 read(3, "TZif2\0\0\0\0\0\0\0\0\0\0\0\0\0\0\0\0\0\0\1\0\0\0\1\0\0\0\0"..., 4096) = 127
13821 <... nanosleep resumed> NULL)     = 0
13820 read(3,  <unfinished ...>
13821 nanosleep({tv_sec=0, tv_nsec=20000},  <unfinished ...>
13820 <... read resumed> "", 4096)      = 0
13820 close(3 <unfinished ...>
13821 <... nanosleep resumed> NULL)     = 0
13820 <... close resumed> )             = 0
13821 nanosleep({tv_sec=0, tv_nsec=20000},  <unfinished ...>
13820 write(2, "2019/09/10 13:19:38 Listening on"..., 39 <unfinished ...>
13821 <... nanosleep resumed> NULL)     = 0
13821 nanosleep({tv_sec=0, tv_nsec=20000},  <unfinished ...>
13820 <... write resumed> )             = 39
13821 <... nanosleep resumed> NULL)     = 0
13820 socket(AF_INET, SOCK_STREAM|SOCK_CLOEXEC|SOCK_NONBLOCK, IPPROTO_TCP <unfinished ...>
13821 nanosleep({tv_sec=0, tv_nsec=20000},  <unfinished ...>
13820 <... socket resumed> )            = 3
13820 close(3 <unfinished ...>
13821 <... nanosleep resumed> NULL)     = 0
13820 <... close resumed> )             = 0
13821 nanosleep({tv_sec=0, tv_nsec=20000},  <unfinished ...>
13820 socket(AF_INET6, SOCK_STREAM|SOCK_CLOEXEC|SOCK_NONBLOCK, IPPROTO_TCP) = 3
13821 <... nanosleep resumed> NULL)     = 0
13820 setsockopt(3, SOL_IPV6, IPV6_V6ONLY, [1], 4 <unfinished ...>
13821 nanosleep({tv_sec=0, tv_nsec=20000},  <unfinished ...>
13820 <... setsockopt resumed> )        = 0
13820 bind(3, {sa_family=AF_INET6, sin6_port=htons(0), inet_pton(AF_INET6, "::1", &sin6_addr), sin6_flowinfo=htonl(0), sin6_scope_id=0}, 28 <unfinished ...>
13821 <... nanosleep resumed> NULL)     = 0
13820 <... bind resumed> )              = 0
13821 nanosleep({tv_sec=0, tv_nsec=20000},  <unfinished ...>
13820 socket(AF_INET6, SOCK_STREAM|SOCK_CLOEXEC|SOCK_NONBLOCK, IPPROTO_TCP) = 4
13821 <... nanosleep resumed> NULL)     = 0
13820 setsockopt(4, SOL_IPV6, IPV6_V6ONLY, [0], 4 <unfinished ...>
13821 nanosleep({tv_sec=0, tv_nsec=20000},  <unfinished ...>
13820 <... setsockopt resumed> )        = 0
13820 bind(4, {sa_family=AF_INET6, sin6_port=htons(0), inet_pton(AF_INET6, "::ffff:127.0.0.1", &sin6_addr), sin6_flowinfo=htonl(0), sin6_scope_id=0}, 28 <unfinished ...>
13821 <... nanosleep resumed> NULL)     = 0
13820 <... bind resumed> )              = 0
13821 nanosleep({tv_sec=0, tv_nsec=20000},  <unfinished ...>
13820 close(4)                          = 0
13821 <... nanosleep resumed> NULL)     = 0
13820 close(3 <unfinished ...>
13821 nanosleep({tv_sec=0, tv_nsec=20000},  <unfinished ...>
13820 <... close resumed> )             = 0
13820 socket(AF_INET6, SOCK_STREAM|SOCK_CLOEXEC|SOCK_NONBLOCK, IPPROTO_IP <unfinished ...>
13821 <... nanosleep resumed> NULL)     = 0
13820 <... socket resumed> )            = 3
13821 nanosleep({tv_sec=0, tv_nsec=20000},  <unfinished ...>
13820 setsockopt(3, SOL_IPV6, IPV6_V6ONLY, [0], 4) = 0
13821 <... nanosleep resumed> NULL)     = 0
13820 setsockopt(3, SOL_SOCKET, SO_BROADCAST, [1], 4 <unfinished ...>
13821 nanosleep({tv_sec=0, tv_nsec=20000},  <unfinished ...>
13820 <... setsockopt resumed> )        = 0
13820 openat(AT_FDCWD, "/proc/sys/net/core/somaxconn", O_RDONLY|O_CLOEXEC <unfinished ...>
13821 <... nanosleep resumed> NULL)     = 0
13820 <... openat resumed> )            = 4
13821 nanosleep({tv_sec=0, tv_nsec=20000},  <unfinished ...>
13820 epoll_create1(EPOLL_CLOEXEC)      = 5
13821 <... nanosleep resumed> NULL)     = 0
13820 epoll_ctl(5, EPOLL_CTL_ADD, 4, {EPOLLIN|EPOLLOUT|EPOLLRDHUP|EPOLLET, {u32=4129713928, u64=140234811928328}} <unfinished ...>
13821 epoll_pwait(5,  <unfinished ...>
13820 <... epoll_ctl resumed> )         = 0
13821 <... epoll_pwait resumed> [{EPOLLIN|EPOLLOUT, {u32=4129713928, u64=140234811928328}}], 128, 0, NULL, 80240157522560) = 1
13820 fcntl(4, F_GETFL <unfinished ...>
13821 nanosleep({tv_sec=0, tv_nsec=20000},  <unfinished ...>
13820 <... fcntl resumed> )             = 0x8000 (flags O_RDONLY|O_LARGEFILE)
13820 fcntl(4, F_SETFL, O_RDONLY|O_NONBLOCK|O_LARGEFILE <unfinished ...>
13821 <... nanosleep resumed> NULL)     = 0
13820 <... fcntl resumed> )             = 0
13821 nanosleep({tv_sec=0, tv_nsec=20000},  <unfinished ...>
13820 mmap(NULL, 1439992, PROT_READ|PROT_WRITE, MAP_PRIVATE|MAP_ANONYMOUS, -1, 0) = 0x7f8af1762000
13821 <... nanosleep resumed> NULL)     = 0
13820 read(4,  <unfinished ...>
13821 nanosleep({tv_sec=0, tv_nsec=20000},  <unfinished ...>
13820 <... read resumed> "128\n", 65536) = 4
13821 <... nanosleep resumed> NULL)     = 0
13820 read(4,  <unfinished ...>
13821 nanosleep({tv_sec=0, tv_nsec=20000},  <unfinished ...>
13820 <... read resumed> "", 65532)     = 0
13820 epoll_ctl(5, EPOLL_CTL_DEL, 4, 0xc0000b5a24 <unfinished ...>
13821 <... nanosleep resumed> NULL)     = 0
13820 <... epoll_ctl resumed> )         = 0
13821 nanosleep({tv_sec=0, tv_nsec=20000},  <unfinished ...>
13820 close(4)                          = 0
13821 <... nanosleep resumed> NULL)     = 0
13820 setsockopt(3, SOL_SOCKET, SO_REUSEADDR, [1], 4 <unfinished ...>
13821 nanosleep({tv_sec=0, tv_nsec=20000},  <unfinished ...>
13820 <... setsockopt resumed> )        = 0
13820 bind(3, {sa_family=AF_INET6, sin6_port=htons(8080), inet_pton(AF_INET6, "::", &sin6_addr), sin6_flowinfo=htonl(0), sin6_scope_id=0}, 28 <unfinished ...>
13821 <... nanosleep resumed> NULL)     = 0
13820 <... bind resumed> )              = 0
13821 nanosleep({tv_sec=0, tv_nsec=20000},  <unfinished ...>
13820 listen(3, 128)                    = 0
13821 <... nanosleep resumed> NULL)     = 0
13820 epoll_ctl(5, EPOLL_CTL_ADD, 3, {EPOLLIN|EPOLLOUT|EPOLLRDHUP|EPOLLET, {u32=4129713928, u64=140234811928328}} <unfinished ...>
13821 nanosleep({tv_sec=0, tv_nsec=20000},  <unfinished ...>
13820 <... epoll_ctl resumed> )         = 0
13820 getsockname(3,  <unfinished ...>
13821 <... nanosleep resumed> NULL)     = 0
13820 <... getsockname resumed> {sa_family=AF_INET6, sin6_port=htons(8080), inet_pton(AF_INET6, "::", &sin6_addr), sin6_flowinfo=htonl(0), sin6_scope_id=0}, [112->28]) = 0
13821 nanosleep({tv_sec=0, tv_nsec=20000}, NULL) = 0
13820 accept4(3,  <unfinished ...>
13821 nanosleep({tv_sec=0, tv_nsec=20000},  <unfinished ...>
13820 <... accept4 resumed> 0xc0000b5ac0, [112], SOCK_CLOEXEC|SOCK_NONBLOCK) = -1 EAGAIN (Resource temporarily unavailable)
13820 epoll_pwait(5,  <unfinished ...>
13821 <... nanosleep resumed> NULL)     = 0
13820 <... epoll_pwait resumed> [], 128, 0, NULL, 0) = 0
13821 nanosleep({tv_sec=0, tv_nsec=20000},  <unfinished ...>
13820 epoll_pwait(5,  <unfinished ...>
13821 <... nanosleep resumed> NULL)     = 0
13821 futex(0x930770, FUTEX_WAIT_PRIVATE, 0, {tv_sec=60, tv_nsec=0} <unfinished ...>
13820 <... epoll_pwait resumed> 0x7ffddcab07b0, 128, -1, NULL, 0) = -1 EINTR (Interrupted system call)
13820 --- SIGINT {si_signo=SIGINT, si_code=SI_KERNEL} ---
13820 rt_sigprocmask(SIG_UNBLOCK, [INT], NULL, 8) = 0
13820 getpid()                          = 13820
13820 gettid()                          = 13820
13820 tgkill(13820, 13820, SIGINT)      = 0
13820 --- SIGINT {si_signo=SIGINT, si_code=SI_TKILL, si_pid=13820, si_uid=1000} ---
13820 rt_sigaction(SIGINT, {sa_handler=SIG_DFL, sa_mask=~[], sa_flags=SA_RESTORER|SA_ONSTACK|SA_RESTART|SA_SIGINFO, sa_restorer=0x7f8af5eda890}, NULL, 8) = 0
13820 rt_sigprocmask(SIG_UNBLOCK, [INT], NULL, 8) = 0
13820 getpid()                          = 13820
13820 gettid()                          = 13820
13820 tgkill(13820, 13820, SIGINT)      = 0
13820 --- SIGINT {si_signo=SIGINT, si_code=SI_TKILL, si_pid=13820, si_uid=1000} ---
13824 <... futex resumed>)              = ?
13823 <... futex resumed>)              = ?
13824 +++ killed by SIGINT +++
13823 +++ killed by SIGINT +++
13822 <... futex resumed>)              = ?
13821 <... futex resumed>)              = ?
13822 +++ killed by SIGINT +++
13821 +++ killed by SIGINT +++
13820 +++ killed by SIGINT +++
