28635 execve("./listen", ["./listen", "--addr", "[::1]:8080"], 0x7ffe314b5de8 /* 22 vars */) = 0
28635 brk(NULL)                         = 0x2141000
28635 access("/etc/ld.so.nohwcap", F_OK) = -1 ENOENT (No such file or directory)
28635 access("/etc/ld.so.preload", R_OK) = -1 ENOENT (No such file or directory)
28635 openat(AT_FDCWD, "/etc/ld.so.cache", O_RDONLY|O_CLOEXEC) = 3
28635 fstat(3, {st_mode=S_IFREG|0644, st_size=26638, ...}) = 0
28635 mmap(NULL, 26638, PROT_READ, MAP_PRIVATE, 3, 0) = 0x7f052a7a6000
28635 close(3)                          = 0
28635 access("/etc/ld.so.nohwcap", F_OK) = -1 ENOENT (No such file or directory)
28635 openat(AT_FDCWD, "/lib/x86_64-linux-gnu/libpthread.so.0", O_RDONLY|O_CLOEXEC) = 3
28635 read(3, "\177ELF\2\1\1\0\0\0\0\0\0\0\0\0\3\0>\0\1\0\0\0000b\0\0\0\0\0\0"..., 832) = 832
28635 fstat(3, {st_mode=S_IFREG|0755, st_size=144976, ...}) = 0
28635 mmap(NULL, 8192, PROT_READ|PROT_WRITE, MAP_PRIVATE|MAP_ANONYMOUS, -1, 0) = 0x7f052a7a4000
28635 mmap(NULL, 2221184, PROT_READ|PROT_EXEC, MAP_PRIVATE|MAP_DENYWRITE, 3, 0) = 0x7f052a367000
28635 mprotect(0x7f052a381000, 2093056, PROT_NONE) = 0
28635 mmap(0x7f052a580000, 8192, PROT_READ|PROT_WRITE, MAP_PRIVATE|MAP_FIXED|MAP_DENYWRITE, 3, 0x19000) = 0x7f052a580000
28635 mmap(0x7f052a582000, 13440, PROT_READ|PROT_WRITE, MAP_PRIVATE|MAP_FIXED|MAP_ANONYMOUS, -1, 0) = 0x7f052a582000
28635 close(3)                          = 0
28635 access("/etc/ld.so.nohwcap", F_OK) = -1 ENOENT (No such file or directory)
28635 openat(AT_FDCWD, "/lib/x86_64-linux-gnu/libc.so.6", O_RDONLY|O_CLOEXEC) = 3
28635 read(3, "\177ELF\2\1\1\3\0\0\0\0\0\0\0\0\3\0>\0\1\0\0\0\260\34\2\0\0\0\0\0"..., 832) = 832
28635 fstat(3, {st_mode=S_IFREG|0755, st_size=2030544, ...}) = 0
28635 mmap(NULL, 4131552, PROT_READ|PROT_EXEC, MAP_PRIVATE|MAP_DENYWRITE, 3, 0) = 0x7f0529f76000
28635 mprotect(0x7f052a15d000, 2097152, PROT_NONE) = 0
28635 mmap(0x7f052a35d000, 24576, PROT_READ|PROT_WRITE, MAP_PRIVATE|MAP_FIXED|MAP_DENYWRITE, 3, 0x1e7000) = 0x7f052a35d000
28635 mmap(0x7f052a363000, 15072, PROT_READ|PROT_WRITE, MAP_PRIVATE|MAP_FIXED|MAP_ANONYMOUS, -1, 0) = 0x7f052a363000
28635 close(3)                          = 0
28635 mmap(NULL, 12288, PROT_READ|PROT_WRITE, MAP_PRIVATE|MAP_ANONYMOUS, -1, 0) = 0x7f052a7a1000
28635 arch_prctl(ARCH_SET_FS, 0x7f052a7a1740) = 0
28635 mprotect(0x7f052a35d000, 16384, PROT_READ) = 0
28635 mprotect(0x7f052a580000, 4096, PROT_READ) = 0
28635 mprotect(0x7f052a7ad000, 4096, PROT_READ) = 0
28635 munmap(0x7f052a7a6000, 26638)     = 0
28635 set_tid_address(0x7f052a7a1a10)   = 28635
28635 set_robust_list(0x7f052a7a1a20, 24) = 0
28635 rt_sigaction(SIGRTMIN, {sa_handler=0x7f052a36ccb0, sa_mask=[], sa_flags=SA_RESTORER|SA_SIGINFO, sa_restorer=0x7f052a379890}, NULL, 8) = 0
28635 rt_sigaction(SIGRT_1, {sa_handler=0x7f052a36cd50, sa_mask=[], sa_flags=SA_RESTORER|SA_RESTART|SA_SIGINFO, sa_restorer=0x7f052a379890}, NULL, 8) = 0
28635 rt_sigprocmask(SIG_UNBLOCK, [RTMIN RT_1], NULL, 8) = 0
28635 prlimit64(0, RLIMIT_STACK, NULL, {rlim_cur=8192*1024, rlim_max=RLIM64_INFINITY}) = 0
28635 brk(NULL)                         = 0x2141000
28635 brk(0x2162000)                    = 0x2162000
28635 sched_getaffinity(0, 8192, [0, 1]) = 8
28635 mmap(NULL, 262144, PROT_READ|PROT_WRITE, MAP_PRIVATE|MAP_ANONYMOUS, -1, 0) = 0x7f052a761000
28635 mmap(0xc000000000, 67108864, PROT_NONE, MAP_PRIVATE|MAP_ANONYMOUS, -1, 0) = 0xc000000000
28635 mmap(0xc000000000, 67108864, PROT_READ|PROT_WRITE, MAP_PRIVATE|MAP_FIXED|MAP_ANONYMOUS, -1, 0) = 0xc000000000
28635 mmap(NULL, 33554432, PROT_READ|PROT_WRITE, MAP_PRIVATE|MAP_ANONYMOUS, -1, 0) = 0x7f0527f76000
28635 mmap(NULL, 2164736, PROT_READ|PROT_WRITE, MAP_PRIVATE|MAP_ANONYMOUS, -1, 0) = 0x7f0527d65000
28635 mmap(NULL, 65536, PROT_READ|PROT_WRITE, MAP_PRIVATE|MAP_ANONYMOUS, -1, 0) = 0x7f052a751000
28635 mmap(NULL, 65536, PROT_READ|PROT_WRITE, MAP_PRIVATE|MAP_ANONYMOUS, -1, 0) = 0x7f052a741000
28635 rt_sigprocmask(SIG_SETMASK, NULL, [], 8) = 0
28635 sigaltstack(NULL, {ss_sp=NULL, ss_flags=SS_DISABLE, ss_size=0}) = 0
28635 sigaltstack({ss_sp=0xc000002000, ss_flags=0, ss_size=32768}, NULL) = 0
28635 rt_sigprocmask(SIG_SETMASK, [], NULL, 8) = 0
28635 gettid()                          = 28635
28635 rt_sigaction(SIGHUP, NULL, {sa_handler=SIG_DFL, sa_mask=[], sa_flags=0}, 8) = 0
28635 rt_sigaction(SIGHUP, {sa_handler=0x459040, sa_mask=~[], sa_flags=SA_RESTORER|SA_ONSTACK|SA_RESTART|SA_SIGINFO, sa_restorer=0x7f052a379890}, NULL, 8) = 0
28635 rt_sigaction(SIGINT, NULL, {sa_handler=SIG_DFL, sa_mask=[], sa_flags=0}, 8) = 0
28635 rt_sigaction(SIGINT, {sa_handler=0x459040, sa_mask=~[], sa_flags=SA_RESTORER|SA_ONSTACK|SA_RESTART|SA_SIGINFO, sa_restorer=0x7f052a379890}, NULL, 8) = 0
28635 rt_sigaction(SIGQUIT, NULL, {sa_handler=SIG_DFL, sa_mask=[], sa_flags=0}, 8) = 0
28635 rt_sigaction(SIGQUIT, {sa_handler=0x459040, sa_mask=~[], sa_flags=SA_RESTORER|SA_ONSTACK|SA_RESTART|SA_SIGINFO, sa_restorer=0x7f052a379890}, NULL, 8) = 0
28635 rt_sigaction(SIGILL, NULL, {sa_handler=SIG_DFL, sa_mask=[], sa_flags=0}, 8) = 0
28635 rt_sigaction(SIGILL, {sa_handler=0x459040, sa_mask=~[], sa_flags=SA_RESTORER|SA_ONSTACK|SA_RESTART|SA_SIGINFO, sa_restorer=0x7f052a379890}, NULL, 8) = 0
28635 rt_sigaction(SIGTRAP, NULL, {sa_handler=SIG_DFL, sa_mask=[], sa_flags=0}, 8) = 0
28635 rt_sigaction(SIGTRAP, {sa_handler=0x459040, sa_mask=~[], sa_flags=SA_RESTORER|SA_ONSTACK|SA_RESTART|SA_SIGINFO, sa_restorer=0x7f052a379890}, NULL, 8) = 0
28635 rt_sigaction(SIGABRT, NULL, {sa_handler=SIG_DFL, sa_mask=[], sa_flags=0}, 8) = 0
28635 rt_sigaction(SIGABRT, {sa_handler=0x459040, sa_mask=~[], sa_flags=SA_RESTORER|SA_ONSTACK|SA_RESTART|SA_SIGINFO, sa_restorer=0x7f052a379890}, NULL, 8) = 0
28635 rt_sigaction(SIGBUS, NULL, {sa_handler=SIG_DFL, sa_mask=[], sa_flags=0}, 8) = 0
28635 rt_sigaction(SIGBUS, {sa_handler=0x459040, sa_mask=~[], sa_flags=SA_RESTORER|SA_ONSTACK|SA_RESTART|SA_SIGINFO, sa_restorer=0x7f052a379890}, NULL, 8) = 0
28635 rt_sigaction(SIGFPE, NULL, {sa_handler=SIG_DFL, sa_mask=[], sa_flags=0}, 8) = 0
28635 rt_sigaction(SIGFPE, {sa_handler=0x459040, sa_mask=~[], sa_flags=SA_RESTORER|SA_ONSTACK|SA_RESTART|SA_SIGINFO, sa_restorer=0x7f052a379890}, NULL, 8) = 0
28635 rt_sigaction(SIGUSR1, NULL, {sa_handler=SIG_DFL, sa_mask=[], sa_flags=0}, 8) = 0
28635 rt_sigaction(SIGUSR1, {sa_handler=0x459040, sa_mask=~[], sa_flags=SA_RESTORER|SA_ONSTACK|SA_RESTART|SA_SIGINFO, sa_restorer=0x7f052a379890}, NULL, 8) = 0
28635 rt_sigaction(SIGSEGV, NULL, {sa_handler=SIG_DFL, sa_mask=[], sa_flags=0}, 8) = 0
28635 rt_sigaction(SIGSEGV, {sa_handler=0x459040, sa_mask=~[], sa_flags=SA_RESTORER|SA_ONSTACK|SA_RESTART|SA_SIGINFO, sa_restorer=0x7f052a379890}, NULL, 8) = 0
28635 rt_sigaction(SIGUSR2, NULL, {sa_handler=SIG_DFL, sa_mask=[], sa_flags=0}, 8) = 0
28635 rt_sigaction(SIGUSR2, {sa_handler=0x459040, sa_mask=~[], sa_flags=SA_RESTORER|SA_ONSTACK|SA_RESTART|SA_SIGINFO, sa_restorer=0x7f052a379890}, NULL, 8) = 0
28635 rt_sigaction(SIGPIPE, NULL, {sa_handler=SIG_DFL, sa_mask=[], sa_flags=0}, 8) = 0
28635 rt_sigaction(SIGPIPE, {sa_handler=0x459040, sa_mask=~[], sa_flags=SA_RESTORER|SA_ONSTACK|SA_RESTART|SA_SIGINFO, sa_restorer=0x7f052a379890}, NULL, 8) = 0
28635 rt_sigaction(SIGALRM, NULL, {sa_handler=SIG_DFL, sa_mask=[], sa_flags=0}, 8) = 0
28635 rt_sigaction(SIGALRM, {sa_handler=0x459040, sa_mask=~[], sa_flags=SA_RESTORER|SA_ONSTACK|SA_RESTART|SA_SIGINFO, sa_restorer=0x7f052a379890}, NULL, 8) = 0
28635 rt_sigaction(SIGTERM, NULL, {sa_handler=SIG_DFL, sa_mask=[], sa_flags=0}, 8) = 0
28635 rt_sigaction(SIGTERM, {sa_handler=0x459040, sa_mask=~[], sa_flags=SA_RESTORER|SA_ONSTACK|SA_RESTART|SA_SIGINFO, sa_restorer=0x7f052a379890}, NULL, 8) = 0
28635 rt_sigaction(SIGSTKFLT, NULL, {sa_handler=SIG_DFL, sa_mask=[], sa_flags=0}, 8) = 0
28635 rt_sigaction(SIGSTKFLT, {sa_handler=0x459040, sa_mask=~[], sa_flags=SA_RESTORER|SA_ONSTACK|SA_RESTART|SA_SIGINFO, sa_restorer=0x7f052a379890}, NULL, 8) = 0
28635 rt_sigaction(SIGCHLD, NULL, {sa_handler=SIG_DFL, sa_mask=[], sa_flags=0}, 8) = 0
28635 rt_sigaction(SIGCHLD, {sa_handler=0x459040, sa_mask=~[], sa_flags=SA_RESTORER|SA_ONSTACK|SA_RESTART|SA_SIGINFO, sa_restorer=0x7f052a379890}, NULL, 8) = 0
28635 rt_sigaction(SIGURG, NULL, {sa_handler=SIG_DFL, sa_mask=[], sa_flags=0}, 8) = 0
28635 rt_sigaction(SIGURG, {sa_handler=0x459040, sa_mask=~[], sa_flags=SA_RESTORER|SA_ONSTACK|SA_RESTART|SA_SIGINFO, sa_restorer=0x7f052a379890}, NULL, 8) = 0
28635 rt_sigaction(SIGXCPU, NULL, {sa_handler=SIG_DFL, sa_mask=[], sa_flags=0}, 8) = 0
28635 rt_sigaction(SIGXCPU, {sa_handler=0x459040, sa_mask=~[], sa_flags=SA_RESTORER|SA_ONSTACK|SA_RESTART|SA_SIGINFO, sa_restorer=0x7f052a379890}, NULL, 8) = 0
28635 rt_sigaction(SIGXFSZ, NULL, {sa_handler=SIG_DFL, sa_mask=[], sa_flags=0}, 8) = 0
28635 rt_sigaction(SIGXFSZ, {sa_handler=0x459040, sa_mask=~[], sa_flags=SA_RESTORER|SA_ONSTACK|SA_RESTART|SA_SIGINFO, sa_restorer=0x7f052a379890}, NULL, 8) = 0
28635 rt_sigaction(SIGVTALRM, NULL, {sa_handler=SIG_DFL, sa_mask=[], sa_flags=0}, 8) = 0
28635 rt_sigaction(SIGVTALRM, {sa_handler=0x459040, sa_mask=~[], sa_flags=SA_RESTORER|SA_ONSTACK|SA_RESTART|SA_SIGINFO, sa_restorer=0x7f052a379890}, NULL, 8) = 0
28635 rt_sigaction(SIGPROF, NULL, {sa_handler=SIG_DFL, sa_mask=[], sa_flags=0}, 8) = 0
28635 rt_sigaction(SIGPROF, {sa_handler=0x459040, sa_mask=~[], sa_flags=SA_RESTORER|SA_ONSTACK|SA_RESTART|SA_SIGINFO, sa_restorer=0x7f052a379890}, NULL, 8) = 0
28635 rt_sigaction(SIGWINCH, NULL, {sa_handler=SIG_DFL, sa_mask=[], sa_flags=0}, 8) = 0
28635 rt_sigaction(SIGWINCH, {sa_handler=0x459040, sa_mask=~[], sa_flags=SA_RESTORER|SA_ONSTACK|SA_RESTART|SA_SIGINFO, sa_restorer=0x7f052a379890}, NULL, 8) = 0
28635 rt_sigaction(SIGIO, NULL, {sa_handler=SIG_DFL, sa_mask=[], sa_flags=0}, 8) = 0
28635 rt_sigaction(SIGIO, {sa_handler=0x459040, sa_mask=~[], sa_flags=SA_RESTORER|SA_ONSTACK|SA_RESTART|SA_SIGINFO, sa_restorer=0x7f052a379890}, NULL, 8) = 0
28635 rt_sigaction(SIGPWR, NULL, {sa_handler=SIG_DFL, sa_mask=[], sa_flags=0}, 8) = 0
28635 rt_sigaction(SIGPWR, {sa_handler=0x459040, sa_mask=~[], sa_flags=SA_RESTORER|SA_ONSTACK|SA_RESTART|SA_SIGINFO, sa_restorer=0x7f052a379890}, NULL, 8) = 0
28635 rt_sigaction(SIGSYS, NULL, {sa_handler=SIG_DFL, sa_mask=[], sa_flags=0}, 8) = 0
28635 rt_sigaction(SIGSYS, {sa_handler=0x459040, sa_mask=~[], sa_flags=SA_RESTORER|SA_ONSTACK|SA_RESTART|SA_SIGINFO, sa_restorer=0x7f052a379890}, NULL, 8) = 0
28635 rt_sigaction(SIGRTMIN, NULL, {sa_handler=0x7f052a36ccb0, sa_mask=[], sa_flags=SA_RESTORER|SA_SIGINFO, sa_restorer=0x7f052a379890}, 8) = 0
28635 rt_sigaction(SIGRTMIN, NULL, {sa_handler=0x7f052a36ccb0, sa_mask=[], sa_flags=SA_RESTORER|SA_SIGINFO, sa_restorer=0x7f052a379890}, 8) = 0
28635 rt_sigaction(SIGRTMIN, {sa_handler=0x7f052a36ccb0, sa_mask=[], sa_flags=SA_RESTORER|SA_ONSTACK|SA_SIGINFO, sa_restorer=0x7f052a379890}, NULL, 8) = 0
28635 rt_sigaction(SIGRT_1, NULL, {sa_handler=0x7f052a36cd50, sa_mask=[], sa_flags=SA_RESTORER|SA_RESTART|SA_SIGINFO, sa_restorer=0x7f052a379890}, 8) = 0
28635 rt_sigaction(SIGRT_1, NULL, {sa_handler=0x7f052a36cd50, sa_mask=[], sa_flags=SA_RESTORER|SA_RESTART|SA_SIGINFO, sa_restorer=0x7f052a379890}, 8) = 0
28635 rt_sigaction(SIGRT_1, {sa_handler=0x7f052a36cd50, sa_mask=[], sa_flags=SA_RESTORER|SA_ONSTACK|SA_RESTART|SA_SIGINFO, sa_restorer=0x7f052a379890}, NULL, 8) = 0
28635 rt_sigaction(SIGRT_2, NULL, {sa_handler=SIG_DFL, sa_mask=[], sa_flags=0}, 8) = 0
28635 rt_sigaction(SIGRT_2, {sa_handler=0x459040, sa_mask=~[], sa_flags=SA_RESTORER|SA_ONSTACK|SA_RESTART|SA_SIGINFO, sa_restorer=0x7f052a379890}, NULL, 8) = 0
28635 rt_sigaction(SIGRT_3, NULL, {sa_handler=SIG_DFL, sa_mask=[], sa_flags=0}, 8) = 0
28635 rt_sigaction(SIGRT_3, {sa_handler=0x459040, sa_mask=~[], sa_flags=SA_RESTORER|SA_ONSTACK|SA_RESTART|SA_SIGINFO, sa_restorer=0x7f052a379890}, NULL, 8) = 0
28635 rt_sigaction(SIGRT_4, NULL, {sa_handler=SIG_DFL, sa_mask=[], sa_flags=0}, 8) = 0
28635 rt_sigaction(SIGRT_4, {sa_handler=0x459040, sa_mask=~[], sa_flags=SA_RESTORER|SA_ONSTACK|SA_RESTART|SA_SIGINFO, sa_restorer=0x7f052a379890}, NULL, 8) = 0
28635 rt_sigaction(SIGRT_5, NULL, {sa_handler=SIG_DFL, sa_mask=[], sa_flags=0}, 8) = 0
28635 rt_sigaction(SIGRT_5, {sa_handler=0x459040, sa_mask=~[], sa_flags=SA_RESTORER|SA_ONSTACK|SA_RESTART|SA_SIGINFO, sa_restorer=0x7f052a379890}, NULL, 8) = 0
28635 rt_sigaction(SIGRT_6, NULL, {sa_handler=SIG_DFL, sa_mask=[], sa_flags=0}, 8) = 0
28635 rt_sigaction(SIGRT_6, {sa_handler=0x459040, sa_mask=~[], sa_flags=SA_RESTORER|SA_ONSTACK|SA_RESTART|SA_SIGINFO, sa_restorer=0x7f052a379890}, NULL, 8) = 0
28635 rt_sigaction(SIGRT_7, NULL, {sa_handler=SIG_DFL, sa_mask=[], sa_flags=0}, 8) = 0
28635 rt_sigaction(SIGRT_7, {sa_handler=0x459040, sa_mask=~[], sa_flags=SA_RESTORER|SA_ONSTACK|SA_RESTART|SA_SIGINFO, sa_restorer=0x7f052a379890}, NULL, 8) = 0
28635 rt_sigaction(SIGRT_8, NULL, {sa_handler=SIG_DFL, sa_mask=[], sa_flags=0}, 8) = 0
28635 rt_sigaction(SIGRT_8, {sa_handler=0x459040, sa_mask=~[], sa_flags=SA_RESTORER|SA_ONSTACK|SA_RESTART|SA_SIGINFO, sa_restorer=0x7f052a379890}, NULL, 8) = 0
28635 rt_sigaction(SIGRT_9, NULL, {sa_handler=SIG_DFL, sa_mask=[], sa_flags=0}, 8) = 0
28635 rt_sigaction(SIGRT_9, {sa_handler=0x459040, sa_mask=~[], sa_flags=SA_RESTORER|SA_ONSTACK|SA_RESTART|SA_SIGINFO, sa_restorer=0x7f052a379890}, NULL, 8) = 0
28635 rt_sigaction(SIGRT_10, NULL, {sa_handler=SIG_DFL, sa_mask=[], sa_flags=0}, 8) = 0
28635 rt_sigaction(SIGRT_10, {sa_handler=0x459040, sa_mask=~[], sa_flags=SA_RESTORER|SA_ONSTACK|SA_RESTART|SA_SIGINFO, sa_restorer=0x7f052a379890}, NULL, 8) = 0
28635 rt_sigaction(SIGRT_11, NULL, {sa_handler=SIG_DFL, sa_mask=[], sa_flags=0}, 8) = 0
28635 rt_sigaction(SIGRT_11, {sa_handler=0x459040, sa_mask=~[], sa_flags=SA_RESTORER|SA_ONSTACK|SA_RESTART|SA_SIGINFO, sa_restorer=0x7f052a379890}, NULL, 8) = 0
28635 rt_sigaction(SIGRT_12, NULL, {sa_handler=SIG_DFL, sa_mask=[], sa_flags=0}, 8) = 0
28635 rt_sigaction(SIGRT_12, {sa_handler=0x459040, sa_mask=~[], sa_flags=SA_RESTORER|SA_ONSTACK|SA_RESTART|SA_SIGINFO, sa_restorer=0x7f052a379890}, NULL, 8) = 0
28635 rt_sigaction(SIGRT_13, NULL, {sa_handler=SIG_DFL, sa_mask=[], sa_flags=0}, 8) = 0
28635 rt_sigaction(SIGRT_13, {sa_handler=0x459040, sa_mask=~[], sa_flags=SA_RESTORER|SA_ONSTACK|SA_RESTART|SA_SIGINFO, sa_restorer=0x7f052a379890}, NULL, 8) = 0
28635 rt_sigaction(SIGRT_14, NULL, {sa_handler=SIG_DFL, sa_mask=[], sa_flags=0}, 8) = 0
28635 rt_sigaction(SIGRT_14, {sa_handler=0x459040, sa_mask=~[], sa_flags=SA_RESTORER|SA_ONSTACK|SA_RESTART|SA_SIGINFO, sa_restorer=0x7f052a379890}, NULL, 8) = 0
28635 rt_sigaction(SIGRT_15, NULL, {sa_handler=SIG_DFL, sa_mask=[], sa_flags=0}, 8) = 0
28635 rt_sigaction(SIGRT_15, {sa_handler=0x459040, sa_mask=~[], sa_flags=SA_RESTORER|SA_ONSTACK|SA_RESTART|SA_SIGINFO, sa_restorer=0x7f052a379890}, NULL, 8) = 0
28635 rt_sigaction(SIGRT_16, NULL, {sa_handler=SIG_DFL, sa_mask=[], sa_flags=0}, 8) = 0
28635 rt_sigaction(SIGRT_16, {sa_handler=0x459040, sa_mask=~[], sa_flags=SA_RESTORER|SA_ONSTACK|SA_RESTART|SA_SIGINFO, sa_restorer=0x7f052a379890}, NULL, 8) = 0
28635 rt_sigaction(SIGRT_17, NULL, {sa_handler=SIG_DFL, sa_mask=[], sa_flags=0}, 8) = 0
28635 rt_sigaction(SIGRT_17, {sa_handler=0x459040, sa_mask=~[], sa_flags=SA_RESTORER|SA_ONSTACK|SA_RESTART|SA_SIGINFO, sa_restorer=0x7f052a379890}, NULL, 8) = 0
28635 rt_sigaction(SIGRT_18, NULL, {sa_handler=SIG_DFL, sa_mask=[], sa_flags=0}, 8) = 0
28635 rt_sigaction(SIGRT_18, {sa_handler=0x459040, sa_mask=~[], sa_flags=SA_RESTORER|SA_ONSTACK|SA_RESTART|SA_SIGINFO, sa_restorer=0x7f052a379890}, NULL, 8) = 0
28635 rt_sigaction(SIGRT_19, NULL, {sa_handler=SIG_DFL, sa_mask=[], sa_flags=0}, 8) = 0
28635 rt_sigaction(SIGRT_19, {sa_handler=0x459040, sa_mask=~[], sa_flags=SA_RESTORER|SA_ONSTACK|SA_RESTART|SA_SIGINFO, sa_restorer=0x7f052a379890}, NULL, 8) = 0
28635 rt_sigaction(SIGRT_20, NULL, {sa_handler=SIG_DFL, sa_mask=[], sa_flags=0}, 8) = 0
28635 rt_sigaction(SIGRT_20, {sa_handler=0x459040, sa_mask=~[], sa_flags=SA_RESTORER|SA_ONSTACK|SA_RESTART|SA_SIGINFO, sa_restorer=0x7f052a379890}, NULL, 8) = 0
28635 rt_sigaction(SIGRT_21, NULL, {sa_handler=SIG_DFL, sa_mask=[], sa_flags=0}, 8) = 0
28635 rt_sigaction(SIGRT_21, {sa_handler=0x459040, sa_mask=~[], sa_flags=SA_RESTORER|SA_ONSTACK|SA_RESTART|SA_SIGINFO, sa_restorer=0x7f052a379890}, NULL, 8) = 0
28635 rt_sigaction(SIGRT_22, NULL, {sa_handler=SIG_DFL, sa_mask=[], sa_flags=0}, 8) = 0
28635 rt_sigaction(SIGRT_22, {sa_handler=0x459040, sa_mask=~[], sa_flags=SA_RESTORER|SA_ONSTACK|SA_RESTART|SA_SIGINFO, sa_restorer=0x7f052a379890}, NULL, 8) = 0
28635 rt_sigaction(SIGRT_23, NULL, {sa_handler=SIG_DFL, sa_mask=[], sa_flags=0}, 8) = 0
28635 rt_sigaction(SIGRT_23, {sa_handler=0x459040, sa_mask=~[], sa_flags=SA_RESTORER|SA_ONSTACK|SA_RESTART|SA_SIGINFO, sa_restorer=0x7f052a379890}, NULL, 8) = 0
28635 rt_sigaction(SIGRT_24, NULL, {sa_handler=SIG_DFL, sa_mask=[], sa_flags=0}, 8) = 0
28635 rt_sigaction(SIGRT_24, {sa_handler=0x459040, sa_mask=~[], sa_flags=SA_RESTORER|SA_ONSTACK|SA_RESTART|SA_SIGINFO, sa_restorer=0x7f052a379890}, NULL, 8) = 0
28635 rt_sigaction(SIGRT_25, NULL, {sa_handler=SIG_DFL, sa_mask=[], sa_flags=0}, 8) = 0
28635 rt_sigaction(SIGRT_25, {sa_handler=0x459040, sa_mask=~[], sa_flags=SA_RESTORER|SA_ONSTACK|SA_RESTART|SA_SIGINFO, sa_restorer=0x7f052a379890}, NULL, 8) = 0
28635 rt_sigaction(SIGRT_26, NULL, {sa_handler=SIG_DFL, sa_mask=[], sa_flags=0}, 8) = 0
28635 rt_sigaction(SIGRT_26, {sa_handler=0x459040, sa_mask=~[], sa_flags=SA_RESTORER|SA_ONSTACK|SA_RESTART|SA_SIGINFO, sa_restorer=0x7f052a379890}, NULL, 8) = 0
28635 rt_sigaction(SIGRT_27, NULL, {sa_handler=SIG_DFL, sa_mask=[], sa_flags=0}, 8) = 0
28635 rt_sigaction(SIGRT_27, {sa_handler=0x459040, sa_mask=~[], sa_flags=SA_RESTORER|SA_ONSTACK|SA_RESTART|SA_SIGINFO, sa_restorer=0x7f052a379890}, NULL, 8) = 0
28635 rt_sigaction(SIGRT_28, NULL, {sa_handler=SIG_DFL, sa_mask=[], sa_flags=0}, 8) = 0
28635 rt_sigaction(SIGRT_28, {sa_handler=0x459040, sa_mask=~[], sa_flags=SA_RESTORER|SA_ONSTACK|SA_RESTART|SA_SIGINFO, sa_restorer=0x7f052a379890}, NULL, 8) = 0
28635 rt_sigaction(SIGRT_29, NULL, {sa_handler=SIG_DFL, sa_mask=[], sa_flags=0}, 8) = 0
28635 rt_sigaction(SIGRT_29, {sa_handler=0x459040, sa_mask=~[], sa_flags=SA_RESTORER|SA_ONSTACK|SA_RESTART|SA_SIGINFO, sa_restorer=0x7f052a379890}, NULL, 8) = 0
28635 rt_sigaction(SIGRT_30, NULL, {sa_handler=SIG_DFL, sa_mask=[], sa_flags=0}, 8) = 0
28635 rt_sigaction(SIGRT_30, {sa_handler=0x459040, sa_mask=~[], sa_flags=SA_RESTORER|SA_ONSTACK|SA_RESTART|SA_SIGINFO, sa_restorer=0x7f052a379890}, NULL, 8) = 0
28635 rt_sigaction(SIGRT_31, NULL, {sa_handler=SIG_DFL, sa_mask=[], sa_flags=0}, 8) = 0
28635 rt_sigaction(SIGRT_31, {sa_handler=0x459040, sa_mask=~[], sa_flags=SA_RESTORER|SA_ONSTACK|SA_RESTART|SA_SIGINFO, sa_restorer=0x7f052a379890}, NULL, 8) = 0
28635 rt_sigaction(SIGRT_32, NULL, {sa_handler=SIG_DFL, sa_mask=[], sa_flags=0}, 8) = 0
28635 rt_sigaction(SIGRT_32, {sa_handler=0x459040, sa_mask=~[], sa_flags=SA_RESTORER|SA_ONSTACK|SA_RESTART|SA_SIGINFO, sa_restorer=0x7f052a379890}, NULL, 8) = 0
28635 rt_sigprocmask(SIG_SETMASK, ~[RTMIN RT_1], [], 8) = 0
28635 mmap(NULL, 8392704, PROT_NONE, MAP_PRIVATE|MAP_ANONYMOUS|MAP_STACK, -1, 0) = 0x7f0527564000
28635 mprotect(0x7f0527565000, 8388608, PROT_READ|PROT_WRITE) = 0
28635 clone(child_stack=0x7f0527d63fb0, flags=CLONE_VM|CLONE_FS|CLONE_FILES|CLONE_SIGHAND|CLONE_THREAD|CLONE_SYSVSEM|CLONE_SETTLS|CLONE_PARENT_SETTID|CLONE_CHILD_CLEARTID, parent_tidptr=0x7f0527d649d0, tls=0x7f0527d64700, child_tidptr=0x7f0527d649d0) = 28636
28635 rt_sigprocmask(SIG_SETMASK, [], NULL, 8) = 0
28636 set_robust_list(0x7f0527d649e0, 24) = 0
28636 mmap(NULL, 134217728, PROT_NONE, MAP_PRIVATE|MAP_ANONYMOUS|MAP_NORESERVE, -1, 0 <unfinished ...>
28635 rt_sigprocmask(SIG_SETMASK, ~[RTMIN RT_1], [], 8) = 0
28635 mmap(NULL, 8392704, PROT_NONE, MAP_PRIVATE|MAP_ANONYMOUS|MAP_STACK, -1, 0) = 0x7f051ed63000
28635 mprotect(0x7f051ed64000, 8388608, PROT_READ|PROT_WRITE) = 0
28635 clone(child_stack=0x7f051f562fb0, flags=CLONE_VM|CLONE_FS|CLONE_FILES|CLONE_SIGHAND|CLONE_THREAD|CLONE_SYSVSEM|CLONE_SETTLS|CLONE_PARENT_SETTID|CLONE_CHILD_CLEARTID, parent_tidptr=0x7f051f5639d0, tls=0x7f051f563700, child_tidptr=0x7f051f5639d0) = 28637
28635 rt_sigprocmask(SIG_SETMASK, [], NULL, 8) = 0
28636 <... mmap resumed> )              = 0x7f051f564000
28637 set_robust_list(0x7f051f5639e0, 24 <unfinished ...>
28636 munmap(0x7f051f564000, 11124736 <unfinished ...>
28635 rt_sigprocmask(SIG_SETMASK, ~[RTMIN RT_1], [], 8) = 0
28635 mmap(NULL, 8392704, PROT_NONE, MAP_PRIVATE|MAP_ANONYMOUS|MAP_STACK, -1, 0) = 0x7f051f7ff000
28635 mprotect(0x7f051f800000, 8388608, PROT_READ|PROT_WRITE) = 0
28635 clone(child_stack=0x7f051fffefb0, flags=CLONE_VM|CLONE_FS|CLONE_FILES|CLONE_SIGHAND|CLONE_THREAD|CLONE_SYSVSEM|CLONE_SETTLS|CLONE_PARENT_SETTID|CLONE_CHILD_CLEARTID, parent_tidptr=0x7f051ffff9d0, tls=0x7f051ffff700, child_tidptr=0x7f051ffff9d0) = 28638
28635 rt_sigprocmask(SIG_SETMASK, [], NULL, 8) = 0
28637 <... set_robust_list resumed> )   = 0
28635 futex(0x6199e8, FUTEX_WAIT_PRIVATE, 0, NULL <unfinished ...>
28638 set_robust_list(0x7f051ffff9e0, 24 <unfinished ...>
28637 mmap(NULL, 134217728, PROT_NONE, MAP_PRIVATE|MAP_ANONYMOUS|MAP_NORESERVE, -1, 0 <unfinished ...>
28636 <... munmap resumed> )            = 0
28638 <... set_robust_list resumed> )   = 0
28637 <... mmap resumed> )              = 0x7f0516d63000
28636 munmap(0x7f0524000000, 55984128 <unfinished ...>
28638 mmap(NULL, 134217728, PROT_NONE, MAP_PRIVATE|MAP_ANONYMOUS|MAP_NORESERVE, -1, 0 <unfinished ...>
28637 munmap(0x7f0516d63000, 19517440 <unfinished ...>
28636 <... munmap resumed> )            = 0
28638 <... mmap resumed> )              = 0x7f0510000000
28637 <... munmap resumed> )            = 0
28636 mprotect(0x7f0520000000, 135168, PROT_READ|PROT_WRITE <unfinished ...>
28638 munmap(0x7f0514000000, 67108864 <unfinished ...>
28637 munmap(0x7f051c000000, 47591424 <unfinished ...>
28636 <... mprotect resumed> )          = 0
28638 <... munmap resumed> )            = 0
28637 <... munmap resumed> )            = 0
28636 sigaltstack(NULL,  <unfinished ...>
28638 mprotect(0x7f0510000000, 135168, PROT_READ|PROT_WRITE <unfinished ...>
28637 mprotect(0x7f0518000000, 135168, PROT_READ|PROT_WRITE <unfinished ...>
28638 <... mprotect resumed> )          = 0
28637 <... mprotect resumed> )          = 0
28638 sigaltstack(NULL,  <unfinished ...>
28637 sigaltstack(NULL,  <unfinished ...>
28636 <... sigaltstack resumed> {ss_sp=NULL, ss_flags=SS_DISABLE, ss_size=0}) = 0
28638 <... sigaltstack resumed> {ss_sp=NULL, ss_flags=SS_DISABLE, ss_size=0}) = 0
28637 <... sigaltstack resumed> {ss_sp=NULL, ss_flags=SS_DISABLE, ss_size=0}) = 0
28636 sigaltstack({ss_sp=0xc00004e000, ss_flags=0, ss_size=32768},  <unfinished ...>
28638 sigaltstack({ss_sp=0xc000064000, ss_flags=0, ss_size=32768},  <unfinished ...>
28637 sigaltstack({ss_sp=0xc000056000, ss_flags=0, ss_size=32768},  <unfinished ...>
28636 <... sigaltstack resumed> NULL)   = 0
28638 <... sigaltstack resumed> NULL)   = 0
28637 <... sigaltstack resumed> NULL)   = 0
28638 rt_sigprocmask(SIG_SETMASK, [],  <unfinished ...>
28637 rt_sigprocmask(SIG_SETMASK, [],  <unfinished ...>
28636 rt_sigprocmask(SIG_SETMASK, [],  <unfinished ...>
28638 <... rt_sigprocmask resumed> NULL, 8) = 0
28637 <... rt_sigprocmask resumed> NULL, 8) = 0
28638 gettid( <unfinished ...>
28637 gettid( <unfinished ...>
28636 <... rt_sigprocmask resumed> NULL, 8) = 0
28638 <... gettid resumed> )            = 28638
28637 <... gettid resumed> )            = 28637
28636 gettid( <unfinished ...>
28638 futex(0xc00003cbc8, FUTEX_WAIT_PRIVATE, 0, NULL <unfinished ...>
28637 futex(0xc00003cbc8, FUTEX_WAKE_PRIVATE, 1 <unfinished ...>
28636 <... gettid resumed> )            = 28636
28638 <... futex resumed> )             = -1 EAGAIN (Resource temporarily unavailable)
28637 <... futex resumed> )             = 0
28636 nanosleep({tv_sec=0, tv_nsec=20000},  <unfinished ...>
28638 futex(0xc00003cbc8, FUTEX_WAIT_PRIVATE, 0, NULL <unfinished ...>
28637 futex(0x6199e8, FUTEX_WAKE_PRIVATE, 1 <unfinished ...>
28635 <... futex resumed> )             = 0
28637 <... futex resumed> )             = 1
28636 <... nanosleep resumed> NULL)     = 0
28637 futex(0xc00003c848, FUTEX_WAIT_PRIVATE, 0, NULL <unfinished ...>
28636 nanosleep({tv_sec=0, tv_nsec=20000}, NULL) = 0
28636 nanosleep({tv_sec=0, tv_nsec=20000}, NULL) = 0
28636 nanosleep({tv_sec=0, tv_nsec=20000},  <unfinished ...>
28635 rt_sigprocmask(SIG_SETMASK, ~[RTMIN RT_1], [], 8) = 0
28635 mmap(NULL, 8392704, PROT_NONE, MAP_PRIVATE|MAP_ANONYMOUS|MAP_STACK, -1, 0) = 0x7f0526d63000
28635 mprotect(0x7f0526d64000, 8388608, PROT_READ|PROT_WRITE) = 0
28635 clone(child_stack=0x7f0527562fb0, flags=CLONE_VM|CLONE_FS|CLONE_FILES|CLONE_SIGHAND|CLONE_THREAD|CLONE_SYSVSEM|CLONE_SETTLS|CLONE_PARENT_SETTID|CLONE_CHILD_CLEARTID, parent_tidptr=0x7f05275639d0, tls=0x7f0527563700, child_tidptr=0x7f05275639d0) = 28639
28635 rt_sigprocmask(SIG_SETMASK, [], NULL, 8) = 0
28636 <... nanosleep resumed> NULL)     = 0
28639 set_robust_list(0x7f05275639e0, 24 <unfinished ...>
28636 nanosleep({tv_sec=0, tv_nsec=20000},  <unfinished ...>
28639 <... set_robust_list resumed> )   = 0
28636 <... nanosleep resumed> NULL)     = 0
28639 mmap(0x7f0514000000, 67108864, PROT_NONE, MAP_PRIVATE|MAP_ANONYMOUS|MAP_NORESERVE, -1, 0 <unfinished ...>
28636 nanosleep({tv_sec=0, tv_nsec=20000},  <unfinished ...>
28639 <... mmap resumed> )              = 0x7f0514000000
28636 <... nanosleep resumed> NULL)     = 0
28639 mprotect(0x7f0514000000, 135168, PROT_READ|PROT_WRITE <unfinished ...>
28636 nanosleep({tv_sec=0, tv_nsec=20000},  <unfinished ...>
28639 <... mprotect resumed> )          = 0
28636 <... nanosleep resumed> NULL)     = 0
28639 sigaltstack(NULL,  <unfinished ...>
28636 nanosleep({tv_sec=0, tv_nsec=20000},  <unfinished ...>
28639 <... sigaltstack resumed> {ss_sp=NULL, ss_flags=SS_DISABLE, ss_size=0}) = 0
28636 <... nanosleep resumed> NULL)     = 0
28639 sigaltstack({ss_sp=0xc000072000, ss_flags=0, ss_size=32768},  <unfinished ...>
28636 nanosleep({tv_sec=0, tv_nsec=20000},  <unfinished ...>
28639 <... sigaltstack resumed> NULL)   = 0
28636 <... nanosleep resumed> NULL)     = 0
28639 rt_sigprocmask(SIG_SETMASK, [],  <unfinished ...>
28636 nanosleep({tv_sec=0, tv_nsec=20000},  <unfinished ...>
28639 <... rt_sigprocmask resumed> NULL, 8) = 0
28636 <... nanosleep resumed> NULL)     = 0
28639 gettid( <unfinished ...>
28636 nanosleep({tv_sec=0, tv_nsec=20000},  <unfinished ...>
28639 <... gettid resumed> )            = 28639
28636 <... nanosleep resumed> NULL)     = 0
28639 futex(0x634518, FUTEX_WAIT_PRIVATE, 0, NULL <unfinished ...>
28636 nanosleep({tv_sec=0, tv_nsec=20000}, NULL) = 0
28636 nanosleep({tv_sec=0, tv_nsec=20000}, NULL) = 0
28636 nanosleep({tv_sec=0, tv_nsec=20000}, NULL) = 0
28636 nanosleep({tv_sec=0, tv_nsec=20000}, NULL) = 0
28636 nanosleep({tv_sec=0, tv_nsec=20000}, NULL) = 0
28636 nanosleep({tv_sec=0, tv_nsec=20000}, NULL) = 0
28636 nanosleep({tv_sec=0, tv_nsec=20000}, NULL) = 0
28636 nanosleep({tv_sec=0, tv_nsec=20000}, NULL) = 0
28636 nanosleep({tv_sec=0, tv_nsec=20000}, NULL) = 0
28635 readlinkat(AT_FDCWD, "/proc/self/exe", "/home/vagrant/go/src/github.com/"..., 128) = 64
28635 futex(0xc00003c848, FUTEX_WAKE_PRIVATE, 1) = 1
28635 futex(0x6199e8, FUTEX_WAIT_PRIVATE, 0, NULL <unfinished ...>
28637 <... futex resumed> )             = 0
28636 nanosleep({tv_sec=0, tv_nsec=20000},  <unfinished ...>
28637 futex(0x6199e8, FUTEX_WAKE_PRIVATE, 1 <unfinished ...>
28635 <... futex resumed> )             = 0
28635 fcntl(0, F_GETFL)                 = 0x2 (flags O_RDWR)
28637 <... futex resumed> )             = 1
28636 <... nanosleep resumed> NULL)     = 0
28637 futex(0xc00003c848, FUTEX_WAIT_PRIVATE, 0, NULL <unfinished ...>
28635 futex(0xc00003c848, FUTEX_WAKE_PRIVATE, 1) = 0
28635 mmap(NULL, 262144, PROT_READ|PROT_WRITE, MAP_PRIVATE|MAP_ANONYMOUS, -1, 0) = 0x7f052a701000
28635 fcntl(1, F_GETFL)                 = 0x2 (flags O_RDWR)
28635 fcntl(2, F_GETFL)                 = 0x2 (flags O_RDWR)
28637 <... futex resumed> )             = -1 EAGAIN (Resource temporarily unavailable)
28636 nanosleep({tv_sec=0, tv_nsec=20000},  <unfinished ...>
28637 nanosleep({tv_sec=0, tv_nsec=3000},  <unfinished ...>
28636 <... nanosleep resumed> NULL)     = 0
28637 <... nanosleep resumed> NULL)     = 0
28636 nanosleep({tv_sec=0, tv_nsec=20000},  <unfinished ...>
28637 futex(0xc00003c848, FUTEX_WAIT_PRIVATE, 0, NULL <unfinished ...>
28636 <... nanosleep resumed> NULL)     = 0
28636 nanosleep({tv_sec=0, tv_nsec=20000}, NULL) = 0
28636 nanosleep({tv_sec=0, tv_nsec=20000}, NULL) = 0
28636 nanosleep({tv_sec=0, tv_nsec=20000}, NULL) = 0
28636 nanosleep({tv_sec=0, tv_nsec=20000}, NULL) = 0
28636 nanosleep({tv_sec=0, tv_nsec=20000}, NULL) = 0
28636 nanosleep({tv_sec=0, tv_nsec=20000}, NULL) = 0
28636 nanosleep({tv_sec=0, tv_nsec=20000}, NULL) = 0
28636 nanosleep({tv_sec=0, tv_nsec=20000}, NULL) = 0
28636 nanosleep({tv_sec=0, tv_nsec=20000}, NULL) = 0
28636 nanosleep({tv_sec=0, tv_nsec=20000}, NULL) = 0
28636 nanosleep({tv_sec=0, tv_nsec=20000}, NULL) = 0
28636 nanosleep({tv_sec=0, tv_nsec=20000}, NULL) = 0
28636 nanosleep({tv_sec=0, tv_nsec=20000}, NULL) = 0
28636 nanosleep({tv_sec=0, tv_nsec=20000}, NULL) = 0
28636 nanosleep({tv_sec=0, tv_nsec=20000}, NULL) = 0
28636 nanosleep({tv_sec=0, tv_nsec=20000}, NULL) = 0
28636 nanosleep({tv_sec=0, tv_nsec=20000}, NULL) = 0
28636 nanosleep({tv_sec=0, tv_nsec=20000}, NULL) = 0
28635 openat(AT_FDCWD, "/etc//localtime", O_RDONLY) = 3
28635 read(3, "TZif2\0\0\0\0\0\0\0\0\0\0\0\0\0\0\0\0\0\0\1\0\0\0\1\0\0\0\0"..., 4096) = 127
28635 read(3, "", 4096)                 = 0
28635 close(3)                          = 0
28636 nanosleep({tv_sec=0, tv_nsec=20000},  <unfinished ...>
28635 write(2, "2019/09/11 10:04:23 Listening on"..., 44) = 44
28636 <... nanosleep resumed> NULL)     = 0
28636 nanosleep({tv_sec=0, tv_nsec=20000}, NULL) = 0
28636 nanosleep({tv_sec=0, tv_nsec=20000}, NULL) = 0
28636 nanosleep({tv_sec=0, tv_nsec=20000}, NULL) = 0
28636 nanosleep({tv_sec=0, tv_nsec=20000}, NULL) = 0
28636 nanosleep({tv_sec=0, tv_nsec=20000}, NULL) = 0
28636 nanosleep({tv_sec=0, tv_nsec=20000},  <unfinished ...>
28635 socket(AF_INET6, SOCK_STREAM|SOCK_CLOEXEC|SOCK_NONBLOCK, IPPROTO_IP) = 3
28635 setsockopt(3, SOL_IPV6, IPV6_V6ONLY, [0], 4) = 0
28635 setsockopt(3, SOL_SOCKET, SO_BROADCAST, [1], 4) = 0
28636 <... nanosleep resumed> NULL)     = 0
28636 nanosleep({tv_sec=0, tv_nsec=20000},  <unfinished ...>
28635 openat(AT_FDCWD, "/proc/sys/net/core/somaxconn", O_RDONLY|O_CLOEXEC) = 4
28635 epoll_create1(EPOLL_CLOEXEC)      = 5
28635 epoll_ctl(5, EPOLL_CTL_ADD, 4, {EPOLLIN|EPOLLOUT|EPOLLRDHUP|EPOLLET, {u32=712007480, u64=139660163571512}}) = 0
28635 fcntl(4, F_GETFL)                 = 0x8000 (flags O_RDONLY|O_LARGEFILE)
28635 fcntl(4, F_SETFL, O_RDONLY|O_NONBLOCK|O_LARGEFILE) = 0
28636 <... nanosleep resumed> NULL)     = 0
28636 epoll_pwait(5, [{EPOLLIN|EPOLLOUT, {u32=712007480, u64=139660163571512}}], 128, 0, NULL, 97662311619566) = 1
28636 nanosleep({tv_sec=0, tv_nsec=20000}, NULL) = 0
28636 nanosleep({tv_sec=0, tv_nsec=20000}, NULL) = 0
28635 mmap(NULL, 1439992, PROT_READ|PROT_WRITE, MAP_PRIVATE|MAP_ANONYMOUS, -1, 0) = 0x7f0526c03000
28635 read(4, "128\n", 65536)           = 4
28635 read(4, "", 65532)                = 0
28635 epoll_ctl(5, EPOLL_CTL_DEL, 4, 0xc0000afa64) = 0
28635 close(4)                          = 0
28636 nanosleep({tv_sec=0, tv_nsec=40000},  <unfinished ...>
28635 setsockopt(3, SOL_SOCKET, SO_REUSEADDR, [1], 4) = 0
28635 bind(3, {sa_family=AF_INET6, sin6_port=htons(8080), inet_pton(AF_INET6, "::1", &sin6_addr), sin6_flowinfo=htonl(0), sin6_scope_id=0}, 28) = 0
28635 listen(3, 128)                    = 0
28635 epoll_ctl(5, EPOLL_CTL_ADD, 3, {EPOLLIN|EPOLLOUT|EPOLLRDHUP|EPOLLET, {u32=712007480, u64=139660163571512}}) = 0
28635 getsockname(3, {sa_family=AF_INET6, sin6_port=htons(8080), inet_pton(AF_INET6, "::1", &sin6_addr), sin6_flowinfo=htonl(0), sin6_scope_id=0}, [112->28]) = 0
28636 <... nanosleep resumed> NULL)     = 0
28636 nanosleep({tv_sec=0, tv_nsec=80000},  <unfinished ...>
28635 epoll_ctl(5, EPOLL_CTL_DEL, 3, 0xc0000afdec) = 0
28635 close(3)                          = 0
28635 exit_group(0)                     = ?
28637 <... futex resumed>)              = ?
28639 <... futex resumed>)              = ?
28638 <... futex resumed>)              = ?
28639 +++ exited with 0 +++
28638 +++ exited with 0 +++
28637 +++ exited with 0 +++
28636 <... nanosleep resumed> <unfinished ...>) = ?
28636 +++ exited with 0 +++
28635 +++ exited with 0 +++
