28651 execve("./listen", ["./listen", "--addr", "10.0.2.15:8080"], 0x7ffed007f8f8 /* 22 vars */) = 0
28651 brk(NULL)                         = 0x1f57000
28651 access("/etc/ld.so.nohwcap", F_OK) = -1 ENOENT (No such file or directory)
28651 access("/etc/ld.so.preload", R_OK) = -1 ENOENT (No such file or directory)
28651 openat(AT_FDCWD, "/etc/ld.so.cache", O_RDONLY|O_CLOEXEC) = 3
28651 fstat(3, {st_mode=S_IFREG|0644, st_size=26638, ...}) = 0
28651 mmap(NULL, 26638, PROT_READ, MAP_PRIVATE, 3, 0) = 0x7f8649e74000
28651 close(3)                          = 0
28651 access("/etc/ld.so.nohwcap", F_OK) = -1 ENOENT (No such file or directory)
28651 openat(AT_FDCWD, "/lib/x86_64-linux-gnu/libpthread.so.0", O_RDONLY|O_CLOEXEC) = 3
28651 read(3, "\177ELF\2\1\1\0\0\0\0\0\0\0\0\0\3\0>\0\1\0\0\0000b\0\0\0\0\0\0"..., 832) = 832
28651 fstat(3, {st_mode=S_IFREG|0755, st_size=144976, ...}) = 0
28651 mmap(NULL, 8192, PROT_READ|PROT_WRITE, MAP_PRIVATE|MAP_ANONYMOUS, -1, 0) = 0x7f8649e72000
28651 mmap(NULL, 2221184, PROT_READ|PROT_EXEC, MAP_PRIVATE|MAP_DENYWRITE, 3, 0) = 0x7f8649a35000
28651 mprotect(0x7f8649a4f000, 2093056, PROT_NONE) = 0
28651 mmap(0x7f8649c4e000, 8192, PROT_READ|PROT_WRITE, MAP_PRIVATE|MAP_FIXED|MAP_DENYWRITE, 3, 0x19000) = 0x7f8649c4e000
28651 mmap(0x7f8649c50000, 13440, PROT_READ|PROT_WRITE, MAP_PRIVATE|MAP_FIXED|MAP_ANONYMOUS, -1, 0) = 0x7f8649c50000
28651 close(3)                          = 0
28651 access("/etc/ld.so.nohwcap", F_OK) = -1 ENOENT (No such file or directory)
28651 openat(AT_FDCWD, "/lib/x86_64-linux-gnu/libc.so.6", O_RDONLY|O_CLOEXEC) = 3
28651 read(3, "\177ELF\2\1\1\3\0\0\0\0\0\0\0\0\3\0>\0\1\0\0\0\260\34\2\0\0\0\0\0"..., 832) = 832
28651 fstat(3, {st_mode=S_IFREG|0755, st_size=2030544, ...}) = 0
28651 mmap(NULL, 4131552, PROT_READ|PROT_EXEC, MAP_PRIVATE|MAP_DENYWRITE, 3, 0) = 0x7f8649644000
28651 mprotect(0x7f864982b000, 2097152, PROT_NONE) = 0
28651 mmap(0x7f8649a2b000, 24576, PROT_READ|PROT_WRITE, MAP_PRIVATE|MAP_FIXED|MAP_DENYWRITE, 3, 0x1e7000) = 0x7f8649a2b000
28651 mmap(0x7f8649a31000, 15072, PROT_READ|PROT_WRITE, MAP_PRIVATE|MAP_FIXED|MAP_ANONYMOUS, -1, 0) = 0x7f8649a31000
28651 close(3)                          = 0
28651 mmap(NULL, 12288, PROT_READ|PROT_WRITE, MAP_PRIVATE|MAP_ANONYMOUS, -1, 0) = 0x7f8649e6f000
28651 arch_prctl(ARCH_SET_FS, 0x7f8649e6f740) = 0
28651 mprotect(0x7f8649a2b000, 16384, PROT_READ) = 0
28651 mprotect(0x7f8649c4e000, 4096, PROT_READ) = 0
28651 mprotect(0x7f8649e7b000, 4096, PROT_READ) = 0
28651 munmap(0x7f8649e74000, 26638)     = 0
28651 set_tid_address(0x7f8649e6fa10)   = 28651
28651 set_robust_list(0x7f8649e6fa20, 24) = 0
28651 rt_sigaction(SIGRTMIN, {sa_handler=0x7f8649a3acb0, sa_mask=[], sa_flags=SA_RESTORER|SA_SIGINFO, sa_restorer=0x7f8649a47890}, NULL, 8) = 0
28651 rt_sigaction(SIGRT_1, {sa_handler=0x7f8649a3ad50, sa_mask=[], sa_flags=SA_RESTORER|SA_RESTART|SA_SIGINFO, sa_restorer=0x7f8649a47890}, NULL, 8) = 0
28651 rt_sigprocmask(SIG_UNBLOCK, [RTMIN RT_1], NULL, 8) = 0
28651 prlimit64(0, RLIMIT_STACK, NULL, {rlim_cur=8192*1024, rlim_max=RLIM64_INFINITY}) = 0
28651 brk(NULL)                         = 0x1f57000
28651 brk(0x1f78000)                    = 0x1f78000
28651 sched_getaffinity(0, 8192, [0, 1]) = 8
28651 mmap(NULL, 262144, PROT_READ|PROT_WRITE, MAP_PRIVATE|MAP_ANONYMOUS, -1, 0) = 0x7f8649e2f000
28651 mmap(0xc000000000, 67108864, PROT_NONE, MAP_PRIVATE|MAP_ANONYMOUS, -1, 0) = 0xc000000000
28651 mmap(0xc000000000, 67108864, PROT_READ|PROT_WRITE, MAP_PRIVATE|MAP_FIXED|MAP_ANONYMOUS, -1, 0) = 0xc000000000
28651 mmap(NULL, 33554432, PROT_READ|PROT_WRITE, MAP_PRIVATE|MAP_ANONYMOUS, -1, 0) = 0x7f8647644000
28651 mmap(NULL, 2164736, PROT_READ|PROT_WRITE, MAP_PRIVATE|MAP_ANONYMOUS, -1, 0) = 0x7f8647433000
28651 mmap(NULL, 65536, PROT_READ|PROT_WRITE, MAP_PRIVATE|MAP_ANONYMOUS, -1, 0) = 0x7f8649e1f000
28651 mmap(NULL, 65536, PROT_READ|PROT_WRITE, MAP_PRIVATE|MAP_ANONYMOUS, -1, 0) = 0x7f8649e0f000
28651 rt_sigprocmask(SIG_SETMASK, NULL, [], 8) = 0
28651 sigaltstack(NULL, {ss_sp=NULL, ss_flags=SS_DISABLE, ss_size=0}) = 0
28651 sigaltstack({ss_sp=0xc000002000, ss_flags=0, ss_size=32768}, NULL) = 0
28651 rt_sigprocmask(SIG_SETMASK, [], NULL, 8) = 0
28651 gettid()                          = 28651
28651 rt_sigaction(SIGHUP, NULL, {sa_handler=SIG_DFL, sa_mask=[], sa_flags=0}, 8) = 0
28651 rt_sigaction(SIGHUP, {sa_handler=0x459040, sa_mask=~[], sa_flags=SA_RESTORER|SA_ONSTACK|SA_RESTART|SA_SIGINFO, sa_restorer=0x7f8649a47890}, NULL, 8) = 0
28651 rt_sigaction(SIGINT, NULL, {sa_handler=SIG_DFL, sa_mask=[], sa_flags=0}, 8) = 0
28651 rt_sigaction(SIGINT, {sa_handler=0x459040, sa_mask=~[], sa_flags=SA_RESTORER|SA_ONSTACK|SA_RESTART|SA_SIGINFO, sa_restorer=0x7f8649a47890}, NULL, 8) = 0
28651 rt_sigaction(SIGQUIT, NULL, {sa_handler=SIG_DFL, sa_mask=[], sa_flags=0}, 8) = 0
28651 rt_sigaction(SIGQUIT, {sa_handler=0x459040, sa_mask=~[], sa_flags=SA_RESTORER|SA_ONSTACK|SA_RESTART|SA_SIGINFO, sa_restorer=0x7f8649a47890}, NULL, 8) = 0
28651 rt_sigaction(SIGILL, NULL, {sa_handler=SIG_DFL, sa_mask=[], sa_flags=0}, 8) = 0
28651 rt_sigaction(SIGILL, {sa_handler=0x459040, sa_mask=~[], sa_flags=SA_RESTORER|SA_ONSTACK|SA_RESTART|SA_SIGINFO, sa_restorer=0x7f8649a47890}, NULL, 8) = 0
28651 rt_sigaction(SIGTRAP, NULL, {sa_handler=SIG_DFL, sa_mask=[], sa_flags=0}, 8) = 0
28651 rt_sigaction(SIGTRAP, {sa_handler=0x459040, sa_mask=~[], sa_flags=SA_RESTORER|SA_ONSTACK|SA_RESTART|SA_SIGINFO, sa_restorer=0x7f8649a47890}, NULL, 8) = 0
28651 rt_sigaction(SIGABRT, NULL, {sa_handler=SIG_DFL, sa_mask=[], sa_flags=0}, 8) = 0
28651 rt_sigaction(SIGABRT, {sa_handler=0x459040, sa_mask=~[], sa_flags=SA_RESTORER|SA_ONSTACK|SA_RESTART|SA_SIGINFO, sa_restorer=0x7f8649a47890}, NULL, 8) = 0
28651 rt_sigaction(SIGBUS, NULL, {sa_handler=SIG_DFL, sa_mask=[], sa_flags=0}, 8) = 0
28651 rt_sigaction(SIGBUS, {sa_handler=0x459040, sa_mask=~[], sa_flags=SA_RESTORER|SA_ONSTACK|SA_RESTART|SA_SIGINFO, sa_restorer=0x7f8649a47890}, NULL, 8) = 0
28651 rt_sigaction(SIGFPE, NULL, {sa_handler=SIG_DFL, sa_mask=[], sa_flags=0}, 8) = 0
28651 rt_sigaction(SIGFPE, {sa_handler=0x459040, sa_mask=~[], sa_flags=SA_RESTORER|SA_ONSTACK|SA_RESTART|SA_SIGINFO, sa_restorer=0x7f8649a47890}, NULL, 8) = 0
28651 rt_sigaction(SIGUSR1, NULL, {sa_handler=SIG_DFL, sa_mask=[], sa_flags=0}, 8) = 0
28651 rt_sigaction(SIGUSR1, {sa_handler=0x459040, sa_mask=~[], sa_flags=SA_RESTORER|SA_ONSTACK|SA_RESTART|SA_SIGINFO, sa_restorer=0x7f8649a47890}, NULL, 8) = 0
28651 rt_sigaction(SIGSEGV, NULL, {sa_handler=SIG_DFL, sa_mask=[], sa_flags=0}, 8) = 0
28651 rt_sigaction(SIGSEGV, {sa_handler=0x459040, sa_mask=~[], sa_flags=SA_RESTORER|SA_ONSTACK|SA_RESTART|SA_SIGINFO, sa_restorer=0x7f8649a47890}, NULL, 8) = 0
28651 rt_sigaction(SIGUSR2, NULL, {sa_handler=SIG_DFL, sa_mask=[], sa_flags=0}, 8) = 0
28651 rt_sigaction(SIGUSR2, {sa_handler=0x459040, sa_mask=~[], sa_flags=SA_RESTORER|SA_ONSTACK|SA_RESTART|SA_SIGINFO, sa_restorer=0x7f8649a47890}, NULL, 8) = 0
28651 rt_sigaction(SIGPIPE, NULL, {sa_handler=SIG_DFL, sa_mask=[], sa_flags=0}, 8) = 0
28651 rt_sigaction(SIGPIPE, {sa_handler=0x459040, sa_mask=~[], sa_flags=SA_RESTORER|SA_ONSTACK|SA_RESTART|SA_SIGINFO, sa_restorer=0x7f8649a47890}, NULL, 8) = 0
28651 rt_sigaction(SIGALRM, NULL, {sa_handler=SIG_DFL, sa_mask=[], sa_flags=0}, 8) = 0
28651 rt_sigaction(SIGALRM, {sa_handler=0x459040, sa_mask=~[], sa_flags=SA_RESTORER|SA_ONSTACK|SA_RESTART|SA_SIGINFO, sa_restorer=0x7f8649a47890}, NULL, 8) = 0
28651 rt_sigaction(SIGTERM, NULL, {sa_handler=SIG_DFL, sa_mask=[], sa_flags=0}, 8) = 0
28651 rt_sigaction(SIGTERM, {sa_handler=0x459040, sa_mask=~[], sa_flags=SA_RESTORER|SA_ONSTACK|SA_RESTART|SA_SIGINFO, sa_restorer=0x7f8649a47890}, NULL, 8) = 0
28651 rt_sigaction(SIGSTKFLT, NULL, {sa_handler=SIG_DFL, sa_mask=[], sa_flags=0}, 8) = 0
28651 rt_sigaction(SIGSTKFLT, {sa_handler=0x459040, sa_mask=~[], sa_flags=SA_RESTORER|SA_ONSTACK|SA_RESTART|SA_SIGINFO, sa_restorer=0x7f8649a47890}, NULL, 8) = 0
28651 rt_sigaction(SIGCHLD, NULL, {sa_handler=SIG_DFL, sa_mask=[], sa_flags=0}, 8) = 0
28651 rt_sigaction(SIGCHLD, {sa_handler=0x459040, sa_mask=~[], sa_flags=SA_RESTORER|SA_ONSTACK|SA_RESTART|SA_SIGINFO, sa_restorer=0x7f8649a47890}, NULL, 8) = 0
28651 rt_sigaction(SIGURG, NULL, {sa_handler=SIG_DFL, sa_mask=[], sa_flags=0}, 8) = 0
28651 rt_sigaction(SIGURG, {sa_handler=0x459040, sa_mask=~[], sa_flags=SA_RESTORER|SA_ONSTACK|SA_RESTART|SA_SIGINFO, sa_restorer=0x7f8649a47890}, NULL, 8) = 0
28651 rt_sigaction(SIGXCPU, NULL, {sa_handler=SIG_DFL, sa_mask=[], sa_flags=0}, 8) = 0
28651 rt_sigaction(SIGXCPU, {sa_handler=0x459040, sa_mask=~[], sa_flags=SA_RESTORER|SA_ONSTACK|SA_RESTART|SA_SIGINFO, sa_restorer=0x7f8649a47890}, NULL, 8) = 0
28651 rt_sigaction(SIGXFSZ, NULL, {sa_handler=SIG_DFL, sa_mask=[], sa_flags=0}, 8) = 0
28651 rt_sigaction(SIGXFSZ, {sa_handler=0x459040, sa_mask=~[], sa_flags=SA_RESTORER|SA_ONSTACK|SA_RESTART|SA_SIGINFO, sa_restorer=0x7f8649a47890}, NULL, 8) = 0
28651 rt_sigaction(SIGVTALRM, NULL, {sa_handler=SIG_DFL, sa_mask=[], sa_flags=0}, 8) = 0
28651 rt_sigaction(SIGVTALRM, {sa_handler=0x459040, sa_mask=~[], sa_flags=SA_RESTORER|SA_ONSTACK|SA_RESTART|SA_SIGINFO, sa_restorer=0x7f8649a47890}, NULL, 8) = 0
28651 rt_sigaction(SIGPROF, NULL, {sa_handler=SIG_DFL, sa_mask=[], sa_flags=0}, 8) = 0
28651 rt_sigaction(SIGPROF, {sa_handler=0x459040, sa_mask=~[], sa_flags=SA_RESTORER|SA_ONSTACK|SA_RESTART|SA_SIGINFO, sa_restorer=0x7f8649a47890}, NULL, 8) = 0
28651 rt_sigaction(SIGWINCH, NULL, {sa_handler=SIG_DFL, sa_mask=[], sa_flags=0}, 8) = 0
28651 rt_sigaction(SIGWINCH, {sa_handler=0x459040, sa_mask=~[], sa_flags=SA_RESTORER|SA_ONSTACK|SA_RESTART|SA_SIGINFO, sa_restorer=0x7f8649a47890}, NULL, 8) = 0
28651 rt_sigaction(SIGIO, NULL, {sa_handler=SIG_DFL, sa_mask=[], sa_flags=0}, 8) = 0
28651 rt_sigaction(SIGIO, {sa_handler=0x459040, sa_mask=~[], sa_flags=SA_RESTORER|SA_ONSTACK|SA_RESTART|SA_SIGINFO, sa_restorer=0x7f8649a47890}, NULL, 8) = 0
28651 rt_sigaction(SIGPWR, NULL, {sa_handler=SIG_DFL, sa_mask=[], sa_flags=0}, 8) = 0
28651 rt_sigaction(SIGPWR, {sa_handler=0x459040, sa_mask=~[], sa_flags=SA_RESTORER|SA_ONSTACK|SA_RESTART|SA_SIGINFO, sa_restorer=0x7f8649a47890}, NULL, 8) = 0
28651 rt_sigaction(SIGSYS, NULL, {sa_handler=SIG_DFL, sa_mask=[], sa_flags=0}, 8) = 0
28651 rt_sigaction(SIGSYS, {sa_handler=0x459040, sa_mask=~[], sa_flags=SA_RESTORER|SA_ONSTACK|SA_RESTART|SA_SIGINFO, sa_restorer=0x7f8649a47890}, NULL, 8) = 0
28651 rt_sigaction(SIGRTMIN, NULL, {sa_handler=0x7f8649a3acb0, sa_mask=[], sa_flags=SA_RESTORER|SA_SIGINFO, sa_restorer=0x7f8649a47890}, 8) = 0
28651 rt_sigaction(SIGRTMIN, NULL, {sa_handler=0x7f8649a3acb0, sa_mask=[], sa_flags=SA_RESTORER|SA_SIGINFO, sa_restorer=0x7f8649a47890}, 8) = 0
28651 rt_sigaction(SIGRTMIN, {sa_handler=0x7f8649a3acb0, sa_mask=[], sa_flags=SA_RESTORER|SA_ONSTACK|SA_SIGINFO, sa_restorer=0x7f8649a47890}, NULL, 8) = 0
28651 rt_sigaction(SIGRT_1, NULL, {sa_handler=0x7f8649a3ad50, sa_mask=[], sa_flags=SA_RESTORER|SA_RESTART|SA_SIGINFO, sa_restorer=0x7f8649a47890}, 8) = 0
28651 rt_sigaction(SIGRT_1, NULL, {sa_handler=0x7f8649a3ad50, sa_mask=[], sa_flags=SA_RESTORER|SA_RESTART|SA_SIGINFO, sa_restorer=0x7f8649a47890}, 8) = 0
28651 rt_sigaction(SIGRT_1, {sa_handler=0x7f8649a3ad50, sa_mask=[], sa_flags=SA_RESTORER|SA_ONSTACK|SA_RESTART|SA_SIGINFO, sa_restorer=0x7f8649a47890}, NULL, 8) = 0
28651 rt_sigaction(SIGRT_2, NULL, {sa_handler=SIG_DFL, sa_mask=[], sa_flags=0}, 8) = 0
28651 rt_sigaction(SIGRT_2, {sa_handler=0x459040, sa_mask=~[], sa_flags=SA_RESTORER|SA_ONSTACK|SA_RESTART|SA_SIGINFO, sa_restorer=0x7f8649a47890}, NULL, 8) = 0
28651 rt_sigaction(SIGRT_3, NULL, {sa_handler=SIG_DFL, sa_mask=[], sa_flags=0}, 8) = 0
28651 rt_sigaction(SIGRT_3, {sa_handler=0x459040, sa_mask=~[], sa_flags=SA_RESTORER|SA_ONSTACK|SA_RESTART|SA_SIGINFO, sa_restorer=0x7f8649a47890}, NULL, 8) = 0
28651 rt_sigaction(SIGRT_4, NULL, {sa_handler=SIG_DFL, sa_mask=[], sa_flags=0}, 8) = 0
28651 rt_sigaction(SIGRT_4, {sa_handler=0x459040, sa_mask=~[], sa_flags=SA_RESTORER|SA_ONSTACK|SA_RESTART|SA_SIGINFO, sa_restorer=0x7f8649a47890}, NULL, 8) = 0
28651 rt_sigaction(SIGRT_5, NULL, {sa_handler=SIG_DFL, sa_mask=[], sa_flags=0}, 8) = 0
28651 rt_sigaction(SIGRT_5, {sa_handler=0x459040, sa_mask=~[], sa_flags=SA_RESTORER|SA_ONSTACK|SA_RESTART|SA_SIGINFO, sa_restorer=0x7f8649a47890}, NULL, 8) = 0
28651 rt_sigaction(SIGRT_6, NULL, {sa_handler=SIG_DFL, sa_mask=[], sa_flags=0}, 8) = 0
28651 rt_sigaction(SIGRT_6, {sa_handler=0x459040, sa_mask=~[], sa_flags=SA_RESTORER|SA_ONSTACK|SA_RESTART|SA_SIGINFO, sa_restorer=0x7f8649a47890}, NULL, 8) = 0
28651 rt_sigaction(SIGRT_7, NULL, {sa_handler=SIG_DFL, sa_mask=[], sa_flags=0}, 8) = 0
28651 rt_sigaction(SIGRT_7, {sa_handler=0x459040, sa_mask=~[], sa_flags=SA_RESTORER|SA_ONSTACK|SA_RESTART|SA_SIGINFO, sa_restorer=0x7f8649a47890}, NULL, 8) = 0
28651 rt_sigaction(SIGRT_8, NULL, {sa_handler=SIG_DFL, sa_mask=[], sa_flags=0}, 8) = 0
28651 rt_sigaction(SIGRT_8, {sa_handler=0x459040, sa_mask=~[], sa_flags=SA_RESTORER|SA_ONSTACK|SA_RESTART|SA_SIGINFO, sa_restorer=0x7f8649a47890}, NULL, 8) = 0
28651 rt_sigaction(SIGRT_9, NULL, {sa_handler=SIG_DFL, sa_mask=[], sa_flags=0}, 8) = 0
28651 rt_sigaction(SIGRT_9, {sa_handler=0x459040, sa_mask=~[], sa_flags=SA_RESTORER|SA_ONSTACK|SA_RESTART|SA_SIGINFO, sa_restorer=0x7f8649a47890}, NULL, 8) = 0
28651 rt_sigaction(SIGRT_10, NULL, {sa_handler=SIG_DFL, sa_mask=[], sa_flags=0}, 8) = 0
28651 rt_sigaction(SIGRT_10, {sa_handler=0x459040, sa_mask=~[], sa_flags=SA_RESTORER|SA_ONSTACK|SA_RESTART|SA_SIGINFO, sa_restorer=0x7f8649a47890}, NULL, 8) = 0
28651 rt_sigaction(SIGRT_11, NULL, {sa_handler=SIG_DFL, sa_mask=[], sa_flags=0}, 8) = 0
28651 rt_sigaction(SIGRT_11, {sa_handler=0x459040, sa_mask=~[], sa_flags=SA_RESTORER|SA_ONSTACK|SA_RESTART|SA_SIGINFO, sa_restorer=0x7f8649a47890}, NULL, 8) = 0
28651 rt_sigaction(SIGRT_12, NULL, {sa_handler=SIG_DFL, sa_mask=[], sa_flags=0}, 8) = 0
28651 rt_sigaction(SIGRT_12, {sa_handler=0x459040, sa_mask=~[], sa_flags=SA_RESTORER|SA_ONSTACK|SA_RESTART|SA_SIGINFO, sa_restorer=0x7f8649a47890}, NULL, 8) = 0
28651 rt_sigaction(SIGRT_13, NULL, {sa_handler=SIG_DFL, sa_mask=[], sa_flags=0}, 8) = 0
28651 rt_sigaction(SIGRT_13, {sa_handler=0x459040, sa_mask=~[], sa_flags=SA_RESTORER|SA_ONSTACK|SA_RESTART|SA_SIGINFO, sa_restorer=0x7f8649a47890}, NULL, 8) = 0
28651 rt_sigaction(SIGRT_14, NULL, {sa_handler=SIG_DFL, sa_mask=[], sa_flags=0}, 8) = 0
28651 rt_sigaction(SIGRT_14, {sa_handler=0x459040, sa_mask=~[], sa_flags=SA_RESTORER|SA_ONSTACK|SA_RESTART|SA_SIGINFO, sa_restorer=0x7f8649a47890}, NULL, 8) = 0
28651 rt_sigaction(SIGRT_15, NULL, {sa_handler=SIG_DFL, sa_mask=[], sa_flags=0}, 8) = 0
28651 rt_sigaction(SIGRT_15, {sa_handler=0x459040, sa_mask=~[], sa_flags=SA_RESTORER|SA_ONSTACK|SA_RESTART|SA_SIGINFO, sa_restorer=0x7f8649a47890}, NULL, 8) = 0
28651 rt_sigaction(SIGRT_16, NULL, {sa_handler=SIG_DFL, sa_mask=[], sa_flags=0}, 8) = 0
28651 rt_sigaction(SIGRT_16, {sa_handler=0x459040, sa_mask=~[], sa_flags=SA_RESTORER|SA_ONSTACK|SA_RESTART|SA_SIGINFO, sa_restorer=0x7f8649a47890}, NULL, 8) = 0
28651 rt_sigaction(SIGRT_17, NULL, {sa_handler=SIG_DFL, sa_mask=[], sa_flags=0}, 8) = 0
28651 rt_sigaction(SIGRT_17, {sa_handler=0x459040, sa_mask=~[], sa_flags=SA_RESTORER|SA_ONSTACK|SA_RESTART|SA_SIGINFO, sa_restorer=0x7f8649a47890}, NULL, 8) = 0
28651 rt_sigaction(SIGRT_18, NULL, {sa_handler=SIG_DFL, sa_mask=[], sa_flags=0}, 8) = 0
28651 rt_sigaction(SIGRT_18, {sa_handler=0x459040, sa_mask=~[], sa_flags=SA_RESTORER|SA_ONSTACK|SA_RESTART|SA_SIGINFO, sa_restorer=0x7f8649a47890}, NULL, 8) = 0
28651 rt_sigaction(SIGRT_19, NULL, {sa_handler=SIG_DFL, sa_mask=[], sa_flags=0}, 8) = 0
28651 rt_sigaction(SIGRT_19, {sa_handler=0x459040, sa_mask=~[], sa_flags=SA_RESTORER|SA_ONSTACK|SA_RESTART|SA_SIGINFO, sa_restorer=0x7f8649a47890}, NULL, 8) = 0
28651 rt_sigaction(SIGRT_20, NULL, {sa_handler=SIG_DFL, sa_mask=[], sa_flags=0}, 8) = 0
28651 rt_sigaction(SIGRT_20, {sa_handler=0x459040, sa_mask=~[], sa_flags=SA_RESTORER|SA_ONSTACK|SA_RESTART|SA_SIGINFO, sa_restorer=0x7f8649a47890}, NULL, 8) = 0
28651 rt_sigaction(SIGRT_21, NULL, {sa_handler=SIG_DFL, sa_mask=[], sa_flags=0}, 8) = 0
28651 rt_sigaction(SIGRT_21, {sa_handler=0x459040, sa_mask=~[], sa_flags=SA_RESTORER|SA_ONSTACK|SA_RESTART|SA_SIGINFO, sa_restorer=0x7f8649a47890}, NULL, 8) = 0
28651 rt_sigaction(SIGRT_22, NULL, {sa_handler=SIG_DFL, sa_mask=[], sa_flags=0}, 8) = 0
28651 rt_sigaction(SIGRT_22, {sa_handler=0x459040, sa_mask=~[], sa_flags=SA_RESTORER|SA_ONSTACK|SA_RESTART|SA_SIGINFO, sa_restorer=0x7f8649a47890}, NULL, 8) = 0
28651 rt_sigaction(SIGRT_23, NULL, {sa_handler=SIG_DFL, sa_mask=[], sa_flags=0}, 8) = 0
28651 rt_sigaction(SIGRT_23, {sa_handler=0x459040, sa_mask=~[], sa_flags=SA_RESTORER|SA_ONSTACK|SA_RESTART|SA_SIGINFO, sa_restorer=0x7f8649a47890}, NULL, 8) = 0
28651 rt_sigaction(SIGRT_24, NULL, {sa_handler=SIG_DFL, sa_mask=[], sa_flags=0}, 8) = 0
28651 rt_sigaction(SIGRT_24, {sa_handler=0x459040, sa_mask=~[], sa_flags=SA_RESTORER|SA_ONSTACK|SA_RESTART|SA_SIGINFO, sa_restorer=0x7f8649a47890}, NULL, 8) = 0
28651 rt_sigaction(SIGRT_25, NULL, {sa_handler=SIG_DFL, sa_mask=[], sa_flags=0}, 8) = 0
28651 rt_sigaction(SIGRT_25, {sa_handler=0x459040, sa_mask=~[], sa_flags=SA_RESTORER|SA_ONSTACK|SA_RESTART|SA_SIGINFO, sa_restorer=0x7f8649a47890}, NULL, 8) = 0
28651 rt_sigaction(SIGRT_26, NULL, {sa_handler=SIG_DFL, sa_mask=[], sa_flags=0}, 8) = 0
28651 rt_sigaction(SIGRT_26, {sa_handler=0x459040, sa_mask=~[], sa_flags=SA_RESTORER|SA_ONSTACK|SA_RESTART|SA_SIGINFO, sa_restorer=0x7f8649a47890}, NULL, 8) = 0
28651 rt_sigaction(SIGRT_27, NULL, {sa_handler=SIG_DFL, sa_mask=[], sa_flags=0}, 8) = 0
28651 rt_sigaction(SIGRT_27, {sa_handler=0x459040, sa_mask=~[], sa_flags=SA_RESTORER|SA_ONSTACK|SA_RESTART|SA_SIGINFO, sa_restorer=0x7f8649a47890}, NULL, 8) = 0
28651 rt_sigaction(SIGRT_28, NULL, {sa_handler=SIG_DFL, sa_mask=[], sa_flags=0}, 8) = 0
28651 rt_sigaction(SIGRT_28, {sa_handler=0x459040, sa_mask=~[], sa_flags=SA_RESTORER|SA_ONSTACK|SA_RESTART|SA_SIGINFO, sa_restorer=0x7f8649a47890}, NULL, 8) = 0
28651 rt_sigaction(SIGRT_29, NULL, {sa_handler=SIG_DFL, sa_mask=[], sa_flags=0}, 8) = 0
28651 rt_sigaction(SIGRT_29, {sa_handler=0x459040, sa_mask=~[], sa_flags=SA_RESTORER|SA_ONSTACK|SA_RESTART|SA_SIGINFO, sa_restorer=0x7f8649a47890}, NULL, 8) = 0
28651 rt_sigaction(SIGRT_30, NULL, {sa_handler=SIG_DFL, sa_mask=[], sa_flags=0}, 8) = 0
28651 rt_sigaction(SIGRT_30, {sa_handler=0x459040, sa_mask=~[], sa_flags=SA_RESTORER|SA_ONSTACK|SA_RESTART|SA_SIGINFO, sa_restorer=0x7f8649a47890}, NULL, 8) = 0
28651 rt_sigaction(SIGRT_31, NULL, {sa_handler=SIG_DFL, sa_mask=[], sa_flags=0}, 8) = 0
28651 rt_sigaction(SIGRT_31, {sa_handler=0x459040, sa_mask=~[], sa_flags=SA_RESTORER|SA_ONSTACK|SA_RESTART|SA_SIGINFO, sa_restorer=0x7f8649a47890}, NULL, 8) = 0
28651 rt_sigaction(SIGRT_32, NULL, {sa_handler=SIG_DFL, sa_mask=[], sa_flags=0}, 8) = 0
28651 rt_sigaction(SIGRT_32, {sa_handler=0x459040, sa_mask=~[], sa_flags=SA_RESTORER|SA_ONSTACK|SA_RESTART|SA_SIGINFO, sa_restorer=0x7f8649a47890}, NULL, 8) = 0
28651 rt_sigprocmask(SIG_SETMASK, ~[RTMIN RT_1], [], 8) = 0
28651 mmap(NULL, 8392704, PROT_NONE, MAP_PRIVATE|MAP_ANONYMOUS|MAP_STACK, -1, 0) = 0x7f8646c32000
28651 mprotect(0x7f8646c33000, 8388608, PROT_READ|PROT_WRITE) = 0
28651 clone( <unfinished ...>
28652 set_robust_list(0x7f86474329e0, 24 <unfinished ...>
28651 <... clone resumed> child_stack=0x7f8647431fb0, flags=CLONE_VM|CLONE_FS|CLONE_FILES|CLONE_SIGHAND|CLONE_THREAD|CLONE_SYSVSEM|CLONE_SETTLS|CLONE_PARENT_SETTID|CLONE_CHILD_CLEARTID, parent_tidptr=0x7f86474329d0, tls=0x7f8647432700, child_tidptr=0x7f86474329d0) = 28652
28652 <... set_robust_list resumed> )   = 0
28651 rt_sigprocmask(SIG_SETMASK, [],  <unfinished ...>
28652 mmap(NULL, 134217728, PROT_NONE, MAP_PRIVATE|MAP_ANONYMOUS|MAP_NORESERVE, -1, 0 <unfinished ...>
28651 <... rt_sigprocmask resumed> NULL, 8) = 0
28652 <... mmap resumed> )              = 0x7f863ec32000
28652 munmap(0x7f863ec32000, 20766720)  = 0
28652 munmap(0x7f8644000000, 46342144 <unfinished ...>
28651 rt_sigprocmask(SIG_SETMASK, ~[RTMIN RT_1],  <unfinished ...>
28652 <... munmap resumed> )            = 0
28651 <... rt_sigprocmask resumed> [], 8) = 0
28652 mprotect(0x7f8640000000, 135168, PROT_READ|PROT_WRITE <unfinished ...>
28651 mmap(NULL, 8392704, PROT_NONE, MAP_PRIVATE|MAP_ANONYMOUS|MAP_STACK, -1, 0 <unfinished ...>
28652 <... mprotect resumed> )          = 0
28651 <... mmap resumed> )              = 0x7f8646431000
28652 sigaltstack(NULL, {ss_sp=NULL, ss_flags=SS_DISABLE, ss_size=0}) = 0
28651 mprotect(0x7f8646432000, 8388608, PROT_READ|PROT_WRITE <unfinished ...>
28652 sigaltstack({ss_sp=0xc00004e000, ss_flags=0, ss_size=32768},  <unfinished ...>
28651 <... mprotect resumed> )          = 0
28652 <... sigaltstack resumed> NULL)   = 0
28652 rt_sigprocmask(SIG_SETMASK, [], NULL, 8) = 0
28651 clone( <unfinished ...>
28652 gettid()                          = 28652
28652 nanosleep({tv_sec=0, tv_nsec=20000},  <unfinished ...>
28651 <... clone resumed> child_stack=0x7f8646c30fb0, flags=CLONE_VM|CLONE_FS|CLONE_FILES|CLONE_SIGHAND|CLONE_THREAD|CLONE_SYSVSEM|CLONE_SETTLS|CLONE_PARENT_SETTID|CLONE_CHILD_CLEARTID, parent_tidptr=0x7f8646c319d0, tls=0x7f8646c31700, child_tidptr=0x7f8646c319d0) = 28653
28653 set_robust_list(0x7f8646c319e0, 24 <unfinished ...>
28652 <... nanosleep resumed> NULL)     = 0
28651 rt_sigprocmask(SIG_SETMASK, [],  <unfinished ...>
28653 <... set_robust_list resumed> )   = 0
28652 nanosleep({tv_sec=0, tv_nsec=20000},  <unfinished ...>
28651 <... rt_sigprocmask resumed> NULL, 8) = 0
28653 mmap(NULL, 134217728, PROT_NONE, MAP_PRIVATE|MAP_ANONYMOUS|MAP_NORESERVE, -1, 0 <unfinished ...>
28652 <... nanosleep resumed> NULL)     = 0
28651 rt_sigprocmask(SIG_SETMASK, ~[RTMIN RT_1],  <unfinished ...>
28653 <... mmap resumed> )              = 0x7f8638000000
28652 nanosleep({tv_sec=0, tv_nsec=20000},  <unfinished ...>
28651 <... rt_sigprocmask resumed> [], 8) = 0
28653 munmap(0x7f863c000000, 67108864 <unfinished ...>
28651 mmap(NULL, 8392704, PROT_NONE, MAP_PRIVATE|MAP_ANONYMOUS|MAP_STACK, -1, 0 <unfinished ...>
28653 <... munmap resumed> )            = 0
28652 <... nanosleep resumed> NULL)     = 0
28651 <... mmap resumed> )              = 0x7f8645c30000
28653 mprotect(0x7f8638000000, 135168, PROT_READ|PROT_WRITE <unfinished ...>
28652 nanosleep({tv_sec=0, tv_nsec=20000},  <unfinished ...>
28651 mprotect(0x7f8645c31000, 8388608, PROT_READ|PROT_WRITE <unfinished ...>
28653 <... mprotect resumed> )          = 0
28651 <... mprotect resumed> )          = 0
28653 sigaltstack(NULL,  <unfinished ...>
28652 <... nanosleep resumed> NULL)     = 0
28651 clone( <unfinished ...>
28653 <... sigaltstack resumed> {ss_sp=NULL, ss_flags=SS_DISABLE, ss_size=0}) = 0
28652 nanosleep({tv_sec=0, tv_nsec=20000},  <unfinished ...>
28653 sigaltstack({ss_sp=0xc000056000, ss_flags=0, ss_size=32768},  <unfinished ...>
28651 <... clone resumed> child_stack=0x7f864642ffb0, flags=CLONE_VM|CLONE_FS|CLONE_FILES|CLONE_SIGHAND|CLONE_THREAD|CLONE_SYSVSEM|CLONE_SETTLS|CLONE_PARENT_SETTID|CLONE_CHILD_CLEARTID, parent_tidptr=0x7f86464309d0, tls=0x7f8646430700, child_tidptr=0x7f86464309d0) = 28654
28654 set_robust_list(0x7f86464309e0, 24 <unfinished ...>
28651 rt_sigprocmask(SIG_SETMASK, [],  <unfinished ...>
28653 <... sigaltstack resumed> NULL)   = 0
28651 <... rt_sigprocmask resumed> NULL, 8) = 0
28653 rt_sigprocmask(SIG_SETMASK, [],  <unfinished ...>
28652 <... nanosleep resumed> NULL)     = 0
28652 nanosleep({tv_sec=0, tv_nsec=20000},  <unfinished ...>
28651 futex(0x6199e8, FUTEX_WAIT_PRIVATE, 0, NULL <unfinished ...>
28654 <... set_robust_list resumed> )   = 0
28653 <... rt_sigprocmask resumed> NULL, 8) = 0
28654 mmap(0x7f863c000000, 67108864, PROT_NONE, MAP_PRIVATE|MAP_ANONYMOUS|MAP_NORESERVE, -1, 0 <unfinished ...>
28653 gettid( <unfinished ...>
28654 <... mmap resumed> )              = 0x7f863c000000
28653 <... gettid resumed> )            = 28653
28652 <... nanosleep resumed> NULL)     = 0
28652 nanosleep({tv_sec=0, tv_nsec=20000},  <unfinished ...>
28653 futex(0x6199e8, FUTEX_WAKE_PRIVATE, 1 <unfinished ...>
28654 mprotect(0x7f863c000000, 135168, PROT_READ|PROT_WRITE <unfinished ...>
28651 <... futex resumed> )             = 0
28653 <... futex resumed> )             = 1
28652 <... nanosleep resumed> NULL)     = 0
28653 futex(0xc00003c848, FUTEX_WAIT_PRIVATE, 0, NULL <unfinished ...>
28652 nanosleep({tv_sec=0, tv_nsec=20000},  <unfinished ...>
28654 <... mprotect resumed> )          = 0
28654 sigaltstack(NULL,  <unfinished ...>
28652 <... nanosleep resumed> NULL)     = 0
28651 futex(0xc00003c848, FUTEX_WAKE_PRIVATE, 1 <unfinished ...>
28654 <... sigaltstack resumed> {ss_sp=NULL, ss_flags=SS_DISABLE, ss_size=0}) = 0
28651 <... futex resumed> )             = 1
28653 <... futex resumed> )             = 0
28652 nanosleep({tv_sec=0, tv_nsec=20000},  <unfinished ...>
28654 sigaltstack({ss_sp=0xc000060000, ss_flags=0, ss_size=32768},  <unfinished ...>
28651 futex(0x6199e8, FUTEX_WAIT_PRIVATE, 0, NULL <unfinished ...>
28654 <... sigaltstack resumed> NULL)   = 0
28651 <... futex resumed> )             = -1 EAGAIN (Resource temporarily unavailable)
28653 futex(0x6199e8, FUTEX_WAKE_PRIVATE, 1 <unfinished ...>
28652 <... nanosleep resumed> NULL)     = 0
28652 nanosleep({tv_sec=0, tv_nsec=20000},  <unfinished ...>
28654 rt_sigprocmask(SIG_SETMASK, [],  <unfinished ...>
28653 <... futex resumed> )             = 0
28654 <... rt_sigprocmask resumed> NULL, 8) = 0
28653 futex(0xc00003c848, FUTEX_WAIT_PRIVATE, 0, NULL <unfinished ...>
28654 gettid( <unfinished ...>
28652 <... nanosleep resumed> NULL)     = 0
28654 <... gettid resumed> )            = 28654
28652 nanosleep({tv_sec=0, tv_nsec=20000},  <unfinished ...>
28654 futex(0xc00003cbc8, FUTEX_WAIT_PRIVATE, 0, NULL <unfinished ...>
28651 rt_sigprocmask(SIG_SETMASK, ~[RTMIN RT_1],  <unfinished ...>
28652 <... nanosleep resumed> NULL)     = 0
28651 <... rt_sigprocmask resumed> [], 8) = 0
28652 nanosleep({tv_sec=0, tv_nsec=20000},  <unfinished ...>
28651 mmap(NULL, 8392704, PROT_NONE, MAP_PRIVATE|MAP_ANONYMOUS|MAP_STACK, -1, 0 <unfinished ...>
28652 <... nanosleep resumed> NULL)     = 0
28651 <... mmap resumed> )              = 0x7f864542f000
28652 nanosleep({tv_sec=0, tv_nsec=20000},  <unfinished ...>
28651 mprotect(0x7f8645430000, 8388608, PROT_READ|PROT_WRITE) = 0
28652 <... nanosleep resumed> NULL)     = 0
28651 clone( <unfinished ...>
28652 nanosleep({tv_sec=0, tv_nsec=20000},  <unfinished ...>
28651 <... clone resumed> child_stack=0x7f8645c2efb0, flags=CLONE_VM|CLONE_FS|CLONE_FILES|CLONE_SIGHAND|CLONE_THREAD|CLONE_SYSVSEM|CLONE_SETTLS|CLONE_PARENT_SETTID|CLONE_CHILD_CLEARTID, parent_tidptr=0x7f8645c2f9d0, tls=0x7f8645c2f700, child_tidptr=0x7f8645c2f9d0) = 28655
28655 set_robust_list(0x7f8645c2f9e0, 24 <unfinished ...>
28652 <... nanosleep resumed> NULL)     = 0
28651 rt_sigprocmask(SIG_SETMASK, [],  <unfinished ...>
28655 <... set_robust_list resumed> )   = 0
28652 nanosleep({tv_sec=0, tv_nsec=20000},  <unfinished ...>
28651 <... rt_sigprocmask resumed> NULL, 8) = 0
28655 mmap(NULL, 134217728, PROT_NONE, MAP_PRIVATE|MAP_ANONYMOUS|MAP_NORESERVE, -1, 0 <unfinished ...>
28652 <... nanosleep resumed> NULL)     = 0
28655 <... mmap resumed> )              = 0x7f8630000000
28652 nanosleep({tv_sec=0, tv_nsec=20000},  <unfinished ...>
28655 munmap(0x7f8634000000, 67108864 <unfinished ...>
28652 <... nanosleep resumed> NULL)     = 0
28652 nanosleep({tv_sec=0, tv_nsec=20000},  <unfinished ...>
28655 <... munmap resumed> )            = 0
28652 <... nanosleep resumed> NULL)     = 0
28655 mprotect(0x7f8630000000, 135168, PROT_READ|PROT_WRITE <unfinished ...>
28652 nanosleep({tv_sec=0, tv_nsec=20000},  <unfinished ...>
28655 <... mprotect resumed> )          = 0
28652 <... nanosleep resumed> NULL)     = 0
28652 nanosleep({tv_sec=0, tv_nsec=20000},  <unfinished ...>
28655 sigaltstack(NULL,  <unfinished ...>
28652 <... nanosleep resumed> NULL)     = 0
28655 <... sigaltstack resumed> {ss_sp=NULL, ss_flags=SS_DISABLE, ss_size=0}) = 0
28652 nanosleep({tv_sec=0, tv_nsec=20000},  <unfinished ...>
28655 sigaltstack({ss_sp=0xc000072000, ss_flags=0, ss_size=32768},  <unfinished ...>
28652 <... nanosleep resumed> NULL)     = 0
28652 nanosleep({tv_sec=0, tv_nsec=20000},  <unfinished ...>
28655 <... sigaltstack resumed> NULL)   = 0
28652 <... nanosleep resumed> NULL)     = 0
28652 nanosleep({tv_sec=0, tv_nsec=20000},  <unfinished ...>
28655 rt_sigprocmask(SIG_SETMASK, [],  <unfinished ...>
28652 <... nanosleep resumed> NULL)     = 0
28655 <... rt_sigprocmask resumed> NULL, 8) = 0
28652 nanosleep({tv_sec=0, tv_nsec=20000},  <unfinished ...>
28655 gettid( <unfinished ...>
28652 <... nanosleep resumed> NULL)     = 0
28655 <... gettid resumed> )            = 28655
28652 nanosleep({tv_sec=0, tv_nsec=20000},  <unfinished ...>
28655 futex(0x634518, FUTEX_WAIT_PRIVATE, 0, NULL <unfinished ...>
28652 <... nanosleep resumed> NULL)     = 0
28652 nanosleep({tv_sec=0, tv_nsec=20000}, NULL) = 0
28652 nanosleep({tv_sec=0, tv_nsec=20000}, NULL) = 0
28652 nanosleep({tv_sec=0, tv_nsec=20000}, NULL) = 0
28652 nanosleep({tv_sec=0, tv_nsec=20000}, NULL) = 0
28652 nanosleep({tv_sec=0, tv_nsec=20000}, NULL) = 0
28652 nanosleep({tv_sec=0, tv_nsec=20000}, NULL) = 0
28652 nanosleep({tv_sec=0, tv_nsec=20000}, NULL) = 0
28652 nanosleep({tv_sec=0, tv_nsec=20000}, NULL) = 0
28652 nanosleep({tv_sec=0, tv_nsec=20000}, NULL) = 0
28652 nanosleep({tv_sec=0, tv_nsec=20000}, NULL) = 0
28652 nanosleep({tv_sec=0, tv_nsec=20000}, NULL) = 0
28652 nanosleep({tv_sec=0, tv_nsec=20000}, NULL) = 0
28652 nanosleep({tv_sec=0, tv_nsec=20000},  <unfinished ...>
28651 readlinkat(AT_FDCWD, "/proc/self/exe",  <unfinished ...>
28652 <... nanosleep resumed> NULL)     = 0
28651 <... readlinkat resumed> "/home/vagrant/go/src/github.com/"..., 128) = 64
28652 nanosleep({tv_sec=0, tv_nsec=20000},  <unfinished ...>
28651 futex(0xc00003cbc8, FUTEX_WAKE_PRIVATE, 1 <unfinished ...>
28652 <... nanosleep resumed> NULL)     = 0
28651 <... futex resumed> )             = 1
28652 nanosleep({tv_sec=0, tv_nsec=20000},  <unfinished ...>
28654 <... futex resumed> )             = 0
28651 futex(0x6199e8, FUTEX_WAIT_PRIVATE, 0, NULL <unfinished ...>
28654 futex(0x6199e8, FUTEX_WAKE_PRIVATE, 1 <unfinished ...>
28651 <... futex resumed> )             = -1 EAGAIN (Resource temporarily unavailable)
28652 <... nanosleep resumed> NULL)     = 0
28652 nanosleep({tv_sec=0, tv_nsec=20000},  <unfinished ...>
28654 <... futex resumed> )             = 0
28654 futex(0xc00003cbc8, FUTEX_WAIT_PRIVATE, 0, NULL <unfinished ...>
28651 fcntl(0, F_GETFL <unfinished ...>
28652 <... nanosleep resumed> NULL)     = 0
28651 <... fcntl resumed> )             = 0x2 (flags O_RDWR)
28652 nanosleep({tv_sec=0, tv_nsec=20000}, NULL) = 0
28652 nanosleep({tv_sec=0, tv_nsec=20000}, NULL) = 0
28651 futex(0xc00003cbc8, FUTEX_WAKE_PRIVATE, 1 <unfinished ...>
28652 nanosleep({tv_sec=0, tv_nsec=20000},  <unfinished ...>
28651 <... futex resumed> )             = 1
28652 <... nanosleep resumed> NULL)     = 0
28652 nanosleep({tv_sec=0, tv_nsec=20000},  <unfinished ...>
28651 mmap(NULL, 262144, PROT_READ|PROT_WRITE, MAP_PRIVATE|MAP_ANONYMOUS, -1, 0 <unfinished ...>
28654 <... futex resumed> )             = 0
28654 nanosleep({tv_sec=0, tv_nsec=3000},  <unfinished ...>
28651 <... mmap resumed> )              = 0x7f8649dcf000
28652 <... nanosleep resumed> NULL)     = 0
28651 fcntl(1, F_GETFL <unfinished ...>
28652 nanosleep({tv_sec=0, tv_nsec=20000},  <unfinished ...>
28651 <... fcntl resumed> )             = 0x2 (flags O_RDWR)
28651 fcntl(2, F_GETFL <unfinished ...>
28652 <... nanosleep resumed> NULL)     = 0
28651 <... fcntl resumed> )             = 0x2 (flags O_RDWR)
28652 nanosleep({tv_sec=0, tv_nsec=20000},  <unfinished ...>
28654 <... nanosleep resumed> NULL)     = 0
28652 <... nanosleep resumed> NULL)     = 0
28652 nanosleep({tv_sec=0, tv_nsec=20000},  <unfinished ...>
28654 futex(0xc00003cbc8, FUTEX_WAIT_PRIVATE, 0, NULL <unfinished ...>
28652 <... nanosleep resumed> NULL)     = 0
28652 nanosleep({tv_sec=0, tv_nsec=20000}, NULL) = 0
28652 nanosleep({tv_sec=0, tv_nsec=20000}, NULL) = 0
28652 nanosleep({tv_sec=0, tv_nsec=20000}, NULL) = 0
28652 nanosleep({tv_sec=0, tv_nsec=20000}, NULL) = 0
28652 nanosleep({tv_sec=0, tv_nsec=40000}, NULL) = 0
28652 nanosleep({tv_sec=0, tv_nsec=80000}, NULL) = 0
28652 nanosleep({tv_sec=0, tv_nsec=160000}, NULL) = 0
28652 nanosleep({tv_sec=0, tv_nsec=320000}, NULL) = 0
28652 nanosleep({tv_sec=0, tv_nsec=640000}, NULL) = 0
28652 nanosleep({tv_sec=0, tv_nsec=1280000}, NULL) = 0
28652 nanosleep({tv_sec=0, tv_nsec=2560000}, NULL) = 0
28652 nanosleep({tv_sec=0, tv_nsec=5120000},  <unfinished ...>
28651 openat(AT_FDCWD, "/etc//localtime", O_RDONLY) = 3
28651 read(3, "TZif2\0\0\0\0\0\0\0\0\0\0\0\0\0\0\0\0\0\0\1\0\0\0\1\0\0\0\0"..., 4096) = 127
28651 read(3, "", 4096)                 = 0
28651 close(3)                          = 0
28651 write(2, "2019/09/11 10:06:34 Listening on"..., 48) = 48
28651 socket(AF_INET, SOCK_STREAM|SOCK_CLOEXEC|SOCK_NONBLOCK, IPPROTO_IP) = 3
28651 setsockopt(3, SOL_SOCKET, SO_BROADCAST, [1], 4) = 0
28651 openat(AT_FDCWD, "/proc/sys/net/core/somaxconn", O_RDONLY|O_CLOEXEC) = 4
28652 <... nanosleep resumed> NULL)     = 0
28651 epoll_create1(EPOLL_CLOEXEC <unfinished ...>
28652 nanosleep({tv_sec=0, tv_nsec=10000000},  <unfinished ...>
28651 <... epoll_create1 resumed> )     = 5
28651 epoll_ctl(5, EPOLL_CTL_ADD, 4, {EPOLLIN|EPOLLOUT|EPOLLRDHUP|EPOLLET, {u32=1239236408, u64=140214741581624}}) = 0
28651 fcntl(4, F_GETFL)                 = 0x8000 (flags O_RDONLY|O_LARGEFILE)
28651 fcntl(4, F_SETFL, O_RDONLY|O_NONBLOCK|O_LARGEFILE) = 0
28651 read(4, "128\n", 65536)           = 4
28651 read(4, "", 65532)                = 0
28651 epoll_ctl(5, EPOLL_CTL_DEL, 4, 0xc0000ada64) = 0
28651 close(4)                          = 0
28651 setsockopt(3, SOL_SOCKET, SO_REUSEADDR, [1], 4) = 0
28651 bind(3, {sa_family=AF_INET, sin_port=htons(8080), sin_addr=inet_addr("10.0.2.15")}, 16) = 0
28651 listen(3, 128)                    = 0
28651 epoll_ctl(5, EPOLL_CTL_ADD, 3, {EPOLLIN|EPOLLOUT|EPOLLRDHUP|EPOLLET, {u32=1239236408, u64=140214741581624}}) = 0
28651 getsockname(3, {sa_family=AF_INET, sin_port=htons(8080), sin_addr=inet_addr("10.0.2.15")}, [112->16]) = 0
28651 epoll_ctl(5, EPOLL_CTL_DEL, 3, 0xc0000addec) = 0
28651 close(3)                          = 0
28651 exit_group(0)                     = ?
28655 <... futex resumed>)              = ?
28654 <... futex resumed>)              = ?
28654 +++ exited with 0 +++
28655 +++ exited with 0 +++
28653 <... futex resumed>)              = ?
28652 <... nanosleep resumed> <unfinished ...>) = ?
28652 +++ exited with 0 +++
28653 +++ exited with 0 +++
28651 +++ exited with 0 +++
