28882 execve("./listen", ["./listen", "--net", "tcp4", "--addr", "127.0.0.1:8080"], 0x7ffcce088488 /* 22 vars */) = 0
28882 brk(NULL)                         = 0x138f000
28882 access("/etc/ld.so.nohwcap", F_OK) = -1 ENOENT (No such file or directory)
28882 access("/etc/ld.so.preload", R_OK) = -1 ENOENT (No such file or directory)
28882 openat(AT_FDCWD, "/etc/ld.so.cache", O_RDONLY|O_CLOEXEC) = 3
28882 fstat(3, {st_mode=S_IFREG|0644, st_size=26638, ...}) = 0
28882 mmap(NULL, 26638, PROT_READ, MAP_PRIVATE, 3, 0) = 0x7fedf5ac1000
28882 close(3)                          = 0
28882 access("/etc/ld.so.nohwcap", F_OK) = -1 ENOENT (No such file or directory)
28882 openat(AT_FDCWD, "/lib/x86_64-linux-gnu/libpthread.so.0", O_RDONLY|O_CLOEXEC) = 3
28882 read(3, "\177ELF\2\1\1\0\0\0\0\0\0\0\0\0\3\0>\0\1\0\0\0000b\0\0\0\0\0\0"..., 832) = 832
28882 fstat(3, {st_mode=S_IFREG|0755, st_size=144976, ...}) = 0
28882 mmap(NULL, 8192, PROT_READ|PROT_WRITE, MAP_PRIVATE|MAP_ANONYMOUS, -1, 0) = 0x7fedf5abf000
28882 mmap(NULL, 2221184, PROT_READ|PROT_EXEC, MAP_PRIVATE|MAP_DENYWRITE, 3, 0) = 0x7fedf5682000
28882 mprotect(0x7fedf569c000, 2093056, PROT_NONE) = 0
28882 mmap(0x7fedf589b000, 8192, PROT_READ|PROT_WRITE, MAP_PRIVATE|MAP_FIXED|MAP_DENYWRITE, 3, 0x19000) = 0x7fedf589b000
28882 mmap(0x7fedf589d000, 13440, PROT_READ|PROT_WRITE, MAP_PRIVATE|MAP_FIXED|MAP_ANONYMOUS, -1, 0) = 0x7fedf589d000
28882 close(3)                          = 0
28882 access("/etc/ld.so.nohwcap", F_OK) = -1 ENOENT (No such file or directory)
28882 openat(AT_FDCWD, "/lib/x86_64-linux-gnu/libc.so.6", O_RDONLY|O_CLOEXEC) = 3
28882 read(3, "\177ELF\2\1\1\3\0\0\0\0\0\0\0\0\3\0>\0\1\0\0\0\260\34\2\0\0\0\0\0"..., 832) = 832
28882 fstat(3, {st_mode=S_IFREG|0755, st_size=2030544, ...}) = 0
28882 mmap(NULL, 4131552, PROT_READ|PROT_EXEC, MAP_PRIVATE|MAP_DENYWRITE, 3, 0) = 0x7fedf5291000
28882 mprotect(0x7fedf5478000, 2097152, PROT_NONE) = 0
28882 mmap(0x7fedf5678000, 24576, PROT_READ|PROT_WRITE, MAP_PRIVATE|MAP_FIXED|MAP_DENYWRITE, 3, 0x1e7000) = 0x7fedf5678000
28882 mmap(0x7fedf567e000, 15072, PROT_READ|PROT_WRITE, MAP_PRIVATE|MAP_FIXED|MAP_ANONYMOUS, -1, 0) = 0x7fedf567e000
28882 close(3)                          = 0
28882 mmap(NULL, 12288, PROT_READ|PROT_WRITE, MAP_PRIVATE|MAP_ANONYMOUS, -1, 0) = 0x7fedf5abc000
28882 arch_prctl(ARCH_SET_FS, 0x7fedf5abc740) = 0
28882 mprotect(0x7fedf5678000, 16384, PROT_READ) = 0
28882 mprotect(0x7fedf589b000, 4096, PROT_READ) = 0
28882 mprotect(0x7fedf5ac8000, 4096, PROT_READ) = 0
28882 munmap(0x7fedf5ac1000, 26638)     = 0
28882 set_tid_address(0x7fedf5abca10)   = 28882
28882 set_robust_list(0x7fedf5abca20, 24) = 0
28882 rt_sigaction(SIGRTMIN, {sa_handler=0x7fedf5687cb0, sa_mask=[], sa_flags=SA_RESTORER|SA_SIGINFO, sa_restorer=0x7fedf5694890}, NULL, 8) = 0
28882 rt_sigaction(SIGRT_1, {sa_handler=0x7fedf5687d50, sa_mask=[], sa_flags=SA_RESTORER|SA_RESTART|SA_SIGINFO, sa_restorer=0x7fedf5694890}, NULL, 8) = 0
28882 rt_sigprocmask(SIG_UNBLOCK, [RTMIN RT_1], NULL, 8) = 0
28882 prlimit64(0, RLIMIT_STACK, NULL, {rlim_cur=8192*1024, rlim_max=RLIM64_INFINITY}) = 0
28882 brk(NULL)                         = 0x138f000
28882 brk(0x13b0000)                    = 0x13b0000
28882 sched_getaffinity(0, 8192, [0, 1]) = 8
28882 mmap(NULL, 262144, PROT_READ|PROT_WRITE, MAP_PRIVATE|MAP_ANONYMOUS, -1, 0) = 0x7fedf5a7c000
28882 mmap(0xc000000000, 67108864, PROT_NONE, MAP_PRIVATE|MAP_ANONYMOUS, -1, 0) = 0xc000000000
28882 mmap(0xc000000000, 67108864, PROT_READ|PROT_WRITE, MAP_PRIVATE|MAP_FIXED|MAP_ANONYMOUS, -1, 0) = 0xc000000000
28882 mmap(NULL, 33554432, PROT_READ|PROT_WRITE, MAP_PRIVATE|MAP_ANONYMOUS, -1, 0) = 0x7fedf3291000
28882 mmap(NULL, 2164736, PROT_READ|PROT_WRITE, MAP_PRIVATE|MAP_ANONYMOUS, -1, 0) = 0x7fedf3080000
28882 mmap(NULL, 65536, PROT_READ|PROT_WRITE, MAP_PRIVATE|MAP_ANONYMOUS, -1, 0) = 0x7fedf5a6c000
28882 mmap(NULL, 65536, PROT_READ|PROT_WRITE, MAP_PRIVATE|MAP_ANONYMOUS, -1, 0) = 0x7fedf5a5c000
28882 rt_sigprocmask(SIG_SETMASK, NULL, [], 8) = 0
28882 sigaltstack(NULL, {ss_sp=NULL, ss_flags=SS_DISABLE, ss_size=0}) = 0
28882 sigaltstack({ss_sp=0xc000002000, ss_flags=0, ss_size=32768}, NULL) = 0
28882 rt_sigprocmask(SIG_SETMASK, [], NULL, 8) = 0
28882 gettid()                          = 28882
28882 rt_sigaction(SIGHUP, NULL, {sa_handler=SIG_DFL, sa_mask=[], sa_flags=0}, 8) = 0
28882 rt_sigaction(SIGHUP, {sa_handler=0x459040, sa_mask=~[], sa_flags=SA_RESTORER|SA_ONSTACK|SA_RESTART|SA_SIGINFO, sa_restorer=0x7fedf5694890}, NULL, 8) = 0
28882 rt_sigaction(SIGINT, NULL, {sa_handler=SIG_DFL, sa_mask=[], sa_flags=0}, 8) = 0
28882 rt_sigaction(SIGINT, {sa_handler=0x459040, sa_mask=~[], sa_flags=SA_RESTORER|SA_ONSTACK|SA_RESTART|SA_SIGINFO, sa_restorer=0x7fedf5694890}, NULL, 8) = 0
28882 rt_sigaction(SIGQUIT, NULL, {sa_handler=SIG_DFL, sa_mask=[], sa_flags=0}, 8) = 0
28882 rt_sigaction(SIGQUIT, {sa_handler=0x459040, sa_mask=~[], sa_flags=SA_RESTORER|SA_ONSTACK|SA_RESTART|SA_SIGINFO, sa_restorer=0x7fedf5694890}, NULL, 8) = 0
28882 rt_sigaction(SIGILL, NULL, {sa_handler=SIG_DFL, sa_mask=[], sa_flags=0}, 8) = 0
28882 rt_sigaction(SIGILL, {sa_handler=0x459040, sa_mask=~[], sa_flags=SA_RESTORER|SA_ONSTACK|SA_RESTART|SA_SIGINFO, sa_restorer=0x7fedf5694890}, NULL, 8) = 0
28882 rt_sigaction(SIGTRAP, NULL, {sa_handler=SIG_DFL, sa_mask=[], sa_flags=0}, 8) = 0
28882 rt_sigaction(SIGTRAP, {sa_handler=0x459040, sa_mask=~[], sa_flags=SA_RESTORER|SA_ONSTACK|SA_RESTART|SA_SIGINFO, sa_restorer=0x7fedf5694890}, NULL, 8) = 0
28882 rt_sigaction(SIGABRT, NULL, {sa_handler=SIG_DFL, sa_mask=[], sa_flags=0}, 8) = 0
28882 rt_sigaction(SIGABRT, {sa_handler=0x459040, sa_mask=~[], sa_flags=SA_RESTORER|SA_ONSTACK|SA_RESTART|SA_SIGINFO, sa_restorer=0x7fedf5694890}, NULL, 8) = 0
28882 rt_sigaction(SIGBUS, NULL, {sa_handler=SIG_DFL, sa_mask=[], sa_flags=0}, 8) = 0
28882 rt_sigaction(SIGBUS, {sa_handler=0x459040, sa_mask=~[], sa_flags=SA_RESTORER|SA_ONSTACK|SA_RESTART|SA_SIGINFO, sa_restorer=0x7fedf5694890}, NULL, 8) = 0
28882 rt_sigaction(SIGFPE, NULL, {sa_handler=SIG_DFL, sa_mask=[], sa_flags=0}, 8) = 0
28882 rt_sigaction(SIGFPE, {sa_handler=0x459040, sa_mask=~[], sa_flags=SA_RESTORER|SA_ONSTACK|SA_RESTART|SA_SIGINFO, sa_restorer=0x7fedf5694890}, NULL, 8) = 0
28882 rt_sigaction(SIGUSR1, NULL, {sa_handler=SIG_DFL, sa_mask=[], sa_flags=0}, 8) = 0
28882 rt_sigaction(SIGUSR1, {sa_handler=0x459040, sa_mask=~[], sa_flags=SA_RESTORER|SA_ONSTACK|SA_RESTART|SA_SIGINFO, sa_restorer=0x7fedf5694890}, NULL, 8) = 0
28882 rt_sigaction(SIGSEGV, NULL, {sa_handler=SIG_DFL, sa_mask=[], sa_flags=0}, 8) = 0
28882 rt_sigaction(SIGSEGV, {sa_handler=0x459040, sa_mask=~[], sa_flags=SA_RESTORER|SA_ONSTACK|SA_RESTART|SA_SIGINFO, sa_restorer=0x7fedf5694890}, NULL, 8) = 0
28882 rt_sigaction(SIGUSR2, NULL, {sa_handler=SIG_DFL, sa_mask=[], sa_flags=0}, 8) = 0
28882 rt_sigaction(SIGUSR2, {sa_handler=0x459040, sa_mask=~[], sa_flags=SA_RESTORER|SA_ONSTACK|SA_RESTART|SA_SIGINFO, sa_restorer=0x7fedf5694890}, NULL, 8) = 0
28882 rt_sigaction(SIGPIPE, NULL, {sa_handler=SIG_DFL, sa_mask=[], sa_flags=0}, 8) = 0
28882 rt_sigaction(SIGPIPE, {sa_handler=0x459040, sa_mask=~[], sa_flags=SA_RESTORER|SA_ONSTACK|SA_RESTART|SA_SIGINFO, sa_restorer=0x7fedf5694890}, NULL, 8) = 0
28882 rt_sigaction(SIGALRM, NULL, {sa_handler=SIG_DFL, sa_mask=[], sa_flags=0}, 8) = 0
28882 rt_sigaction(SIGALRM, {sa_handler=0x459040, sa_mask=~[], sa_flags=SA_RESTORER|SA_ONSTACK|SA_RESTART|SA_SIGINFO, sa_restorer=0x7fedf5694890}, NULL, 8) = 0
28882 rt_sigaction(SIGTERM, NULL, {sa_handler=SIG_DFL, sa_mask=[], sa_flags=0}, 8) = 0
28882 rt_sigaction(SIGTERM, {sa_handler=0x459040, sa_mask=~[], sa_flags=SA_RESTORER|SA_ONSTACK|SA_RESTART|SA_SIGINFO, sa_restorer=0x7fedf5694890}, NULL, 8) = 0
28882 rt_sigaction(SIGSTKFLT, NULL, {sa_handler=SIG_DFL, sa_mask=[], sa_flags=0}, 8) = 0
28882 rt_sigaction(SIGSTKFLT, {sa_handler=0x459040, sa_mask=~[], sa_flags=SA_RESTORER|SA_ONSTACK|SA_RESTART|SA_SIGINFO, sa_restorer=0x7fedf5694890}, NULL, 8) = 0
28882 rt_sigaction(SIGCHLD, NULL, {sa_handler=SIG_DFL, sa_mask=[], sa_flags=0}, 8) = 0
28882 rt_sigaction(SIGCHLD, {sa_handler=0x459040, sa_mask=~[], sa_flags=SA_RESTORER|SA_ONSTACK|SA_RESTART|SA_SIGINFO, sa_restorer=0x7fedf5694890}, NULL, 8) = 0
28882 rt_sigaction(SIGURG, NULL, {sa_handler=SIG_DFL, sa_mask=[], sa_flags=0}, 8) = 0
28882 rt_sigaction(SIGURG, {sa_handler=0x459040, sa_mask=~[], sa_flags=SA_RESTORER|SA_ONSTACK|SA_RESTART|SA_SIGINFO, sa_restorer=0x7fedf5694890}, NULL, 8) = 0
28882 rt_sigaction(SIGXCPU, NULL, {sa_handler=SIG_DFL, sa_mask=[], sa_flags=0}, 8) = 0
28882 rt_sigaction(SIGXCPU, {sa_handler=0x459040, sa_mask=~[], sa_flags=SA_RESTORER|SA_ONSTACK|SA_RESTART|SA_SIGINFO, sa_restorer=0x7fedf5694890}, NULL, 8) = 0
28882 rt_sigaction(SIGXFSZ, NULL, {sa_handler=SIG_DFL, sa_mask=[], sa_flags=0}, 8) = 0
28882 rt_sigaction(SIGXFSZ, {sa_handler=0x459040, sa_mask=~[], sa_flags=SA_RESTORER|SA_ONSTACK|SA_RESTART|SA_SIGINFO, sa_restorer=0x7fedf5694890}, NULL, 8) = 0
28882 rt_sigaction(SIGVTALRM, NULL, {sa_handler=SIG_DFL, sa_mask=[], sa_flags=0}, 8) = 0
28882 rt_sigaction(SIGVTALRM, {sa_handler=0x459040, sa_mask=~[], sa_flags=SA_RESTORER|SA_ONSTACK|SA_RESTART|SA_SIGINFO, sa_restorer=0x7fedf5694890}, NULL, 8) = 0
28882 rt_sigaction(SIGPROF, NULL, {sa_handler=SIG_DFL, sa_mask=[], sa_flags=0}, 8) = 0
28882 rt_sigaction(SIGPROF, {sa_handler=0x459040, sa_mask=~[], sa_flags=SA_RESTORER|SA_ONSTACK|SA_RESTART|SA_SIGINFO, sa_restorer=0x7fedf5694890}, NULL, 8) = 0
28882 rt_sigaction(SIGWINCH, NULL, {sa_handler=SIG_DFL, sa_mask=[], sa_flags=0}, 8) = 0
28882 rt_sigaction(SIGWINCH, {sa_handler=0x459040, sa_mask=~[], sa_flags=SA_RESTORER|SA_ONSTACK|SA_RESTART|SA_SIGINFO, sa_restorer=0x7fedf5694890}, NULL, 8) = 0
28882 rt_sigaction(SIGIO, NULL, {sa_handler=SIG_DFL, sa_mask=[], sa_flags=0}, 8) = 0
28882 rt_sigaction(SIGIO, {sa_handler=0x459040, sa_mask=~[], sa_flags=SA_RESTORER|SA_ONSTACK|SA_RESTART|SA_SIGINFO, sa_restorer=0x7fedf5694890}, NULL, 8) = 0
28882 rt_sigaction(SIGPWR, NULL, {sa_handler=SIG_DFL, sa_mask=[], sa_flags=0}, 8) = 0
28882 rt_sigaction(SIGPWR, {sa_handler=0x459040, sa_mask=~[], sa_flags=SA_RESTORER|SA_ONSTACK|SA_RESTART|SA_SIGINFO, sa_restorer=0x7fedf5694890}, NULL, 8) = 0
28882 rt_sigaction(SIGSYS, NULL, {sa_handler=SIG_DFL, sa_mask=[], sa_flags=0}, 8) = 0
28882 rt_sigaction(SIGSYS, {sa_handler=0x459040, sa_mask=~[], sa_flags=SA_RESTORER|SA_ONSTACK|SA_RESTART|SA_SIGINFO, sa_restorer=0x7fedf5694890}, NULL, 8) = 0
28882 rt_sigaction(SIGRTMIN, NULL, {sa_handler=0x7fedf5687cb0, sa_mask=[], sa_flags=SA_RESTORER|SA_SIGINFO, sa_restorer=0x7fedf5694890}, 8) = 0
28882 rt_sigaction(SIGRTMIN, NULL, {sa_handler=0x7fedf5687cb0, sa_mask=[], sa_flags=SA_RESTORER|SA_SIGINFO, sa_restorer=0x7fedf5694890}, 8) = 0
28882 rt_sigaction(SIGRTMIN, {sa_handler=0x7fedf5687cb0, sa_mask=[], sa_flags=SA_RESTORER|SA_ONSTACK|SA_SIGINFO, sa_restorer=0x7fedf5694890}, NULL, 8) = 0
28882 rt_sigaction(SIGRT_1, NULL, {sa_handler=0x7fedf5687d50, sa_mask=[], sa_flags=SA_RESTORER|SA_RESTART|SA_SIGINFO, sa_restorer=0x7fedf5694890}, 8) = 0
28882 rt_sigaction(SIGRT_1, NULL, {sa_handler=0x7fedf5687d50, sa_mask=[], sa_flags=SA_RESTORER|SA_RESTART|SA_SIGINFO, sa_restorer=0x7fedf5694890}, 8) = 0
28882 rt_sigaction(SIGRT_1, {sa_handler=0x7fedf5687d50, sa_mask=[], sa_flags=SA_RESTORER|SA_ONSTACK|SA_RESTART|SA_SIGINFO, sa_restorer=0x7fedf5694890}, NULL, 8) = 0
28882 rt_sigaction(SIGRT_2, NULL, {sa_handler=SIG_DFL, sa_mask=[], sa_flags=0}, 8) = 0
28882 rt_sigaction(SIGRT_2, {sa_handler=0x459040, sa_mask=~[], sa_flags=SA_RESTORER|SA_ONSTACK|SA_RESTART|SA_SIGINFO, sa_restorer=0x7fedf5694890}, NULL, 8) = 0
28882 rt_sigaction(SIGRT_3, NULL, {sa_handler=SIG_DFL, sa_mask=[], sa_flags=0}, 8) = 0
28882 rt_sigaction(SIGRT_3, {sa_handler=0x459040, sa_mask=~[], sa_flags=SA_RESTORER|SA_ONSTACK|SA_RESTART|SA_SIGINFO, sa_restorer=0x7fedf5694890}, NULL, 8) = 0
28882 rt_sigaction(SIGRT_4, NULL, {sa_handler=SIG_DFL, sa_mask=[], sa_flags=0}, 8) = 0
28882 rt_sigaction(SIGRT_4, {sa_handler=0x459040, sa_mask=~[], sa_flags=SA_RESTORER|SA_ONSTACK|SA_RESTART|SA_SIGINFO, sa_restorer=0x7fedf5694890}, NULL, 8) = 0
28882 rt_sigaction(SIGRT_5, NULL, {sa_handler=SIG_DFL, sa_mask=[], sa_flags=0}, 8) = 0
28882 rt_sigaction(SIGRT_5, {sa_handler=0x459040, sa_mask=~[], sa_flags=SA_RESTORER|SA_ONSTACK|SA_RESTART|SA_SIGINFO, sa_restorer=0x7fedf5694890}, NULL, 8) = 0
28882 rt_sigaction(SIGRT_6, NULL, {sa_handler=SIG_DFL, sa_mask=[], sa_flags=0}, 8) = 0
28882 rt_sigaction(SIGRT_6, {sa_handler=0x459040, sa_mask=~[], sa_flags=SA_RESTORER|SA_ONSTACK|SA_RESTART|SA_SIGINFO, sa_restorer=0x7fedf5694890}, NULL, 8) = 0
28882 rt_sigaction(SIGRT_7, NULL, {sa_handler=SIG_DFL, sa_mask=[], sa_flags=0}, 8) = 0
28882 rt_sigaction(SIGRT_7, {sa_handler=0x459040, sa_mask=~[], sa_flags=SA_RESTORER|SA_ONSTACK|SA_RESTART|SA_SIGINFO, sa_restorer=0x7fedf5694890}, NULL, 8) = 0
28882 rt_sigaction(SIGRT_8, NULL, {sa_handler=SIG_DFL, sa_mask=[], sa_flags=0}, 8) = 0
28882 rt_sigaction(SIGRT_8, {sa_handler=0x459040, sa_mask=~[], sa_flags=SA_RESTORER|SA_ONSTACK|SA_RESTART|SA_SIGINFO, sa_restorer=0x7fedf5694890}, NULL, 8) = 0
28882 rt_sigaction(SIGRT_9, NULL, {sa_handler=SIG_DFL, sa_mask=[], sa_flags=0}, 8) = 0
28882 rt_sigaction(SIGRT_9, {sa_handler=0x459040, sa_mask=~[], sa_flags=SA_RESTORER|SA_ONSTACK|SA_RESTART|SA_SIGINFO, sa_restorer=0x7fedf5694890}, NULL, 8) = 0
28882 rt_sigaction(SIGRT_10, NULL, {sa_handler=SIG_DFL, sa_mask=[], sa_flags=0}, 8) = 0
28882 rt_sigaction(SIGRT_10, {sa_handler=0x459040, sa_mask=~[], sa_flags=SA_RESTORER|SA_ONSTACK|SA_RESTART|SA_SIGINFO, sa_restorer=0x7fedf5694890}, NULL, 8) = 0
28882 rt_sigaction(SIGRT_11, NULL, {sa_handler=SIG_DFL, sa_mask=[], sa_flags=0}, 8) = 0
28882 rt_sigaction(SIGRT_11, {sa_handler=0x459040, sa_mask=~[], sa_flags=SA_RESTORER|SA_ONSTACK|SA_RESTART|SA_SIGINFO, sa_restorer=0x7fedf5694890}, NULL, 8) = 0
28882 rt_sigaction(SIGRT_12, NULL, {sa_handler=SIG_DFL, sa_mask=[], sa_flags=0}, 8) = 0
28882 rt_sigaction(SIGRT_12, {sa_handler=0x459040, sa_mask=~[], sa_flags=SA_RESTORER|SA_ONSTACK|SA_RESTART|SA_SIGINFO, sa_restorer=0x7fedf5694890}, NULL, 8) = 0
28882 rt_sigaction(SIGRT_13, NULL, {sa_handler=SIG_DFL, sa_mask=[], sa_flags=0}, 8) = 0
28882 rt_sigaction(SIGRT_13, {sa_handler=0x459040, sa_mask=~[], sa_flags=SA_RESTORER|SA_ONSTACK|SA_RESTART|SA_SIGINFO, sa_restorer=0x7fedf5694890}, NULL, 8) = 0
28882 rt_sigaction(SIGRT_14, NULL, {sa_handler=SIG_DFL, sa_mask=[], sa_flags=0}, 8) = 0
28882 rt_sigaction(SIGRT_14, {sa_handler=0x459040, sa_mask=~[], sa_flags=SA_RESTORER|SA_ONSTACK|SA_RESTART|SA_SIGINFO, sa_restorer=0x7fedf5694890}, NULL, 8) = 0
28882 rt_sigaction(SIGRT_15, NULL, {sa_handler=SIG_DFL, sa_mask=[], sa_flags=0}, 8) = 0
28882 rt_sigaction(SIGRT_15, {sa_handler=0x459040, sa_mask=~[], sa_flags=SA_RESTORER|SA_ONSTACK|SA_RESTART|SA_SIGINFO, sa_restorer=0x7fedf5694890}, NULL, 8) = 0
28882 rt_sigaction(SIGRT_16, NULL, {sa_handler=SIG_DFL, sa_mask=[], sa_flags=0}, 8) = 0
28882 rt_sigaction(SIGRT_16, {sa_handler=0x459040, sa_mask=~[], sa_flags=SA_RESTORER|SA_ONSTACK|SA_RESTART|SA_SIGINFO, sa_restorer=0x7fedf5694890}, NULL, 8) = 0
28882 rt_sigaction(SIGRT_17, NULL, {sa_handler=SIG_DFL, sa_mask=[], sa_flags=0}, 8) = 0
28882 rt_sigaction(SIGRT_17, {sa_handler=0x459040, sa_mask=~[], sa_flags=SA_RESTORER|SA_ONSTACK|SA_RESTART|SA_SIGINFO, sa_restorer=0x7fedf5694890}, NULL, 8) = 0
28882 rt_sigaction(SIGRT_18, NULL, {sa_handler=SIG_DFL, sa_mask=[], sa_flags=0}, 8) = 0
28882 rt_sigaction(SIGRT_18, {sa_handler=0x459040, sa_mask=~[], sa_flags=SA_RESTORER|SA_ONSTACK|SA_RESTART|SA_SIGINFO, sa_restorer=0x7fedf5694890}, NULL, 8) = 0
28882 rt_sigaction(SIGRT_19, NULL, {sa_handler=SIG_DFL, sa_mask=[], sa_flags=0}, 8) = 0
28882 rt_sigaction(SIGRT_19, {sa_handler=0x459040, sa_mask=~[], sa_flags=SA_RESTORER|SA_ONSTACK|SA_RESTART|SA_SIGINFO, sa_restorer=0x7fedf5694890}, NULL, 8) = 0
28882 rt_sigaction(SIGRT_20, NULL, {sa_handler=SIG_DFL, sa_mask=[], sa_flags=0}, 8) = 0
28882 rt_sigaction(SIGRT_20, {sa_handler=0x459040, sa_mask=~[], sa_flags=SA_RESTORER|SA_ONSTACK|SA_RESTART|SA_SIGINFO, sa_restorer=0x7fedf5694890}, NULL, 8) = 0
28882 rt_sigaction(SIGRT_21, NULL, {sa_handler=SIG_DFL, sa_mask=[], sa_flags=0}, 8) = 0
28882 rt_sigaction(SIGRT_21, {sa_handler=0x459040, sa_mask=~[], sa_flags=SA_RESTORER|SA_ONSTACK|SA_RESTART|SA_SIGINFO, sa_restorer=0x7fedf5694890}, NULL, 8) = 0
28882 rt_sigaction(SIGRT_22, NULL, {sa_handler=SIG_DFL, sa_mask=[], sa_flags=0}, 8) = 0
28882 rt_sigaction(SIGRT_22, {sa_handler=0x459040, sa_mask=~[], sa_flags=SA_RESTORER|SA_ONSTACK|SA_RESTART|SA_SIGINFO, sa_restorer=0x7fedf5694890}, NULL, 8) = 0
28882 rt_sigaction(SIGRT_23, NULL, {sa_handler=SIG_DFL, sa_mask=[], sa_flags=0}, 8) = 0
28882 rt_sigaction(SIGRT_23, {sa_handler=0x459040, sa_mask=~[], sa_flags=SA_RESTORER|SA_ONSTACK|SA_RESTART|SA_SIGINFO, sa_restorer=0x7fedf5694890}, NULL, 8) = 0
28882 rt_sigaction(SIGRT_24, NULL, {sa_handler=SIG_DFL, sa_mask=[], sa_flags=0}, 8) = 0
28882 rt_sigaction(SIGRT_24, {sa_handler=0x459040, sa_mask=~[], sa_flags=SA_RESTORER|SA_ONSTACK|SA_RESTART|SA_SIGINFO, sa_restorer=0x7fedf5694890}, NULL, 8) = 0
28882 rt_sigaction(SIGRT_25, NULL, {sa_handler=SIG_DFL, sa_mask=[], sa_flags=0}, 8) = 0
28882 rt_sigaction(SIGRT_25, {sa_handler=0x459040, sa_mask=~[], sa_flags=SA_RESTORER|SA_ONSTACK|SA_RESTART|SA_SIGINFO, sa_restorer=0x7fedf5694890}, NULL, 8) = 0
28882 rt_sigaction(SIGRT_26, NULL, {sa_handler=SIG_DFL, sa_mask=[], sa_flags=0}, 8) = 0
28882 rt_sigaction(SIGRT_26, {sa_handler=0x459040, sa_mask=~[], sa_flags=SA_RESTORER|SA_ONSTACK|SA_RESTART|SA_SIGINFO, sa_restorer=0x7fedf5694890}, NULL, 8) = 0
28882 rt_sigaction(SIGRT_27, NULL, {sa_handler=SIG_DFL, sa_mask=[], sa_flags=0}, 8) = 0
28882 rt_sigaction(SIGRT_27, {sa_handler=0x459040, sa_mask=~[], sa_flags=SA_RESTORER|SA_ONSTACK|SA_RESTART|SA_SIGINFO, sa_restorer=0x7fedf5694890}, NULL, 8) = 0
28882 rt_sigaction(SIGRT_28, NULL, {sa_handler=SIG_DFL, sa_mask=[], sa_flags=0}, 8) = 0
28882 rt_sigaction(SIGRT_28, {sa_handler=0x459040, sa_mask=~[], sa_flags=SA_RESTORER|SA_ONSTACK|SA_RESTART|SA_SIGINFO, sa_restorer=0x7fedf5694890}, NULL, 8) = 0
28882 rt_sigaction(SIGRT_29, NULL, {sa_handler=SIG_DFL, sa_mask=[], sa_flags=0}, 8) = 0
28882 rt_sigaction(SIGRT_29, {sa_handler=0x459040, sa_mask=~[], sa_flags=SA_RESTORER|SA_ONSTACK|SA_RESTART|SA_SIGINFO, sa_restorer=0x7fedf5694890}, NULL, 8) = 0
28882 rt_sigaction(SIGRT_30, NULL, {sa_handler=SIG_DFL, sa_mask=[], sa_flags=0}, 8) = 0
28882 rt_sigaction(SIGRT_30, {sa_handler=0x459040, sa_mask=~[], sa_flags=SA_RESTORER|SA_ONSTACK|SA_RESTART|SA_SIGINFO, sa_restorer=0x7fedf5694890}, NULL, 8) = 0
28882 rt_sigaction(SIGRT_31, NULL, {sa_handler=SIG_DFL, sa_mask=[], sa_flags=0}, 8) = 0
28882 rt_sigaction(SIGRT_31, {sa_handler=0x459040, sa_mask=~[], sa_flags=SA_RESTORER|SA_ONSTACK|SA_RESTART|SA_SIGINFO, sa_restorer=0x7fedf5694890}, NULL, 8) = 0
28882 rt_sigaction(SIGRT_32, NULL, {sa_handler=SIG_DFL, sa_mask=[], sa_flags=0}, 8) = 0
28882 rt_sigaction(SIGRT_32, {sa_handler=0x459040, sa_mask=~[], sa_flags=SA_RESTORER|SA_ONSTACK|SA_RESTART|SA_SIGINFO, sa_restorer=0x7fedf5694890}, NULL, 8) = 0
28882 rt_sigprocmask(SIG_SETMASK, ~[RTMIN RT_1], [], 8) = 0
28882 mmap(NULL, 8392704, PROT_NONE, MAP_PRIVATE|MAP_ANONYMOUS|MAP_STACK, -1, 0) = 0x7fedf287f000
28882 mprotect(0x7fedf2880000, 8388608, PROT_READ|PROT_WRITE) = 0
28882 clone(child_stack=0x7fedf307efb0, flags=CLONE_VM|CLONE_FS|CLONE_FILES|CLONE_SIGHAND|CLONE_THREAD|CLONE_SYSVSEM|CLONE_SETTLS|CLONE_PARENT_SETTID|CLONE_CHILD_CLEARTID, parent_tidptr=0x7fedf307f9d0, tls=0x7fedf307f700, child_tidptr=0x7fedf307f9d0) = 28883
28882 rt_sigprocmask(SIG_SETMASK, [], NULL, 8) = 0
28882 rt_sigprocmask(SIG_SETMASK, ~[RTMIN RT_1], [], 8) = 0
28882 mmap(NULL, 8392704, PROT_NONE, MAP_PRIVATE|MAP_ANONYMOUS|MAP_STACK, -1, 0) = 0x7fedf207e000
28882 mprotect(0x7fedf207f000, 8388608, PROT_READ|PROT_WRITE) = 0
28882 clone(child_stack=0x7fedf287dfb0, flags=CLONE_VM|CLONE_FS|CLONE_FILES|CLONE_SIGHAND|CLONE_THREAD|CLONE_SYSVSEM|CLONE_SETTLS|CLONE_PARENT_SETTID|CLONE_CHILD_CLEARTID, parent_tidptr=0x7fedf287e9d0, tls=0x7fedf287e700, child_tidptr=0x7fedf287e9d0) = 28884
28882 rt_sigprocmask(SIG_SETMASK, [], NULL, 8) = 0
28882 rt_sigprocmask(SIG_SETMASK, ~[RTMIN RT_1], [], 8) = 0
28882 mmap(NULL, 8392704, PROT_NONE, MAP_PRIVATE|MAP_ANONYMOUS|MAP_STACK, -1, 0) = 0x7fedf187d000
28882 mprotect(0x7fedf187e000, 8388608, PROT_READ|PROT_WRITE) = 0
28882 clone(child_stack=0x7fedf207cfb0, flags=CLONE_VM|CLONE_FS|CLONE_FILES|CLONE_SIGHAND|CLONE_THREAD|CLONE_SYSVSEM|CLONE_SETTLS|CLONE_PARENT_SETTID|CLONE_CHILD_CLEARTID, parent_tidptr=0x7fedf207d9d0, tls=0x7fedf207d700, child_tidptr=0x7fedf207d9d0) = 28885
28882 rt_sigprocmask(SIG_SETMASK, [], NULL, 8) = 0
28882 futex(0x6199e8, FUTEX_WAIT_PRIVATE, 0, NULL <unfinished ...>
28885 set_robust_list(0x7fedf207d9e0, 24 <unfinished ...>
28884 set_robust_list(0x7fedf287e9e0, 24 <unfinished ...>
28883 set_robust_list(0x7fedf307f9e0, 24 <unfinished ...>
28885 <... set_robust_list resumed> )   = 0
28884 <... set_robust_list resumed> )   = 0
28883 <... set_robust_list resumed> )   = 0
28885 mmap(NULL, 134217728, PROT_NONE, MAP_PRIVATE|MAP_ANONYMOUS|MAP_NORESERVE, -1, 0 <unfinished ...>
28884 mmap(NULL, 134217728, PROT_NONE, MAP_PRIVATE|MAP_ANONYMOUS|MAP_NORESERVE, -1, 0 <unfinished ...>
28885 <... mmap resumed> )              = 0x7fede987d000
28884 <... mmap resumed> )              = 0x7fede187d000
28883 mmap(NULL, 134217728, PROT_NONE, MAP_PRIVATE|MAP_ANONYMOUS|MAP_NORESERVE, -1, 0 <unfinished ...>
28885 munmap(0x7fede987d000, 41431040 <unfinished ...>
28884 munmap(0x7fede187d000, 41431040 <unfinished ...>
28885 <... munmap resumed> )            = 0
28884 <... munmap resumed> )            = 0
28883 <... mmap resumed> )              = 0x7fedd987d000
28885 munmap(0x7fedf0000000, 25677824 <unfinished ...>
28884 munmap(0x7fede8000000, 25677824 <unfinished ...>
28885 <... munmap resumed> )            = 0
28884 <... munmap resumed> )            = 0
28883 munmap(0x7fedd987d000, 41431040 <unfinished ...>
28885 mprotect(0x7fedec000000, 135168, PROT_READ|PROT_WRITE <unfinished ...>
28884 mprotect(0x7fede4000000, 135168, PROT_READ|PROT_WRITE <unfinished ...>
28885 <... mprotect resumed> )          = 0
28884 <... mprotect resumed> )          = 0
28883 <... munmap resumed> )            = 0
28885 sigaltstack(NULL,  <unfinished ...>
28884 sigaltstack(NULL,  <unfinished ...>
28883 munmap(0x7fede0000000, 25677824 <unfinished ...>
28885 <... sigaltstack resumed> {ss_sp=NULL, ss_flags=SS_DISABLE, ss_size=0}) = 0
28884 <... sigaltstack resumed> {ss_sp=NULL, ss_flags=SS_DISABLE, ss_size=0}) = 0
28885 sigaltstack({ss_sp=0xc000064000, ss_flags=0, ss_size=32768},  <unfinished ...>
28884 sigaltstack({ss_sp=0xc000056000, ss_flags=0, ss_size=32768},  <unfinished ...>
28883 <... munmap resumed> )            = 0
28885 <... sigaltstack resumed> NULL)   = 0
28884 <... sigaltstack resumed> NULL)   = 0
28885 rt_sigprocmask(SIG_SETMASK, [],  <unfinished ...>
28884 rt_sigprocmask(SIG_SETMASK, [],  <unfinished ...>
28883 mprotect(0x7feddc000000, 135168, PROT_READ|PROT_WRITE <unfinished ...>
28885 <... rt_sigprocmask resumed> NULL, 8) = 0
28884 <... rt_sigprocmask resumed> NULL, 8) = 0
28885 gettid( <unfinished ...>
28884 gettid( <unfinished ...>
28883 <... mprotect resumed> )          = 0
28885 <... gettid resumed> )            = 28885
28884 <... gettid resumed> )            = 28884
28883 sigaltstack(NULL,  <unfinished ...>
28885 futex(0xc00003cbc8, FUTEX_WAIT_PRIVATE, 0, NULL <unfinished ...>
28884 futex(0x6199e8, FUTEX_WAKE_PRIVATE, 1 <unfinished ...>
28883 <... sigaltstack resumed> {ss_sp=NULL, ss_flags=SS_DISABLE, ss_size=0}) = 0
28882 <... futex resumed> )             = 0
28882 rt_sigprocmask(SIG_SETMASK, ~[RTMIN RT_1], [], 8) = 0
28882 mmap(NULL, 8392704, PROT_NONE, MAP_PRIVATE|MAP_ANONYMOUS|MAP_STACK, -1, 0) = 0x7fedf107c000
28882 mprotect(0x7fedf107d000, 8388608, PROT_READ|PROT_WRITE) = 0
28882 clone(child_stack=0x7fedf187bfb0, flags=CLONE_VM|CLONE_FS|CLONE_FILES|CLONE_SIGHAND|CLONE_THREAD|CLONE_SYSVSEM|CLONE_SETTLS|CLONE_PARENT_SETTID|CLONE_CHILD_CLEARTID, parent_tidptr=0x7fedf187c9d0, tls=0x7fedf187c700, child_tidptr=0x7fedf187c9d0) = 28886
28882 rt_sigprocmask(SIG_SETMASK, [], NULL, 8) = 0
28882 readlinkat(AT_FDCWD, "/proc/self/exe", "/home/vagrant/go/src/github.com/"..., 128) = 64
28882 fcntl(0, F_GETFL)                 = 0x2 (flags O_RDWR)
28882 futex(0xc00003cbc8, FUTEX_WAKE_PRIVATE, 1) = 1
28882 mmap(NULL, 262144, PROT_READ|PROT_WRITE, MAP_PRIVATE|MAP_ANONYMOUS, -1, 0) = 0x7fedf5a1c000
28882 fcntl(1, F_GETFL)                 = 0x2 (flags O_RDWR)
28882 fcntl(2, F_GETFL)                 = 0x2 (flags O_RDWR)
28885 <... futex resumed> )             = 0
28886 set_robust_list(0x7fedf187c9e0, 24 <unfinished ...>
28884 <... futex resumed> )             = 1
28886 <... set_robust_list resumed> )   = 0
28885 nanosleep({tv_sec=0, tv_nsec=3000},  <unfinished ...>
28884 futex(0xc00003c848, FUTEX_WAIT_PRIVATE, 0, NULL <unfinished ...>
28886 mmap(NULL, 134217728, PROT_NONE, MAP_PRIVATE|MAP_ANONYMOUS|MAP_NORESERVE, -1, 0 <unfinished ...>
28885 <... nanosleep resumed> NULL)     = 0
28883 sigaltstack({ss_sp=0xc00004e000, ss_flags=0, ss_size=32768},  <unfinished ...>
28885 futex(0xc00003cbc8, FUTEX_WAIT_PRIVATE, 0, NULL <unfinished ...>
28886 <... mmap resumed> )              = 0x7fedd4000000
28883 <... sigaltstack resumed> NULL)   = 0
28886 munmap(0x7fedd8000000, 67108864 <unfinished ...>
28883 rt_sigprocmask(SIG_SETMASK, [],  <unfinished ...>
28882 openat(AT_FDCWD, "/etc//localtime", O_RDONLY) = 3
28882 read(3, "TZif2\0\0\0\0\0\0\0\0\0\0\0\0\0\0\0\0\0\0\1\0\0\0\1\0\0\0\0"..., 4096) = 127
28882 read(3, "", 4096)                 = 0
28882 close(3)                          = 0
28882 write(2, "2019/09/11 13:46:01 Listening on"..., 48) = 48
28882 socket(AF_INET, SOCK_STREAM|SOCK_CLOEXEC|SOCK_NONBLOCK, IPPROTO_IP) = 3
28882 setsockopt(3, SOL_SOCKET, SO_BROADCAST, [1], 4) = 0
28882 openat(AT_FDCWD, "/proc/sys/net/core/somaxconn", O_RDONLY|O_CLOEXEC) = 4
28882 epoll_create1(EPOLL_CLOEXEC)      = 5
28882 epoll_ctl(5, EPOLL_CTL_ADD, 4, {EPOLLIN|EPOLLOUT|EPOLLRDHUP|EPOLLET, {u32=4121038648, u64=140660005015352}}) = 0
28882 fcntl(4, F_GETFL)                 = 0x8000 (flags O_RDONLY|O_LARGEFILE)
28882 fcntl(4, F_SETFL, O_RDONLY|O_NONBLOCK|O_LARGEFILE) = 0
28882 read(4, "128\n", 65536)           = 4
28882 read(4, "", 65532)                = 0
28882 epoll_ctl(5, EPOLL_CTL_DEL, 4, 0xc0000afa64) = 0
28882 close(4)                          = 0
28882 setsockopt(3, SOL_SOCKET, SO_REUSEADDR, [1], 4) = 0
28882 bind(3, {sa_family=AF_INET, sin_port=htons(8080), sin_addr=inet_addr("127.0.0.1")}, 16) = 0
28882 listen(3, 128)                    = 0
28882 epoll_ctl(5, EPOLL_CTL_ADD, 3, {EPOLLIN|EPOLLOUT|EPOLLRDHUP|EPOLLET, {u32=4121038648, u64=140660005015352}}) = 0
28882 getsockname(3, {sa_family=AF_INET, sin_port=htons(8080), sin_addr=inet_addr("127.0.0.1")}, [112->16]) = 0
28882 epoll_ctl(5, EPOLL_CTL_DEL, 3, 0xc0000afdec) = 0
28882 close(3)                          = 0
28882 exit_group(0)                     = ?
28886 <... munmap resumed>)             = ?
28885 <... futex resumed>)              = ?
28886 +++ exited with 0 +++
28885 +++ exited with 0 +++
28884 <... futex resumed>)              = ?
28883 <... rt_sigprocmask resumed> <unfinished ...>) = ?
28883 +++ exited with 0 +++
28884 +++ exited with 0 +++
28882 +++ exited with 0 +++
