28897 execve("./listen", ["./listen", "--net", "tcp6", "--addr", "[::1]:8080"], 0x7ffdb900b8d8 /* 22 vars */) = 0
28897 brk(NULL)                         = 0x2006000
28897 access("/etc/ld.so.nohwcap", F_OK) = -1 ENOENT (No such file or directory)
28897 access("/etc/ld.so.preload", R_OK) = -1 ENOENT (No such file or directory)
28897 openat(AT_FDCWD, "/etc/ld.so.cache", O_RDONLY|O_CLOEXEC) = 3
28897 fstat(3, {st_mode=S_IFREG|0644, st_size=26638, ...}) = 0
28897 mmap(NULL, 26638, PROT_READ, MAP_PRIVATE, 3, 0) = 0x7ffadfa09000
28897 close(3)                          = 0
28897 access("/etc/ld.so.nohwcap", F_OK) = -1 ENOENT (No such file or directory)
28897 openat(AT_FDCWD, "/lib/x86_64-linux-gnu/libpthread.so.0", O_RDONLY|O_CLOEXEC) = 3
28897 read(3, "\177ELF\2\1\1\0\0\0\0\0\0\0\0\0\3\0>\0\1\0\0\0000b\0\0\0\0\0\0"..., 832) = 832
28897 fstat(3, {st_mode=S_IFREG|0755, st_size=144976, ...}) = 0
28897 mmap(NULL, 8192, PROT_READ|PROT_WRITE, MAP_PRIVATE|MAP_ANONYMOUS, -1, 0) = 0x7ffadfa07000
28897 mmap(NULL, 2221184, PROT_READ|PROT_EXEC, MAP_PRIVATE|MAP_DENYWRITE, 3, 0) = 0x7ffadf5ca000
28897 mprotect(0x7ffadf5e4000, 2093056, PROT_NONE) = 0
28897 mmap(0x7ffadf7e3000, 8192, PROT_READ|PROT_WRITE, MAP_PRIVATE|MAP_FIXED|MAP_DENYWRITE, 3, 0x19000) = 0x7ffadf7e3000
28897 mmap(0x7ffadf7e5000, 13440, PROT_READ|PROT_WRITE, MAP_PRIVATE|MAP_FIXED|MAP_ANONYMOUS, -1, 0) = 0x7ffadf7e5000
28897 close(3)                          = 0
28897 access("/etc/ld.so.nohwcap", F_OK) = -1 ENOENT (No such file or directory)
28897 openat(AT_FDCWD, "/lib/x86_64-linux-gnu/libc.so.6", O_RDONLY|O_CLOEXEC) = 3
28897 read(3, "\177ELF\2\1\1\3\0\0\0\0\0\0\0\0\3\0>\0\1\0\0\0\260\34\2\0\0\0\0\0"..., 832) = 832
28897 fstat(3, {st_mode=S_IFREG|0755, st_size=2030544, ...}) = 0
28897 mmap(NULL, 4131552, PROT_READ|PROT_EXEC, MAP_PRIVATE|MAP_DENYWRITE, 3, 0) = 0x7ffadf1d9000
28897 mprotect(0x7ffadf3c0000, 2097152, PROT_NONE) = 0
28897 mmap(0x7ffadf5c0000, 24576, PROT_READ|PROT_WRITE, MAP_PRIVATE|MAP_FIXED|MAP_DENYWRITE, 3, 0x1e7000) = 0x7ffadf5c0000
28897 mmap(0x7ffadf5c6000, 15072, PROT_READ|PROT_WRITE, MAP_PRIVATE|MAP_FIXED|MAP_ANONYMOUS, -1, 0) = 0x7ffadf5c6000
28897 close(3)                          = 0
28897 mmap(NULL, 12288, PROT_READ|PROT_WRITE, MAP_PRIVATE|MAP_ANONYMOUS, -1, 0) = 0x7ffadfa04000
28897 arch_prctl(ARCH_SET_FS, 0x7ffadfa04740) = 0
28897 mprotect(0x7ffadf5c0000, 16384, PROT_READ) = 0
28897 mprotect(0x7ffadf7e3000, 4096, PROT_READ) = 0
28897 mprotect(0x7ffadfa10000, 4096, PROT_READ) = 0
28897 munmap(0x7ffadfa09000, 26638)     = 0
28897 set_tid_address(0x7ffadfa04a10)   = 28897
28897 set_robust_list(0x7ffadfa04a20, 24) = 0
28897 rt_sigaction(SIGRTMIN, {sa_handler=0x7ffadf5cfcb0, sa_mask=[], sa_flags=SA_RESTORER|SA_SIGINFO, sa_restorer=0x7ffadf5dc890}, NULL, 8) = 0
28897 rt_sigaction(SIGRT_1, {sa_handler=0x7ffadf5cfd50, sa_mask=[], sa_flags=SA_RESTORER|SA_RESTART|SA_SIGINFO, sa_restorer=0x7ffadf5dc890}, NULL, 8) = 0
28897 rt_sigprocmask(SIG_UNBLOCK, [RTMIN RT_1], NULL, 8) = 0
28897 prlimit64(0, RLIMIT_STACK, NULL, {rlim_cur=8192*1024, rlim_max=RLIM64_INFINITY}) = 0
28897 brk(NULL)                         = 0x2006000
28897 brk(0x2027000)                    = 0x2027000
28897 sched_getaffinity(0, 8192, [0, 1]) = 8
28897 mmap(NULL, 262144, PROT_READ|PROT_WRITE, MAP_PRIVATE|MAP_ANONYMOUS, -1, 0) = 0x7ffadf9c4000
28897 mmap(0xc000000000, 67108864, PROT_NONE, MAP_PRIVATE|MAP_ANONYMOUS, -1, 0) = 0xc000000000
28897 mmap(0xc000000000, 67108864, PROT_READ|PROT_WRITE, MAP_PRIVATE|MAP_FIXED|MAP_ANONYMOUS, -1, 0) = 0xc000000000
28897 mmap(NULL, 33554432, PROT_READ|PROT_WRITE, MAP_PRIVATE|MAP_ANONYMOUS, -1, 0) = 0x7ffadd1d9000
28897 mmap(NULL, 2164736, PROT_READ|PROT_WRITE, MAP_PRIVATE|MAP_ANONYMOUS, -1, 0) = 0x7ffadcfc8000
28897 mmap(NULL, 65536, PROT_READ|PROT_WRITE, MAP_PRIVATE|MAP_ANONYMOUS, -1, 0) = 0x7ffadf9b4000
28897 mmap(NULL, 65536, PROT_READ|PROT_WRITE, MAP_PRIVATE|MAP_ANONYMOUS, -1, 0) = 0x7ffadf9a4000
28897 rt_sigprocmask(SIG_SETMASK, NULL, [], 8) = 0
28897 sigaltstack(NULL, {ss_sp=NULL, ss_flags=SS_DISABLE, ss_size=0}) = 0
28897 sigaltstack({ss_sp=0xc000002000, ss_flags=0, ss_size=32768}, NULL) = 0
28897 rt_sigprocmask(SIG_SETMASK, [], NULL, 8) = 0
28897 gettid()                          = 28897
28897 rt_sigaction(SIGHUP, NULL, {sa_handler=SIG_DFL, sa_mask=[], sa_flags=0}, 8) = 0
28897 rt_sigaction(SIGHUP, {sa_handler=0x459040, sa_mask=~[], sa_flags=SA_RESTORER|SA_ONSTACK|SA_RESTART|SA_SIGINFO, sa_restorer=0x7ffadf5dc890}, NULL, 8) = 0
28897 rt_sigaction(SIGINT, NULL, {sa_handler=SIG_DFL, sa_mask=[], sa_flags=0}, 8) = 0
28897 rt_sigaction(SIGINT, {sa_handler=0x459040, sa_mask=~[], sa_flags=SA_RESTORER|SA_ONSTACK|SA_RESTART|SA_SIGINFO, sa_restorer=0x7ffadf5dc890}, NULL, 8) = 0
28897 rt_sigaction(SIGQUIT, NULL, {sa_handler=SIG_DFL, sa_mask=[], sa_flags=0}, 8) = 0
28897 rt_sigaction(SIGQUIT, {sa_handler=0x459040, sa_mask=~[], sa_flags=SA_RESTORER|SA_ONSTACK|SA_RESTART|SA_SIGINFO, sa_restorer=0x7ffadf5dc890}, NULL, 8) = 0
28897 rt_sigaction(SIGILL, NULL, {sa_handler=SIG_DFL, sa_mask=[], sa_flags=0}, 8) = 0
28897 rt_sigaction(SIGILL, {sa_handler=0x459040, sa_mask=~[], sa_flags=SA_RESTORER|SA_ONSTACK|SA_RESTART|SA_SIGINFO, sa_restorer=0x7ffadf5dc890}, NULL, 8) = 0
28897 rt_sigaction(SIGTRAP, NULL, {sa_handler=SIG_DFL, sa_mask=[], sa_flags=0}, 8) = 0
28897 rt_sigaction(SIGTRAP, {sa_handler=0x459040, sa_mask=~[], sa_flags=SA_RESTORER|SA_ONSTACK|SA_RESTART|SA_SIGINFO, sa_restorer=0x7ffadf5dc890}, NULL, 8) = 0
28897 rt_sigaction(SIGABRT, NULL, {sa_handler=SIG_DFL, sa_mask=[], sa_flags=0}, 8) = 0
28897 rt_sigaction(SIGABRT, {sa_handler=0x459040, sa_mask=~[], sa_flags=SA_RESTORER|SA_ONSTACK|SA_RESTART|SA_SIGINFO, sa_restorer=0x7ffadf5dc890}, NULL, 8) = 0
28897 rt_sigaction(SIGBUS, NULL, {sa_handler=SIG_DFL, sa_mask=[], sa_flags=0}, 8) = 0
28897 rt_sigaction(SIGBUS, {sa_handler=0x459040, sa_mask=~[], sa_flags=SA_RESTORER|SA_ONSTACK|SA_RESTART|SA_SIGINFO, sa_restorer=0x7ffadf5dc890}, NULL, 8) = 0
28897 rt_sigaction(SIGFPE, NULL, {sa_handler=SIG_DFL, sa_mask=[], sa_flags=0}, 8) = 0
28897 rt_sigaction(SIGFPE, {sa_handler=0x459040, sa_mask=~[], sa_flags=SA_RESTORER|SA_ONSTACK|SA_RESTART|SA_SIGINFO, sa_restorer=0x7ffadf5dc890}, NULL, 8) = 0
28897 rt_sigaction(SIGUSR1, NULL, {sa_handler=SIG_DFL, sa_mask=[], sa_flags=0}, 8) = 0
28897 rt_sigaction(SIGUSR1, {sa_handler=0x459040, sa_mask=~[], sa_flags=SA_RESTORER|SA_ONSTACK|SA_RESTART|SA_SIGINFO, sa_restorer=0x7ffadf5dc890}, NULL, 8) = 0
28897 rt_sigaction(SIGSEGV, NULL, {sa_handler=SIG_DFL, sa_mask=[], sa_flags=0}, 8) = 0
28897 rt_sigaction(SIGSEGV, {sa_handler=0x459040, sa_mask=~[], sa_flags=SA_RESTORER|SA_ONSTACK|SA_RESTART|SA_SIGINFO, sa_restorer=0x7ffadf5dc890}, NULL, 8) = 0
28897 rt_sigaction(SIGUSR2, NULL, {sa_handler=SIG_DFL, sa_mask=[], sa_flags=0}, 8) = 0
28897 rt_sigaction(SIGUSR2, {sa_handler=0x459040, sa_mask=~[], sa_flags=SA_RESTORER|SA_ONSTACK|SA_RESTART|SA_SIGINFO, sa_restorer=0x7ffadf5dc890}, NULL, 8) = 0
28897 rt_sigaction(SIGPIPE, NULL, {sa_handler=SIG_DFL, sa_mask=[], sa_flags=0}, 8) = 0
28897 rt_sigaction(SIGPIPE, {sa_handler=0x459040, sa_mask=~[], sa_flags=SA_RESTORER|SA_ONSTACK|SA_RESTART|SA_SIGINFO, sa_restorer=0x7ffadf5dc890}, NULL, 8) = 0
28897 rt_sigaction(SIGALRM, NULL, {sa_handler=SIG_DFL, sa_mask=[], sa_flags=0}, 8) = 0
28897 rt_sigaction(SIGALRM, {sa_handler=0x459040, sa_mask=~[], sa_flags=SA_RESTORER|SA_ONSTACK|SA_RESTART|SA_SIGINFO, sa_restorer=0x7ffadf5dc890}, NULL, 8) = 0
28897 rt_sigaction(SIGTERM, NULL, {sa_handler=SIG_DFL, sa_mask=[], sa_flags=0}, 8) = 0
28897 rt_sigaction(SIGTERM, {sa_handler=0x459040, sa_mask=~[], sa_flags=SA_RESTORER|SA_ONSTACK|SA_RESTART|SA_SIGINFO, sa_restorer=0x7ffadf5dc890}, NULL, 8) = 0
28897 rt_sigaction(SIGSTKFLT, NULL, {sa_handler=SIG_DFL, sa_mask=[], sa_flags=0}, 8) = 0
28897 rt_sigaction(SIGSTKFLT, {sa_handler=0x459040, sa_mask=~[], sa_flags=SA_RESTORER|SA_ONSTACK|SA_RESTART|SA_SIGINFO, sa_restorer=0x7ffadf5dc890}, NULL, 8) = 0
28897 rt_sigaction(SIGCHLD, NULL, {sa_handler=SIG_DFL, sa_mask=[], sa_flags=0}, 8) = 0
28897 rt_sigaction(SIGCHLD, {sa_handler=0x459040, sa_mask=~[], sa_flags=SA_RESTORER|SA_ONSTACK|SA_RESTART|SA_SIGINFO, sa_restorer=0x7ffadf5dc890}, NULL, 8) = 0
28897 rt_sigaction(SIGURG, NULL, {sa_handler=SIG_DFL, sa_mask=[], sa_flags=0}, 8) = 0
28897 rt_sigaction(SIGURG, {sa_handler=0x459040, sa_mask=~[], sa_flags=SA_RESTORER|SA_ONSTACK|SA_RESTART|SA_SIGINFO, sa_restorer=0x7ffadf5dc890}, NULL, 8) = 0
28897 rt_sigaction(SIGXCPU, NULL, {sa_handler=SIG_DFL, sa_mask=[], sa_flags=0}, 8) = 0
28897 rt_sigaction(SIGXCPU, {sa_handler=0x459040, sa_mask=~[], sa_flags=SA_RESTORER|SA_ONSTACK|SA_RESTART|SA_SIGINFO, sa_restorer=0x7ffadf5dc890}, NULL, 8) = 0
28897 rt_sigaction(SIGXFSZ, NULL, {sa_handler=SIG_DFL, sa_mask=[], sa_flags=0}, 8) = 0
28897 rt_sigaction(SIGXFSZ, {sa_handler=0x459040, sa_mask=~[], sa_flags=SA_RESTORER|SA_ONSTACK|SA_RESTART|SA_SIGINFO, sa_restorer=0x7ffadf5dc890}, NULL, 8) = 0
28897 rt_sigaction(SIGVTALRM, NULL, {sa_handler=SIG_DFL, sa_mask=[], sa_flags=0}, 8) = 0
28897 rt_sigaction(SIGVTALRM, {sa_handler=0x459040, sa_mask=~[], sa_flags=SA_RESTORER|SA_ONSTACK|SA_RESTART|SA_SIGINFO, sa_restorer=0x7ffadf5dc890}, NULL, 8) = 0
28897 rt_sigaction(SIGPROF, NULL, {sa_handler=SIG_DFL, sa_mask=[], sa_flags=0}, 8) = 0
28897 rt_sigaction(SIGPROF, {sa_handler=0x459040, sa_mask=~[], sa_flags=SA_RESTORER|SA_ONSTACK|SA_RESTART|SA_SIGINFO, sa_restorer=0x7ffadf5dc890}, NULL, 8) = 0
28897 rt_sigaction(SIGWINCH, NULL, {sa_handler=SIG_DFL, sa_mask=[], sa_flags=0}, 8) = 0
28897 rt_sigaction(SIGWINCH, {sa_handler=0x459040, sa_mask=~[], sa_flags=SA_RESTORER|SA_ONSTACK|SA_RESTART|SA_SIGINFO, sa_restorer=0x7ffadf5dc890}, NULL, 8) = 0
28897 rt_sigaction(SIGIO, NULL, {sa_handler=SIG_DFL, sa_mask=[], sa_flags=0}, 8) = 0
28897 rt_sigaction(SIGIO, {sa_handler=0x459040, sa_mask=~[], sa_flags=SA_RESTORER|SA_ONSTACK|SA_RESTART|SA_SIGINFO, sa_restorer=0x7ffadf5dc890}, NULL, 8) = 0
28897 rt_sigaction(SIGPWR, NULL, {sa_handler=SIG_DFL, sa_mask=[], sa_flags=0}, 8) = 0
28897 rt_sigaction(SIGPWR, {sa_handler=0x459040, sa_mask=~[], sa_flags=SA_RESTORER|SA_ONSTACK|SA_RESTART|SA_SIGINFO, sa_restorer=0x7ffadf5dc890}, NULL, 8) = 0
28897 rt_sigaction(SIGSYS, NULL, {sa_handler=SIG_DFL, sa_mask=[], sa_flags=0}, 8) = 0
28897 rt_sigaction(SIGSYS, {sa_handler=0x459040, sa_mask=~[], sa_flags=SA_RESTORER|SA_ONSTACK|SA_RESTART|SA_SIGINFO, sa_restorer=0x7ffadf5dc890}, NULL, 8) = 0
28897 rt_sigaction(SIGRTMIN, NULL, {sa_handler=0x7ffadf5cfcb0, sa_mask=[], sa_flags=SA_RESTORER|SA_SIGINFO, sa_restorer=0x7ffadf5dc890}, 8) = 0
28897 rt_sigaction(SIGRTMIN, NULL, {sa_handler=0x7ffadf5cfcb0, sa_mask=[], sa_flags=SA_RESTORER|SA_SIGINFO, sa_restorer=0x7ffadf5dc890}, 8) = 0
28897 rt_sigaction(SIGRTMIN, {sa_handler=0x7ffadf5cfcb0, sa_mask=[], sa_flags=SA_RESTORER|SA_ONSTACK|SA_SIGINFO, sa_restorer=0x7ffadf5dc890}, NULL, 8) = 0
28897 rt_sigaction(SIGRT_1, NULL, {sa_handler=0x7ffadf5cfd50, sa_mask=[], sa_flags=SA_RESTORER|SA_RESTART|SA_SIGINFO, sa_restorer=0x7ffadf5dc890}, 8) = 0
28897 rt_sigaction(SIGRT_1, NULL, {sa_handler=0x7ffadf5cfd50, sa_mask=[], sa_flags=SA_RESTORER|SA_RESTART|SA_SIGINFO, sa_restorer=0x7ffadf5dc890}, 8) = 0
28897 rt_sigaction(SIGRT_1, {sa_handler=0x7ffadf5cfd50, sa_mask=[], sa_flags=SA_RESTORER|SA_ONSTACK|SA_RESTART|SA_SIGINFO, sa_restorer=0x7ffadf5dc890}, NULL, 8) = 0
28897 rt_sigaction(SIGRT_2, NULL, {sa_handler=SIG_DFL, sa_mask=[], sa_flags=0}, 8) = 0
28897 rt_sigaction(SIGRT_2, {sa_handler=0x459040, sa_mask=~[], sa_flags=SA_RESTORER|SA_ONSTACK|SA_RESTART|SA_SIGINFO, sa_restorer=0x7ffadf5dc890}, NULL, 8) = 0
28897 rt_sigaction(SIGRT_3, NULL, {sa_handler=SIG_DFL, sa_mask=[], sa_flags=0}, 8) = 0
28897 rt_sigaction(SIGRT_3, {sa_handler=0x459040, sa_mask=~[], sa_flags=SA_RESTORER|SA_ONSTACK|SA_RESTART|SA_SIGINFO, sa_restorer=0x7ffadf5dc890}, NULL, 8) = 0
28897 rt_sigaction(SIGRT_4, NULL, {sa_handler=SIG_DFL, sa_mask=[], sa_flags=0}, 8) = 0
28897 rt_sigaction(SIGRT_4, {sa_handler=0x459040, sa_mask=~[], sa_flags=SA_RESTORER|SA_ONSTACK|SA_RESTART|SA_SIGINFO, sa_restorer=0x7ffadf5dc890}, NULL, 8) = 0
28897 rt_sigaction(SIGRT_5, NULL, {sa_handler=SIG_DFL, sa_mask=[], sa_flags=0}, 8) = 0
28897 rt_sigaction(SIGRT_5, {sa_handler=0x459040, sa_mask=~[], sa_flags=SA_RESTORER|SA_ONSTACK|SA_RESTART|SA_SIGINFO, sa_restorer=0x7ffadf5dc890}, NULL, 8) = 0
28897 rt_sigaction(SIGRT_6, NULL, {sa_handler=SIG_DFL, sa_mask=[], sa_flags=0}, 8) = 0
28897 rt_sigaction(SIGRT_6, {sa_handler=0x459040, sa_mask=~[], sa_flags=SA_RESTORER|SA_ONSTACK|SA_RESTART|SA_SIGINFO, sa_restorer=0x7ffadf5dc890}, NULL, 8) = 0
28897 rt_sigaction(SIGRT_7, NULL, {sa_handler=SIG_DFL, sa_mask=[], sa_flags=0}, 8) = 0
28897 rt_sigaction(SIGRT_7, {sa_handler=0x459040, sa_mask=~[], sa_flags=SA_RESTORER|SA_ONSTACK|SA_RESTART|SA_SIGINFO, sa_restorer=0x7ffadf5dc890}, NULL, 8) = 0
28897 rt_sigaction(SIGRT_8, NULL, {sa_handler=SIG_DFL, sa_mask=[], sa_flags=0}, 8) = 0
28897 rt_sigaction(SIGRT_8, {sa_handler=0x459040, sa_mask=~[], sa_flags=SA_RESTORER|SA_ONSTACK|SA_RESTART|SA_SIGINFO, sa_restorer=0x7ffadf5dc890}, NULL, 8) = 0
28897 rt_sigaction(SIGRT_9, NULL, {sa_handler=SIG_DFL, sa_mask=[], sa_flags=0}, 8) = 0
28897 rt_sigaction(SIGRT_9, {sa_handler=0x459040, sa_mask=~[], sa_flags=SA_RESTORER|SA_ONSTACK|SA_RESTART|SA_SIGINFO, sa_restorer=0x7ffadf5dc890}, NULL, 8) = 0
28897 rt_sigaction(SIGRT_10, NULL, {sa_handler=SIG_DFL, sa_mask=[], sa_flags=0}, 8) = 0
28897 rt_sigaction(SIGRT_10, {sa_handler=0x459040, sa_mask=~[], sa_flags=SA_RESTORER|SA_ONSTACK|SA_RESTART|SA_SIGINFO, sa_restorer=0x7ffadf5dc890}, NULL, 8) = 0
28897 rt_sigaction(SIGRT_11, NULL, {sa_handler=SIG_DFL, sa_mask=[], sa_flags=0}, 8) = 0
28897 rt_sigaction(SIGRT_11, {sa_handler=0x459040, sa_mask=~[], sa_flags=SA_RESTORER|SA_ONSTACK|SA_RESTART|SA_SIGINFO, sa_restorer=0x7ffadf5dc890}, NULL, 8) = 0
28897 rt_sigaction(SIGRT_12, NULL, {sa_handler=SIG_DFL, sa_mask=[], sa_flags=0}, 8) = 0
28897 rt_sigaction(SIGRT_12, {sa_handler=0x459040, sa_mask=~[], sa_flags=SA_RESTORER|SA_ONSTACK|SA_RESTART|SA_SIGINFO, sa_restorer=0x7ffadf5dc890}, NULL, 8) = 0
28897 rt_sigaction(SIGRT_13, NULL, {sa_handler=SIG_DFL, sa_mask=[], sa_flags=0}, 8) = 0
28897 rt_sigaction(SIGRT_13, {sa_handler=0x459040, sa_mask=~[], sa_flags=SA_RESTORER|SA_ONSTACK|SA_RESTART|SA_SIGINFO, sa_restorer=0x7ffadf5dc890}, NULL, 8) = 0
28897 rt_sigaction(SIGRT_14, NULL, {sa_handler=SIG_DFL, sa_mask=[], sa_flags=0}, 8) = 0
28897 rt_sigaction(SIGRT_14, {sa_handler=0x459040, sa_mask=~[], sa_flags=SA_RESTORER|SA_ONSTACK|SA_RESTART|SA_SIGINFO, sa_restorer=0x7ffadf5dc890}, NULL, 8) = 0
28897 rt_sigaction(SIGRT_15, NULL, {sa_handler=SIG_DFL, sa_mask=[], sa_flags=0}, 8) = 0
28897 rt_sigaction(SIGRT_15, {sa_handler=0x459040, sa_mask=~[], sa_flags=SA_RESTORER|SA_ONSTACK|SA_RESTART|SA_SIGINFO, sa_restorer=0x7ffadf5dc890}, NULL, 8) = 0
28897 rt_sigaction(SIGRT_16, NULL, {sa_handler=SIG_DFL, sa_mask=[], sa_flags=0}, 8) = 0
28897 rt_sigaction(SIGRT_16, {sa_handler=0x459040, sa_mask=~[], sa_flags=SA_RESTORER|SA_ONSTACK|SA_RESTART|SA_SIGINFO, sa_restorer=0x7ffadf5dc890}, NULL, 8) = 0
28897 rt_sigaction(SIGRT_17, NULL, {sa_handler=SIG_DFL, sa_mask=[], sa_flags=0}, 8) = 0
28897 rt_sigaction(SIGRT_17, {sa_handler=0x459040, sa_mask=~[], sa_flags=SA_RESTORER|SA_ONSTACK|SA_RESTART|SA_SIGINFO, sa_restorer=0x7ffadf5dc890}, NULL, 8) = 0
28897 rt_sigaction(SIGRT_18, NULL, {sa_handler=SIG_DFL, sa_mask=[], sa_flags=0}, 8) = 0
28897 rt_sigaction(SIGRT_18, {sa_handler=0x459040, sa_mask=~[], sa_flags=SA_RESTORER|SA_ONSTACK|SA_RESTART|SA_SIGINFO, sa_restorer=0x7ffadf5dc890}, NULL, 8) = 0
28897 rt_sigaction(SIGRT_19, NULL, {sa_handler=SIG_DFL, sa_mask=[], sa_flags=0}, 8) = 0
28897 rt_sigaction(SIGRT_19, {sa_handler=0x459040, sa_mask=~[], sa_flags=SA_RESTORER|SA_ONSTACK|SA_RESTART|SA_SIGINFO, sa_restorer=0x7ffadf5dc890}, NULL, 8) = 0
28897 rt_sigaction(SIGRT_20, NULL, {sa_handler=SIG_DFL, sa_mask=[], sa_flags=0}, 8) = 0
28897 rt_sigaction(SIGRT_20, {sa_handler=0x459040, sa_mask=~[], sa_flags=SA_RESTORER|SA_ONSTACK|SA_RESTART|SA_SIGINFO, sa_restorer=0x7ffadf5dc890}, NULL, 8) = 0
28897 rt_sigaction(SIGRT_21, NULL, {sa_handler=SIG_DFL, sa_mask=[], sa_flags=0}, 8) = 0
28897 rt_sigaction(SIGRT_21, {sa_handler=0x459040, sa_mask=~[], sa_flags=SA_RESTORER|SA_ONSTACK|SA_RESTART|SA_SIGINFO, sa_restorer=0x7ffadf5dc890}, NULL, 8) = 0
28897 rt_sigaction(SIGRT_22, NULL, {sa_handler=SIG_DFL, sa_mask=[], sa_flags=0}, 8) = 0
28897 rt_sigaction(SIGRT_22, {sa_handler=0x459040, sa_mask=~[], sa_flags=SA_RESTORER|SA_ONSTACK|SA_RESTART|SA_SIGINFO, sa_restorer=0x7ffadf5dc890}, NULL, 8) = 0
28897 rt_sigaction(SIGRT_23, NULL, {sa_handler=SIG_DFL, sa_mask=[], sa_flags=0}, 8) = 0
28897 rt_sigaction(SIGRT_23, {sa_handler=0x459040, sa_mask=~[], sa_flags=SA_RESTORER|SA_ONSTACK|SA_RESTART|SA_SIGINFO, sa_restorer=0x7ffadf5dc890}, NULL, 8) = 0
28897 rt_sigaction(SIGRT_24, NULL, {sa_handler=SIG_DFL, sa_mask=[], sa_flags=0}, 8) = 0
28897 rt_sigaction(SIGRT_24, {sa_handler=0x459040, sa_mask=~[], sa_flags=SA_RESTORER|SA_ONSTACK|SA_RESTART|SA_SIGINFO, sa_restorer=0x7ffadf5dc890}, NULL, 8) = 0
28897 rt_sigaction(SIGRT_25, NULL, {sa_handler=SIG_DFL, sa_mask=[], sa_flags=0}, 8) = 0
28897 rt_sigaction(SIGRT_25, {sa_handler=0x459040, sa_mask=~[], sa_flags=SA_RESTORER|SA_ONSTACK|SA_RESTART|SA_SIGINFO, sa_restorer=0x7ffadf5dc890}, NULL, 8) = 0
28897 rt_sigaction(SIGRT_26, NULL, {sa_handler=SIG_DFL, sa_mask=[], sa_flags=0}, 8) = 0
28897 rt_sigaction(SIGRT_26, {sa_handler=0x459040, sa_mask=~[], sa_flags=SA_RESTORER|SA_ONSTACK|SA_RESTART|SA_SIGINFO, sa_restorer=0x7ffadf5dc890}, NULL, 8) = 0
28897 rt_sigaction(SIGRT_27, NULL, {sa_handler=SIG_DFL, sa_mask=[], sa_flags=0}, 8) = 0
28897 rt_sigaction(SIGRT_27, {sa_handler=0x459040, sa_mask=~[], sa_flags=SA_RESTORER|SA_ONSTACK|SA_RESTART|SA_SIGINFO, sa_restorer=0x7ffadf5dc890}, NULL, 8) = 0
28897 rt_sigaction(SIGRT_28, NULL, {sa_handler=SIG_DFL, sa_mask=[], sa_flags=0}, 8) = 0
28897 rt_sigaction(SIGRT_28, {sa_handler=0x459040, sa_mask=~[], sa_flags=SA_RESTORER|SA_ONSTACK|SA_RESTART|SA_SIGINFO, sa_restorer=0x7ffadf5dc890}, NULL, 8) = 0
28897 rt_sigaction(SIGRT_29, NULL, {sa_handler=SIG_DFL, sa_mask=[], sa_flags=0}, 8) = 0
28897 rt_sigaction(SIGRT_29, {sa_handler=0x459040, sa_mask=~[], sa_flags=SA_RESTORER|SA_ONSTACK|SA_RESTART|SA_SIGINFO, sa_restorer=0x7ffadf5dc890}, NULL, 8) = 0
28897 rt_sigaction(SIGRT_30, NULL, {sa_handler=SIG_DFL, sa_mask=[], sa_flags=0}, 8) = 0
28897 rt_sigaction(SIGRT_30, {sa_handler=0x459040, sa_mask=~[], sa_flags=SA_RESTORER|SA_ONSTACK|SA_RESTART|SA_SIGINFO, sa_restorer=0x7ffadf5dc890}, NULL, 8) = 0
28897 rt_sigaction(SIGRT_31, NULL, {sa_handler=SIG_DFL, sa_mask=[], sa_flags=0}, 8) = 0
28897 rt_sigaction(SIGRT_31, {sa_handler=0x459040, sa_mask=~[], sa_flags=SA_RESTORER|SA_ONSTACK|SA_RESTART|SA_SIGINFO, sa_restorer=0x7ffadf5dc890}, NULL, 8) = 0
28897 rt_sigaction(SIGRT_32, NULL, {sa_handler=SIG_DFL, sa_mask=[], sa_flags=0}, 8) = 0
28897 rt_sigaction(SIGRT_32, {sa_handler=0x459040, sa_mask=~[], sa_flags=SA_RESTORER|SA_ONSTACK|SA_RESTART|SA_SIGINFO, sa_restorer=0x7ffadf5dc890}, NULL, 8) = 0
28897 rt_sigprocmask(SIG_SETMASK, ~[RTMIN RT_1], [], 8) = 0
28897 mmap(NULL, 8392704, PROT_NONE, MAP_PRIVATE|MAP_ANONYMOUS|MAP_STACK, -1, 0) = 0x7ffadc7c7000
28897 mprotect(0x7ffadc7c8000, 8388608, PROT_READ|PROT_WRITE) = 0
28897 clone(child_stack=0x7ffadcfc6fb0, flags=CLONE_VM|CLONE_FS|CLONE_FILES|CLONE_SIGHAND|CLONE_THREAD|CLONE_SYSVSEM|CLONE_SETTLS|CLONE_PARENT_SETTID|CLONE_CHILD_CLEARTID, parent_tidptr=0x7ffadcfc79d0, tls=0x7ffadcfc7700, child_tidptr=0x7ffadcfc79d0) = 28898
28897 rt_sigprocmask(SIG_SETMASK, [], NULL, 8) = 0
28897 rt_sigprocmask(SIG_SETMASK, ~[RTMIN RT_1], [], 8) = 0
28897 mmap(NULL, 8392704, PROT_NONE, MAP_PRIVATE|MAP_ANONYMOUS|MAP_STACK, -1, 0) = 0x7ffadbfc6000
28897 mprotect(0x7ffadbfc7000, 8388608, PROT_READ|PROT_WRITE) = 0
28897 clone(child_stack=0x7ffadc7c5fb0, flags=CLONE_VM|CLONE_FS|CLONE_FILES|CLONE_SIGHAND|CLONE_THREAD|CLONE_SYSVSEM|CLONE_SETTLS|CLONE_PARENT_SETTID|CLONE_CHILD_CLEARTID, parent_tidptr=0x7ffadc7c69d0, tls=0x7ffadc7c6700, child_tidptr=0x7ffadc7c69d0) = 28899
28897 rt_sigprocmask(SIG_SETMASK, [], NULL, 8) = 0
28897 rt_sigprocmask(SIG_SETMASK, ~[RTMIN RT_1], [], 8) = 0
28897 mmap(NULL, 8392704, PROT_NONE, MAP_PRIVATE|MAP_ANONYMOUS|MAP_STACK, -1, 0) = 0x7ffadb7c5000
28897 mprotect(0x7ffadb7c6000, 8388608, PROT_READ|PROT_WRITE) = 0
28897 clone(child_stack=0x7ffadbfc4fb0, flags=CLONE_VM|CLONE_FS|CLONE_FILES|CLONE_SIGHAND|CLONE_THREAD|CLONE_SYSVSEM|CLONE_SETTLS|CLONE_PARENT_SETTID|CLONE_CHILD_CLEARTID, parent_tidptr=0x7ffadbfc59d0, tls=0x7ffadbfc5700, child_tidptr=0x7ffadbfc59d0) = 28900
28897 rt_sigprocmask(SIG_SETMASK, [], NULL, 8) = 0
28897 futex(0x6199e8, FUTEX_WAIT_PRIVATE, 0, NULL <unfinished ...>
28899 set_robust_list(0x7ffadc7c69e0, 24 <unfinished ...>
28900 set_robust_list(0x7ffadbfc59e0, 24 <unfinished ...>
28898 set_robust_list(0x7ffadcfc79e0, 24 <unfinished ...>
28900 <... set_robust_list resumed> )   = 0
28899 <... set_robust_list resumed> )   = 0
28900 mmap(NULL, 134217728, PROT_NONE, MAP_PRIVATE|MAP_ANONYMOUS|MAP_NORESERVE, -1, 0 <unfinished ...>
28899 mmap(NULL, 134217728, PROT_NONE, MAP_PRIVATE|MAP_ANONYMOUS|MAP_NORESERVE, -1, 0 <unfinished ...>
28900 <... mmap resumed> )              = 0x7ffad37c5000
28899 <... mmap resumed> )              = 0x7ffacb7c5000
28900 munmap(0x7ffad37c5000, 8630272 <unfinished ...>
28899 munmap(0x7ffacb7c5000, 8630272 <unfinished ...>
28898 <... set_robust_list resumed> )   = 0
28900 <... munmap resumed> )            = 0
28899 <... munmap resumed> )            = 0
28898 mmap(NULL, 134217728, PROT_NONE, MAP_PRIVATE|MAP_ANONYMOUS|MAP_NORESERVE, -1, 0 <unfinished ...>
28900 munmap(0x7ffad8000000, 58478592 <unfinished ...>
28899 munmap(0x7ffad0000000, 58478592 <unfinished ...>
28898 <... mmap resumed> )              = 0x7ffac4000000
28900 <... munmap resumed> )            = 0
28899 <... munmap resumed> )            = 0
28898 munmap(0x7ffac8000000, 67108864 <unfinished ...>
28900 mprotect(0x7ffad4000000, 135168, PROT_READ|PROT_WRITE <unfinished ...>
28899 mprotect(0x7ffacc000000, 135168, PROT_READ|PROT_WRITE <unfinished ...>
28898 <... munmap resumed> )            = 0
28900 <... mprotect resumed> )          = 0
28899 <... mprotect resumed> )          = 0
28898 mprotect(0x7ffac4000000, 135168, PROT_READ|PROT_WRITE <unfinished ...>
28900 sigaltstack(NULL,  <unfinished ...>
28899 sigaltstack(NULL,  <unfinished ...>
28898 <... mprotect resumed> )          = 0
28900 <... sigaltstack resumed> {ss_sp=NULL, ss_flags=SS_DISABLE, ss_size=0}) = 0
28899 <... sigaltstack resumed> {ss_sp=NULL, ss_flags=SS_DISABLE, ss_size=0}) = 0
28898 sigaltstack(NULL,  <unfinished ...>
28900 sigaltstack({ss_sp=0xc000064000, ss_flags=0, ss_size=32768},  <unfinished ...>
28899 sigaltstack({ss_sp=0xc000056000, ss_flags=0, ss_size=32768},  <unfinished ...>
28898 <... sigaltstack resumed> {ss_sp=NULL, ss_flags=SS_DISABLE, ss_size=0}) = 0
28900 <... sigaltstack resumed> NULL)   = 0
28899 <... sigaltstack resumed> NULL)   = 0
28900 rt_sigprocmask(SIG_SETMASK, [],  <unfinished ...>
28899 rt_sigprocmask(SIG_SETMASK, [],  <unfinished ...>
28898 sigaltstack({ss_sp=0xc00004e000, ss_flags=0, ss_size=32768},  <unfinished ...>
28900 <... rt_sigprocmask resumed> NULL, 8) = 0
28899 <... rt_sigprocmask resumed> NULL, 8) = 0
28900 gettid( <unfinished ...>
28899 gettid( <unfinished ...>
28898 <... sigaltstack resumed> NULL)   = 0
28900 <... gettid resumed> )            = 28900
28899 <... gettid resumed> )            = 28899
28898 rt_sigprocmask(SIG_SETMASK, [], NULL, 8) = 0
28900 futex(0xc00003cbc8, FUTEX_WAIT_PRIVATE, 0, NULL <unfinished ...>
28899 futex(0x6199e8, FUTEX_WAKE_PRIVATE, 1 <unfinished ...>
28898 gettid( <unfinished ...>
28897 <... futex resumed> )             = 0
28897 rt_sigprocmask(SIG_SETMASK, ~[RTMIN RT_1], [], 8) = 0
28897 mmap(NULL, 8392704, PROT_NONE, MAP_PRIVATE|MAP_ANONYMOUS|MAP_STACK, -1, 0) = 0x7ffadafc4000
28897 mprotect(0x7ffadafc5000, 8388608, PROT_READ|PROT_WRITE) = 0
28897 clone(child_stack=0x7ffadb7c3fb0, flags=CLONE_VM|CLONE_FS|CLONE_FILES|CLONE_SIGHAND|CLONE_THREAD|CLONE_SYSVSEM|CLONE_SETTLS|CLONE_PARENT_SETTID|CLONE_CHILD_CLEARTID, parent_tidptr=0x7ffadb7c49d0, tls=0x7ffadb7c4700, child_tidptr=0x7ffadb7c49d0) = 28901
28897 rt_sigprocmask(SIG_SETMASK, [], NULL, 8) = 0
28899 <... futex resumed> )             = 1
28901 set_robust_list(0x7ffadb7c49e0, 24 <unfinished ...>
28898 <... gettid resumed> )            = 28898
28897 readlinkat(AT_FDCWD, "/proc/self/exe", "/home/vagrant/go/src/github.com/"..., 128) = 64
28897 fcntl(0, F_GETFL)                 = 0x2 (flags O_RDWR)
28901 <... set_robust_list resumed> )   = 0
28897 futex(0xc00003c848, FUTEX_WAKE_PRIVATE, 1) = 0
28897 mmap(NULL, 262144, PROT_READ|PROT_WRITE, MAP_PRIVATE|MAP_ANONYMOUS, -1, 0) = 0x7ffadf964000
28897 fcntl(1, F_GETFL)                 = 0x2 (flags O_RDWR)
28897 fcntl(2, F_GETFL)                 = 0x2 (flags O_RDWR)
28901 mmap(0x7ffac8000000, 67108864, PROT_NONE, MAP_PRIVATE|MAP_ANONYMOUS|MAP_NORESERVE, -1, 0 <unfinished ...>
28899 futex(0xc00003c848, FUTEX_WAIT_PRIVATE, 0, NULL <unfinished ...>
28898 nanosleep({tv_sec=0, tv_nsec=20000},  <unfinished ...>
28897 openat(AT_FDCWD, "/etc//localtime", O_RDONLY) = 3
28897 read(3, "TZif2\0\0\0\0\0\0\0\0\0\0\0\0\0\0\0\0\0\0\1\0\0\0\1\0\0\0\0"..., 4096) = 127
28897 read(3, "", 4096)                 = 0
28897 close(3)                          = 0
28897 write(2, "2019/09/11 13:46:17 Listening on"..., 44) = 44
28897 socket(AF_INET6, SOCK_STREAM|SOCK_CLOEXEC|SOCK_NONBLOCK, IPPROTO_IP) = 3
28897 setsockopt(3, SOL_IPV6, IPV6_V6ONLY, [1], 4) = 0
28897 setsockopt(3, SOL_SOCKET, SO_BROADCAST, [1], 4) = 0
28897 openat(AT_FDCWD, "/proc/sys/net/core/somaxconn", O_RDONLY|O_CLOEXEC) = 4
28897 epoll_create1(EPOLL_CLOEXEC)      = 5
28897 epoll_ctl(5, EPOLL_CTL_ADD, 4, {EPOLLIN|EPOLLOUT|EPOLLRDHUP|EPOLLET, {u32=3751186232, u64=140715469737784}}) = 0
28897 fcntl(4, F_GETFL)                 = 0x8000 (flags O_RDONLY|O_LARGEFILE)
28897 fcntl(4, F_SETFL, O_RDONLY|O_NONBLOCK|O_LARGEFILE) = 0
28897 read(4, "128\n", 65536)           = 4
28897 read(4, "", 65532)                = 0
28897 epoll_ctl(5, EPOLL_CTL_DEL, 4, 0xc0000afa64) = 0
28897 close(4)                          = 0
28897 setsockopt(3, SOL_SOCKET, SO_REUSEADDR, [1], 4) = 0
28897 bind(3, {sa_family=AF_INET6, sin6_port=htons(8080), inet_pton(AF_INET6, "::1", &sin6_addr), sin6_flowinfo=htonl(0), sin6_scope_id=0}, 28) = 0
28897 listen(3, 128)                    = 0
28897 epoll_ctl(5, EPOLL_CTL_ADD, 3, {EPOLLIN|EPOLLOUT|EPOLLRDHUP|EPOLLET, {u32=3751186232, u64=140715469737784}}) = 0
28897 getsockname(3, {sa_family=AF_INET6, sin6_port=htons(8080), inet_pton(AF_INET6, "::1", &sin6_addr), sin6_flowinfo=htonl(0), sin6_scope_id=0}, [112->28]) = 0
28901 <... mmap resumed> )              = 0x7ffac8000000
28897 epoll_ctl(5, EPOLL_CTL_DEL, 3, 0xc0000afdec) = 0
28897 close(3)                          = 0
28897 exit_group(0)                     = ?
28900 <... futex resumed>)              = ?
28901 +++ exited with 0 +++
28900 +++ exited with 0 +++
28899 <... futex resumed>)              = ?
28898 <... nanosleep resumed> <unfinished ...>) = ?
28899 +++ exited with 0 +++
28898 +++ exited with 0 +++
28897 +++ exited with 0 +++
